I tensorflow/stream_executor/dso_loader.cc:135] successfully opened CUDA library libcublas.so.8.0 locally
I tensorflow/stream_executor/dso_loader.cc:135] successfully opened CUDA library libcudnn.so.5 locally
I tensorflow/stream_executor/dso_loader.cc:135] successfully opened CUDA library libcufft.so.8.0 locally
I tensorflow/stream_executor/dso_loader.cc:135] successfully opened CUDA library libcuda.so.1 locally
I tensorflow/stream_executor/dso_loader.cc:135] successfully opened CUDA library libcurand.so.8.0 locally
/home/03858/kk28695/.local/lib/python3.5/site-packages/skvideo/__init__.py:356: UserWarning: avconv/avprobe not found in path: 
  warnings.warn("avconv/avprobe not found in path: " + str(path), UserWarning)
23:46:48 : Args:  Namespace(augment=True, batch_size=16, class_difficulty='all', controller_type='vgg19', data_dir='../../images_background', dataset_type='kinetics_dynamic', debug=True, image_height=64, image_width=64, label_type='one_hot', learning_rate=0.001, memory_size=128, memory_vector_dim=40, mode='train', model='MANN', model_save_freq=500, model_saver=False, n_classes=5, n_test_classes=423, n_train_classes=1200, num_epoches=1000, optimizer='adam', read_head_num=4, restore_training=False, rnn_num_layers=1, rnn_size=200, sample_nframes=64, save_dir='job_outputs/experiments', seq_length=35, serialize=True, shift_range=1, summary_writer=True, tensorboard_dir='./summary/one_shot_learning', test_batch_num=100, tf_debug_flag=False, use_pretrained=True, use_subset_classes=True, validation_freq=25, write_head_num=1)
23:46:48 : controller:vgg19_dataset:kinetics_dynamic_nclasses:5_seqlength:35_pretrained:True_classdifficulty:all
23:46:48 : Loading in Model
23:46:48 : Creating Placeholders
23:46:48 : Creating Cells
23:46:54 : Looping through seq
23:46:54 : Seq: [0] Passing data into the cell
23:46:55 : Seq: [1] Passing data into the cell
23:46:55 : Seq: [2] Passing data into the cell
23:46:56 : Seq: [3] Passing data into the cell
23:46:56 : Seq: [4] Passing data into the cell
23:46:57 : Seq: [5] Passing data into the cell
23:46:57 : Seq: [6] Passing data into the cell
23:46:58 : Seq: [7] Passing data into the cell
23:46:58 : Seq: [8] Passing data into the cell
23:46:59 : Seq: [9] Passing data into the cell
23:46:59 : Seq: [10] Passing data into the cell
23:47:00 : Seq: [11] Passing data into the cell
23:47:00 : Seq: [12] Passing data into the cell
23:47:01 : Seq: [13] Passing data into the cell
23:47:01 : Seq: [14] Passing data into the cell
23:47:01 : Seq: [15] Passing data into the cell
23:47:02 : Seq: [16] Passing data into the cell
23:47:03 : Seq: [17] Passing data into the cell
23:47:03 : Seq: [18] Passing data into the cell
23:47:04 : Seq: [19] Passing data into the cell
23:47:04 : Seq: [20] Passing data into the cell
23:47:05 : Seq: [21] Passing data into the cell
23:47:05 : Seq: [22] Passing data into the cell
23:47:06 : Seq: [23] Passing data into the cell
23:47:06 : Seq: [24] Passing data into the cell
23:47:07 : Seq: [25] Passing data into the cell
23:47:07 : Seq: [26] Passing data into the cell
23:47:08 : Seq: [27] Passing data into the cell
23:47:08 : Seq: [28] Passing data into the cell
23:47:09 : Seq: [29] Passing data into the cell
23:47:09 : Seq: [30] Passing data into the cell
23:47:10 : Seq: [31] Passing data into the cell
23:47:10 : Seq: [32] Passing data into the cell
23:47:11 : Seq: [33] Passing data into the cell
23:47:11 : Seq: [34] Passing data into the cell
23:47:12 : Defining Loss
23:47:12 : Total number of variables used  21803457
23:47:12 : Defining optimizer
23:48:19 : Finished Definining Model
23:48:19 : Loading Data
23:48:25 : Starting Session
I tensorflow/core/common_runtime/gpu/gpu_device.cc:885] Found device 0 with properties: 
name: Tesla K40m
major: 3 minor: 5 memoryClockRate (GHz) 0.745
pciBusID 0000:08:00.0
Total memory: 11.17GiB
Free memory: 11.10GiB
I tensorflow/core/common_runtime/gpu/gpu_device.cc:906] DMA: 0 
I tensorflow/core/common_runtime/gpu/gpu_device.cc:916] 0:   Y 
I tensorflow/core/common_runtime/gpu/gpu_device.cc:975] Creating TensorFlow device (/gpu:0) -> (device: 0, name: Tesla K40m, pci bus id: 0000:08:00.0)
23:48:26 : Started Session
I tensorflow/compiler/xla/service/platform_util.cc:58] platform CUDA present with 1 visible devices
I tensorflow/compiler/xla/service/platform_util.cc:58] platform Host present with 20 visible devices
I tensorflow/compiler/xla/service/service.cc:180] XLA service executing computations on platform Host. Devices:
I tensorflow/compiler/xla/service/service.cc:187]   StreamExecutor device (0): <undefined>, <undefined>
I tensorflow/compiler/xla/service/platform_util.cc:58] platform CUDA present with 1 visible devices
I tensorflow/compiler/xla/service/platform_util.cc:58] platform Host present with 20 visible devices
I tensorflow/compiler/xla/service/service.cc:180] XLA service executing computations on platform CUDA. Devices:
I tensorflow/compiler/xla/service/service.cc:187]   StreamExecutor device (0): Tesla K40m, Compute Capability 3.5
23:48:55 : Finished Initialization
23:50:32 : Train Writer Finished
23:50:32 : Namespace(augment=True, batch_size=16, class_difficulty='all', controller_type='vgg19', data_dir='../../images_background', dataset_type='kinetics_dynamic', debug=True, image_height=64, image_width=64, label_type='one_hot', learning_rate=0.001, memory_size=128, memory_vector_dim=40, mode='train', model='MANN', model_save_freq=500, model_saver=False, n_classes=5, n_test_classes=423, n_train_classes=1200, num_epoches=1000, optimizer='adam', output_dim=5, read_head_num=4, restore_training=False, rnn_num_layers=1, rnn_size=200, sample_nframes=64, save_dir='job_outputs/experiments', seq_length=35, serialize=True, shift_range=1, summary_writer=True, tensorboard_dir='./summary/one_shot_learning', test_batch_num=100, tf_debug_flag=False, use_pretrained=True, use_subset_classes=True, validation_freq=25, write_head_num=1)
23:50:32 : 1st	2nd	3rd	4th	5th	6th	7th	8th	9th	10th	batch	loss
23:50:42 :	0.2250	0.1899	0.1842	0.1892	0.1739	0.1833	0.2041	
23:50:42 :	80.0000	79.0000	76.0000	74.0000	69.0000	60.0000	49.0000	0	55.1610
23:50:42 : [0] Fetch Batch
23:50:44 : [0] Run Sess
23:50:55 : [0] Learning Loss: 54.431
23:50:55 : [1] Fetch Batch
23:50:56 : [1] Run Sess
23:51:02 : [1] Learning Loss: 58.767
23:51:02 : [2] Fetch Batch
23:51:04 : [2] Run Sess
23:51:10 : [2] Learning Loss: 67.681
23:51:10 : [3] Fetch Batch
23:51:11 : [3] Run Sess
23:51:17 : [3] Learning Loss: 53.678
23:51:17 : [4] Fetch Batch
23:51:18 : [4] Run Sess
23:51:24 : [4] Learning Loss: 61.248
23:51:24 : [5] Fetch Batch
23:51:26 : [5] Run Sess
23:51:32 : [5] Learning Loss: 65.792
23:51:32 : [6] Fetch Batch
23:51:34 : [6] Run Sess
23:51:40 : [6] Learning Loss: 59.244
23:51:40 : [7] Fetch Batch
23:51:42 : [7] Run Sess
23:51:47 : [7] Learning Loss: 58.741
23:51:47 : [8] Fetch Batch
23:51:49 : [8] Run Sess
23:51:55 : [8] Learning Loss: 56.927
23:51:55 : [9] Fetch Batch
23:51:56 : [9] Run Sess
23:52:02 : [9] Learning Loss: 59.534
23:52:02 : [10] Fetch Batch
23:52:04 : [10] Run Sess
23:52:09 : [10] Learning Loss: 60.151
23:52:09 : [11] Fetch Batch
23:52:11 : [11] Run Sess
23:52:16 : [11] Learning Loss: 58.781
23:52:16 : [12] Fetch Batch
23:52:18 : [12] Run Sess
23:52:24 : [12] Learning Loss: 54.936
23:52:24 : [13] Fetch Batch
23:52:25 : [13] Run Sess
23:52:31 : [13] Learning Loss: 55.560
23:52:31 : [14] Fetch Batch
23:52:32 : [14] Run Sess
23:52:38 : [14] Learning Loss: 55.702
23:52:38 : [15] Fetch Batch
23:52:40 : [15] Run Sess
23:52:45 : [15] Learning Loss: 56.211
23:52:45 : [16] Fetch Batch
23:52:47 : [16] Run Sess
23:52:53 : [16] Learning Loss: 58.906
23:52:53 : [17] Fetch Batch
23:52:54 : [17] Run Sess
23:53:00 : [17] Learning Loss: 55.715
23:53:00 : [18] Fetch Batch
23:53:01 : [18] Run Sess
23:53:07 : [18] Learning Loss: 55.639
23:53:07 : [19] Fetch Batch
23:53:09 : [19] Run Sess
23:53:15 : [19] Learning Loss: 56.543
23:53:15 : [20] Fetch Batch
23:53:16 : [20] Run Sess
23:53:22 : [20] Learning Loss: 55.217
23:53:22 : [21] Fetch Batch
23:53:23 : [21] Run Sess
23:53:29 : [21] Learning Loss: 55.102
23:53:29 : [22] Fetch Batch
23:53:30 : [22] Run Sess
23:53:36 : [22] Learning Loss: 56.785
23:53:36 : [23] Fetch Batch
23:53:38 : [23] Run Sess
23:53:44 : [23] Learning Loss: 56.291
23:53:44 : [24] Fetch Batch
23:53:45 : [24] Run Sess
23:53:51 : [24] Learning Loss: 55.353
23:53:55 :	0.2000	0.1875	0.1875	0.1733	0.1471	0.1525	0.2000	
23:53:55 :	80.0000	80.0000	80.0000	75.0000	68.0000	59.0000	45.0000	25	55.7695
23:53:55 : [25] Fetch Batch
23:53:57 : [25] Run Sess
23:54:02 : [25] Learning Loss: 54.724
23:54:02 : [26] Fetch Batch
23:54:04 : [26] Run Sess
23:54:10 : [26] Learning Loss: 56.747
23:54:10 : [27] Fetch Batch
23:54:11 : [27] Run Sess
23:54:17 : [27] Learning Loss: 54.294
23:54:17 : [28] Fetch Batch
23:54:18 : [28] Run Sess
23:54:24 : [28] Learning Loss: 56.480
23:54:24 : [29] Fetch Batch
23:54:26 : [29] Run Sess
23:54:31 : [29] Learning Loss: 54.916
23:54:31 : [30] Fetch Batch
23:54:32 : [30] Run Sess
23:54:38 : [30] Learning Loss: 55.679
23:54:38 : [31] Fetch Batch
23:54:39 : [31] Run Sess
23:54:45 : [31] Learning Loss: 58.602
23:54:45 : [32] Fetch Batch
23:54:46 : [32] Run Sess
23:54:52 : [32] Learning Loss: 55.574
23:54:52 : [33] Fetch Batch
23:54:53 : [33] Run Sess
23:54:59 : [33] Learning Loss: 55.135
23:54:59 : [34] Fetch Batch
23:55:00 : [34] Run Sess
23:55:06 : [34] Learning Loss: 56.605
23:55:06 : [35] Fetch Batch
23:55:07 : [35] Run Sess
23:55:13 : [35] Learning Loss: 54.329
23:55:13 : [36] Fetch Batch
23:55:14 : [36] Run Sess
23:55:20 : [36] Learning Loss: 55.011
23:55:20 : [37] Fetch Batch
23:55:22 : [37] Run Sess
23:55:28 : [37] Learning Loss: 55.162
23:55:28 : [38] Fetch Batch
23:55:29 : [38] Run Sess
23:55:34 : [38] Learning Loss: 56.284
23:55:34 : [39] Fetch Batch
23:55:36 : [39] Run Sess
23:55:42 : [39] Learning Loss: 54.483
23:55:42 : [40] Fetch Batch
23:55:43 : [40] Run Sess
23:55:48 : [40] Learning Loss: 52.822
23:55:48 : [41] Fetch Batch
23:55:50 : [41] Run Sess
23:55:55 : [41] Learning Loss: 56.339
23:55:55 : [42] Fetch Batch
23:55:57 : [42] Run Sess
23:56:02 : [42] Learning Loss: 59.390
23:56:02 : [43] Fetch Batch
23:56:03 : [43] Run Sess
23:56:09 : [43] Learning Loss: 54.866
23:56:09 : [44] Fetch Batch
23:56:10 : [44] Run Sess
23:56:16 : [44] Learning Loss: 54.776
23:56:16 : [45] Fetch Batch
23:56:18 : [45] Run Sess
23:56:23 : [45] Learning Loss: 56.605
23:56:23 : [46] Fetch Batch
23:56:25 : [46] Run Sess
23:56:30 : [46] Learning Loss: 55.117
23:56:30 : [47] Fetch Batch
23:56:31 : [47] Run Sess
23:56:37 : [47] Learning Loss: 53.577
23:56:37 : [48] Fetch Batch
23:56:38 : [48] Run Sess
23:56:44 : [48] Learning Loss: 56.151
23:56:44 : [49] Fetch Batch
23:56:45 : [49] Run Sess
23:56:51 : [49] Learning Loss: 54.256
23:56:56 :	0.2000	0.2051	0.2179	0.2267	0.2063	0.1786	0.1778	
23:56:56 :	80.0000	78.0000	78.0000	75.0000	63.0000	56.0000	45.0000	50	55.9135
23:56:56 : [50] Fetch Batch
23:56:57 : [50] Run Sess
23:57:03 : [50] Learning Loss: 54.761
23:57:03 : [51] Fetch Batch
23:57:04 : [51] Run Sess
23:57:10 : [51] Learning Loss: 53.361
23:57:10 : [52] Fetch Batch
23:57:11 : [52] Run Sess
23:57:17 : [52] Learning Loss: 56.590
23:57:17 : [53] Fetch Batch
23:57:18 : [53] Run Sess
23:57:23 : [53] Learning Loss: 59.031
23:57:23 : [54] Fetch Batch
23:57:24 : [54] Run Sess
23:57:30 : [54] Learning Loss: 56.180
23:57:30 : [55] Fetch Batch
23:57:31 : [55] Run Sess
23:57:37 : [55] Learning Loss: 55.586
23:57:37 : [56] Fetch Batch
23:57:38 : [56] Run Sess
23:57:44 : [56] Learning Loss: 54.507
23:57:44 : [57] Fetch Batch
23:57:45 : [57] Run Sess
23:57:51 : [57] Learning Loss: 54.925
23:57:51 : [58] Fetch Batch
23:57:52 : [58] Run Sess
23:57:58 : [58] Learning Loss: 54.547
23:57:58 : [59] Fetch Batch
23:57:59 : [59] Run Sess
23:58:04 : [59] Learning Loss: 55.305
23:58:04 : [60] Fetch Batch
23:58:06 : [60] Run Sess
23:58:12 : [60] Learning Loss: 54.292
23:58:12 : [61] Fetch Batch
23:58:13 : [61] Run Sess
23:58:19 : [61] Learning Loss: 55.048
23:58:19 : [62] Fetch Batch
23:58:21 : [62] Run Sess
23:58:27 : [62] Learning Loss: 54.659
23:58:27 : [63] Fetch Batch
23:58:28 : [63] Run Sess
23:58:34 : [63] Learning Loss: 56.684
23:58:34 : [64] Fetch Batch
23:58:35 : [64] Run Sess
23:58:40 : [64] Learning Loss: 55.958
23:58:40 : [65] Fetch Batch
23:58:41 : [65] Run Sess
23:58:47 : [65] Learning Loss: 54.000
23:58:47 : [66] Fetch Batch
23:58:48 : [66] Run Sess
23:58:54 : [66] Learning Loss: 55.733
23:58:54 : [67] Fetch Batch
23:58:55 : [67] Run Sess
23:59:01 : [67] Learning Loss: 55.166
23:59:01 : [68] Fetch Batch
23:59:02 : [68] Run Sess
23:59:08 : [68] Learning Loss: 54.523
23:59:08 : [69] Fetch Batch
23:59:09 : [69] Run Sess
23:59:15 : [69] Learning Loss: 54.298
23:59:15 : [70] Fetch Batch
23:59:16 : [70] Run Sess
23:59:22 : [70] Learning Loss: 55.131
23:59:22 : [71] Fetch Batch
23:59:23 : [71] Run Sess
23:59:29 : [71] Learning Loss: 56.380
23:59:29 : [72] Fetch Batch
23:59:30 : [72] Run Sess
23:59:36 : [72] Learning Loss: 54.458
23:59:36 : [73] Fetch Batch
23:59:36 : [73] Run Sess
23:59:42 : [73] Learning Loss: 54.094
23:59:42 : [74] Fetch Batch
23:59:43 : [74] Run Sess
23:59:49 : [74] Learning Loss: 54.811
23:59:53 :	0.2000	0.2000	0.2051	0.2192	0.2388	0.2712	0.2979	
23:59:53 :	80.0000	80.0000	78.0000	73.0000	67.0000	59.0000	47.0000	75	55.2193
23:59:53 : [75] Fetch Batch
23:59:55 : [75] Run Sess
00:00:01 : [75] Learning Loss: 57.028
00:00:01 : [76] Fetch Batch
00:00:04 : [76] Run Sess
00:00:09 : [76] Learning Loss: 54.368
00:00:09 : [77] Fetch Batch
00:00:10 : [77] Run Sess
00:00:16 : [77] Learning Loss: 55.058
00:00:16 : [78] Fetch Batch
00:00:17 : [78] Run Sess
00:00:23 : [78] Learning Loss: 57.113
00:00:23 : [79] Fetch Batch
00:00:24 : [79] Run Sess
00:00:30 : [79] Learning Loss: 55.382
00:00:30 : [80] Fetch Batch
00:00:31 : [80] Run Sess
00:00:37 : [80] Learning Loss: 56.164
00:00:37 : [81] Fetch Batch
00:00:37 : [81] Run Sess
00:00:43 : [81] Learning Loss: 54.766
00:00:43 : [82] Fetch Batch
00:00:44 : [82] Run Sess
00:00:50 : [82] Learning Loss: 55.189
00:00:50 : [83] Fetch Batch
00:00:51 : [83] Run Sess
00:00:57 : [83] Learning Loss: 54.996
00:00:57 : [84] Fetch Batch
00:00:59 : [84] Run Sess
00:01:05 : [84] Learning Loss: 54.931
00:01:05 : [85] Fetch Batch
00:01:06 : [85] Run Sess
00:01:12 : [85] Learning Loss: 54.623
00:01:12 : [86] Fetch Batch
00:01:12 : [86] Run Sess
00:01:18 : [86] Learning Loss: 54.470
00:01:18 : [87] Fetch Batch
00:01:20 : [87] Run Sess
00:01:26 : [87] Learning Loss: 54.839
00:01:26 : [88] Fetch Batch
00:01:28 : [88] Run Sess
00:01:34 : [88] Learning Loss: 54.878
00:01:34 : [89] Fetch Batch
00:01:36 : [89] Run Sess
00:01:41 : [89] Learning Loss: 55.823
00:01:41 : [90] Fetch Batch
00:01:44 : [90] Run Sess
00:01:49 : [90] Learning Loss: 54.084
00:01:49 : [91] Fetch Batch
00:01:51 : [91] Run Sess
00:01:57 : [91] Learning Loss: 54.378
00:01:57 : [92] Fetch Batch
00:01:58 : [92] Run Sess
00:02:04 : [92] Learning Loss: 54.721
00:02:04 : [93] Fetch Batch
00:02:05 : [93] Run Sess
00:02:11 : [93] Learning Loss: 54.925
00:02:11 : [94] Fetch Batch
00:02:13 : [94] Run Sess
00:02:19 : [94] Learning Loss: 54.677
00:02:19 : [95] Fetch Batch
00:02:19 : [95] Run Sess
00:02:25 : [95] Learning Loss: 54.533
00:02:25 : [96] Fetch Batch
00:02:26 : [96] Run Sess
00:02:32 : [96] Learning Loss: 55.403
00:02:32 : [97] Fetch Batch
00:02:34 : [97] Run Sess
00:02:40 : [97] Learning Loss: 54.684
00:02:40 : [98] Fetch Batch
00:02:41 : [98] Run Sess
00:02:47 : [98] Learning Loss: 55.905
00:02:47 : [99] Fetch Batch
00:02:48 : [99] Run Sess
00:02:54 : [99] Learning Loss: 55.075
00:02:58 :	0.2000	0.2000	0.2025	0.2162	0.2000	0.1897	0.1628	
00:02:58 :	80.0000	80.0000	79.0000	74.0000	65.0000	58.0000	43.0000	100	54.6725
00:02:58 : [100] Fetch Batch
00:02:59 : [100] Run Sess
00:03:05 : [100] Learning Loss: 56.776
00:03:05 : [101] Fetch Batch
00:03:06 : [101] Run Sess
00:03:12 : [101] Learning Loss: 53.457
00:03:12 : [102] Fetch Batch
00:03:13 : [102] Run Sess
00:03:19 : [102] Learning Loss: 53.280
00:03:19 : [103] Fetch Batch
00:03:20 : [103] Run Sess
00:03:26 : [103] Learning Loss: 54.743
00:03:26 : [104] Fetch Batch
00:03:27 : [104] Run Sess
00:03:32 : [104] Learning Loss: 55.385
00:03:32 : [105] Fetch Batch
00:03:33 : [105] Run Sess
00:03:39 : [105] Learning Loss: 56.244
00:03:39 : [106] Fetch Batch
00:03:40 : [106] Run Sess
00:03:46 : [106] Learning Loss: 57.210
00:03:46 : [107] Fetch Batch
00:03:47 : [107] Run Sess
00:03:53 : [107] Learning Loss: 54.606
00:03:53 : [108] Fetch Batch
00:03:54 : [108] Run Sess
00:04:00 : [108] Learning Loss: 53.181
00:04:00 : [109] Fetch Batch
00:04:01 : [109] Run Sess
00:04:06 : [109] Learning Loss: 55.020
00:04:06 : [110] Fetch Batch
00:04:07 : [110] Run Sess
00:04:13 : [110] Learning Loss: 55.457
00:04:13 : [111] Fetch Batch
00:04:14 : [111] Run Sess
00:04:20 : [111] Learning Loss: 55.465
00:04:20 : [112] Fetch Batch
00:04:21 : [112] Run Sess
00:04:27 : [112] Learning Loss: 55.743
00:04:27 : [113] Fetch Batch
00:04:28 : [113] Run Sess
00:04:34 : [113] Learning Loss: 54.659
00:04:34 : [114] Fetch Batch
00:04:35 : [114] Run Sess
00:04:41 : [114] Learning Loss: 55.080
00:04:41 : [115] Fetch Batch
00:04:42 : [115] Run Sess
00:04:48 : [115] Learning Loss: 54.255
00:04:48 : [116] Fetch Batch
00:04:49 : [116] Run Sess
00:04:55 : [116] Learning Loss: 54.716
00:04:55 : [117] Fetch Batch
00:04:55 : [117] Run Sess
00:05:01 : [117] Learning Loss: 55.179
00:05:01 : [118] Fetch Batch
00:05:02 : [118] Run Sess
00:05:08 : [118] Learning Loss: 54.572
00:05:08 : [119] Fetch Batch
00:05:09 : [119] Run Sess
00:05:15 : [119] Learning Loss: 54.994
00:05:15 : [120] Fetch Batch
00:05:16 : [120] Run Sess
00:05:22 : [120] Learning Loss: 54.573
00:05:22 : [121] Fetch Batch
00:05:23 : [121] Run Sess
00:05:29 : [121] Learning Loss: 54.301
00:05:29 : [122] Fetch Batch
00:05:30 : [122] Run Sess
00:05:35 : [122] Learning Loss: 54.683
00:05:35 : [123] Fetch Batch
00:05:36 : [123] Run Sess
00:05:42 : [123] Learning Loss: 55.694
00:05:42 : [124] Fetch Batch
00:05:43 : [124] Run Sess
00:05:49 : [124] Learning Loss: 56.684
00:05:53 :	0.0000	0.2250	0.2152	0.3151	0.2794	0.2742	0.2553	
00:05:53 :	80.0000	80.0000	79.0000	73.0000	68.0000	62.0000	47.0000	125	55.0168
00:05:53 : [125] Fetch Batch
00:05:54 : [125] Run Sess
00:06:00 : [125] Learning Loss: 55.833
00:06:00 : [126] Fetch Batch
00:06:01 : [126] Run Sess
00:06:07 : [126] Learning Loss: 54.914
00:06:07 : [127] Fetch Batch
00:06:08 : [127] Run Sess
00:06:14 : [127] Learning Loss: 54.718
00:06:14 : [128] Fetch Batch
00:06:15 : [128] Run Sess
00:06:21 : [128] Learning Loss: 55.485
00:06:21 : [129] Fetch Batch
00:06:22 : [129] Run Sess
00:06:27 : [129] Learning Loss: 54.149
00:06:27 : [130] Fetch Batch
00:06:28 : [130] Run Sess
00:06:34 : [130] Learning Loss: 55.169
00:06:34 : [131] Fetch Batch
00:06:35 : [131] Run Sess
00:06:41 : [131] Learning Loss: 54.183
00:06:41 : [132] Fetch Batch
00:06:42 : [132] Run Sess
00:06:48 : [132] Learning Loss: 55.350
00:06:48 : [133] Fetch Batch
00:06:49 : [133] Run Sess
00:06:55 : [133] Learning Loss: 54.951
00:06:55 : [134] Fetch Batch
00:06:56 : [134] Run Sess
00:07:02 : [134] Learning Loss: 55.565
00:07:02 : [135] Fetch Batch
00:07:03 : [135] Run Sess
00:07:09 : [135] Learning Loss: 56.391
00:07:09 : [136] Fetch Batch
00:07:10 : [136] Run Sess
00:07:15 : [136] Learning Loss: 57.184
00:07:15 : [137] Fetch Batch
00:07:16 : [137] Run Sess
00:07:22 : [137] Learning Loss: 55.270
00:07:22 : [138] Fetch Batch
00:07:23 : [138] Run Sess
00:07:29 : [138] Learning Loss: 55.715
00:07:29 : [139] Fetch Batch
00:07:30 : [139] Run Sess
00:07:36 : [139] Learning Loss: 56.092
00:07:36 : [140] Fetch Batch
00:07:37 : [140] Run Sess
00:07:43 : [140] Learning Loss: 54.231
00:07:43 : [141] Fetch Batch
00:07:44 : [141] Run Sess
00:07:49 : [141] Learning Loss: 55.054
00:07:49 : [142] Fetch Batch
00:07:50 : [142] Run Sess
00:07:56 : [142] Learning Loss: 55.884
00:07:56 : [143] Fetch Batch
00:07:57 : [143] Run Sess
00:08:03 : [143] Learning Loss: 53.801
00:08:03 : [144] Fetch Batch
00:08:04 : [144] Run Sess
00:08:10 : [144] Learning Loss: 54.345
00:08:10 : [145] Fetch Batch
00:08:11 : [145] Run Sess
00:08:17 : [145] Learning Loss: 54.389
00:08:17 : [146] Fetch Batch
00:08:18 : [146] Run Sess
00:08:24 : [146] Learning Loss: 55.437
00:08:24 : [147] Fetch Batch
00:08:24 : [147] Run Sess
00:08:30 : [147] Learning Loss: 55.514
00:08:30 : [148] Fetch Batch
00:08:31 : [148] Run Sess
00:08:37 : [148] Learning Loss: 53.644
00:08:37 : [149] Fetch Batch
00:08:38 : [149] Run Sess
00:08:44 : [149] Learning Loss: 57.011
00:08:48 :	0.2000	0.2000	0.1948	0.1940	0.1774	0.2037	0.2143	
00:08:48 :	80.0000	80.0000	77.0000	67.0000	62.0000	54.0000	42.0000	150	54.2633
00:08:48 : [150] Fetch Batch
00:08:49 : [150] Run Sess
00:08:55 : [150] Learning Loss: 53.988
00:08:55 : [151] Fetch Batch
00:08:56 : [151] Run Sess
00:09:02 : [151] Learning Loss: 55.963
00:09:02 : [152] Fetch Batch
00:09:03 : [152] Run Sess
00:09:09 : [152] Learning Loss: 55.132
00:09:09 : [153] Fetch Batch
00:09:10 : [153] Run Sess
00:09:15 : [153] Learning Loss: 54.340
00:09:15 : [154] Fetch Batch
00:09:16 : [154] Run Sess
00:09:22 : [154] Learning Loss: 55.092
00:09:22 : [155] Fetch Batch
00:09:23 : [155] Run Sess
00:09:29 : [155] Learning Loss: 54.726
00:09:29 : [156] Fetch Batch
00:09:30 : [156] Run Sess
00:09:36 : [156] Learning Loss: 56.031
00:09:36 : [157] Fetch Batch
00:09:37 : [157] Run Sess
00:09:43 : [157] Learning Loss: 54.404
00:09:43 : [158] Fetch Batch
00:09:43 : [158] Run Sess
00:09:49 : [158] Learning Loss: 55.445
00:09:49 : [159] Fetch Batch
00:09:51 : [159] Run Sess
00:09:57 : [159] Learning Loss: 54.305
00:09:57 : [160] Fetch Batch
00:09:58 : [160] Run Sess
00:10:04 : [160] Learning Loss: 54.529
00:10:04 : [161] Fetch Batch
00:10:04 : [161] Run Sess
00:10:10 : [161] Learning Loss: 55.566
00:10:10 : [162] Fetch Batch
00:10:11 : [162] Run Sess
00:10:17 : [162] Learning Loss: 54.940
00:10:17 : [163] Fetch Batch
00:10:18 : [163] Run Sess
00:10:24 : [163] Learning Loss: 54.996
00:10:24 : [164] Fetch Batch
00:10:25 : [164] Run Sess
00:10:31 : [164] Learning Loss: 54.895
00:10:31 : [165] Fetch Batch
00:10:33 : [165] Run Sess
00:10:38 : [165] Learning Loss: 55.769
00:10:38 : [166] Fetch Batch
00:10:39 : [166] Run Sess
00:10:45 : [166] Learning Loss: 55.084
00:10:45 : [167] Fetch Batch
00:10:46 : [167] Run Sess
00:10:52 : [167] Learning Loss: 54.016
00:10:52 : [168] Fetch Batch
00:10:53 : [168] Run Sess
00:10:59 : [168] Learning Loss: 55.672
00:10:59 : [169] Fetch Batch
00:11:00 : [169] Run Sess
00:11:06 : [169] Learning Loss: 55.906
00:11:06 : [170] Fetch Batch
00:11:07 : [170] Run Sess
00:11:13 : [170] Learning Loss: 55.592
00:11:13 : [171] Fetch Batch
00:11:14 : [171] Run Sess
00:11:19 : [171] Learning Loss: 54.137
00:11:19 : [172] Fetch Batch
00:11:20 : [172] Run Sess
00:11:26 : [172] Learning Loss: 55.026
00:11:26 : [173] Fetch Batch
00:11:27 : [173] Run Sess
00:11:33 : [173] Learning Loss: 55.159
00:11:33 : [174] Fetch Batch
00:11:34 : [174] Run Sess
00:11:40 : [174] Learning Loss: 54.605
00:11:44 :	0.1875	0.2250	0.2625	0.2500	0.2000	0.1525	0.1522	
00:11:44 :	80.0000	80.0000	80.0000	76.0000	70.0000	59.0000	46.0000	175	54.7385
00:11:44 : [175] Fetch Batch
00:11:45 : [175] Run Sess
00:11:51 : [175] Learning Loss: 54.855
00:11:51 : [176] Fetch Batch
00:11:52 : [176] Run Sess
00:11:58 : [176] Learning Loss: 54.660
00:11:58 : [177] Fetch Batch
00:11:59 : [177] Run Sess
00:12:05 : [177] Learning Loss: 54.948
00:12:05 : [178] Fetch Batch
00:12:06 : [178] Run Sess
00:12:12 : [178] Learning Loss: 55.227
00:12:12 : [179] Fetch Batch
00:12:13 : [179] Run Sess
00:12:19 : [179] Learning Loss: 54.795
00:12:19 : [180] Fetch Batch
00:12:20 : [180] Run Sess
00:12:26 : [180] Learning Loss: 54.465
00:12:26 : [181] Fetch Batch
00:12:27 : [181] Run Sess
00:12:32 : [181] Learning Loss: 55.539
00:12:32 : [182] Fetch Batch
00:12:34 : [182] Run Sess
00:12:39 : [182] Learning Loss: 54.776
00:12:39 : [183] Fetch Batch
00:12:40 : [183] Run Sess
00:12:46 : [183] Learning Loss: 53.927
00:12:46 : [184] Fetch Batch
00:12:47 : [184] Run Sess
00:12:53 : [184] Learning Loss: 54.668
00:12:53 : [185] Fetch Batch
00:12:54 : [185] Run Sess
00:13:00 : [185] Learning Loss: 54.171
00:13:00 : [186] Fetch Batch
00:13:01 : [186] Run Sess
00:13:06 : [186] Learning Loss: 54.985
00:13:06 : [187] Fetch Batch
00:13:07 : [187] Run Sess
00:13:13 : [187] Learning Loss: 56.314
00:13:13 : [188] Fetch Batch
00:13:14 : [188] Run Sess
00:13:20 : [188] Learning Loss: 55.508
00:13:20 : [189] Fetch Batch
00:13:21 : [189] Run Sess
00:13:27 : [189] Learning Loss: 54.406
00:13:27 : [190] Fetch Batch
00:13:28 : [190] Run Sess
00:13:33 : [190] Learning Loss: 55.683
00:13:33 : [191] Fetch Batch
00:13:34 : [191] Run Sess
00:13:40 : [191] Learning Loss: 56.641
00:13:40 : [192] Fetch Batch
00:13:41 : [192] Run Sess
00:13:47 : [192] Learning Loss: 55.026
00:13:47 : [193] Fetch Batch
00:13:48 : [193] Run Sess
00:13:54 : [193] Learning Loss: 54.406
00:13:54 : [194] Fetch Batch
00:13:55 : [194] Run Sess
00:14:01 : [194] Learning Loss: 54.847
00:14:01 : [195] Fetch Batch
00:14:01 : [195] Run Sess
00:14:07 : [195] Learning Loss: 54.865
00:14:07 : [196] Fetch Batch
00:14:08 : [196] Run Sess
00:14:14 : [196] Learning Loss: 54.205
00:14:14 : [197] Fetch Batch
00:14:15 : [197] Run Sess
00:14:21 : [197] Learning Loss: 54.970
00:14:21 : [198] Fetch Batch
00:14:22 : [198] Run Sess
00:14:28 : [198] Learning Loss: 54.901
00:14:28 : [199] Fetch Batch
00:14:28 : [199] Run Sess
00:14:34 : [199] Learning Loss: 55.908
00:14:39 :	0.2000	0.2025	0.2162	0.2222	0.2353	0.2241	0.2500	
00:14:39 :	80.0000	79.0000	74.0000	72.0000	68.0000	58.0000	44.0000	200	54.7712
00:14:39 : [200] Fetch Batch
00:14:40 : [200] Run Sess
00:14:45 : [200] Learning Loss: 54.431
00:14:45 : [201] Fetch Batch
00:14:46 : [201] Run Sess
00:14:52 : [201] Learning Loss: 55.687
00:14:52 : [202] Fetch Batch
00:14:53 : [202] Run Sess
00:14:59 : [202] Learning Loss: 55.172
00:14:59 : [203] Fetch Batch
00:15:00 : [203] Run Sess
00:15:06 : [203] Learning Loss: 54.755
00:15:06 : [204] Fetch Batch
00:15:07 : [204] Run Sess
00:15:13 : [204] Learning Loss: 53.921
00:15:13 : [205] Fetch Batch
00:15:13 : [205] Run Sess
00:15:19 : [205] Learning Loss: 54.512
00:15:19 : [206] Fetch Batch
00:15:20 : [206] Run Sess
00:15:26 : [206] Learning Loss: 55.686
00:15:26 : [207] Fetch Batch
00:15:27 : [207] Run Sess
00:15:33 : [207] Learning Loss: 56.146
00:15:33 : [208] Fetch Batch
00:15:34 : [208] Run Sess
00:15:40 : [208] Learning Loss: 54.601
00:15:40 : [209] Fetch Batch
00:15:41 : [209] Run Sess
00:15:47 : [209] Learning Loss: 55.397
00:15:47 : [210] Fetch Batch
00:15:47 : [210] Run Sess
00:15:53 : [210] Learning Loss: 53.859
00:15:53 : [211] Fetch Batch
00:15:54 : [211] Run Sess
00:16:00 : [211] Learning Loss: 54.048
00:16:00 : [212] Fetch Batch
00:16:01 : [212] Run Sess
00:16:07 : [212] Learning Loss: 54.559
00:16:07 : [213] Fetch Batch
00:16:08 : [213] Run Sess
00:16:14 : [213] Learning Loss: 54.985
00:16:14 : [214] Fetch Batch
00:16:15 : [214] Run Sess
00:16:20 : [214] Learning Loss: 54.551
00:16:20 : [215] Fetch Batch
00:16:21 : [215] Run Sess
00:16:27 : [215] Learning Loss: 55.069
00:16:27 : [216] Fetch Batch
00:16:28 : [216] Run Sess
00:16:34 : [216] Learning Loss: 56.265
00:16:34 : [217] Fetch Batch
00:16:35 : [217] Run Sess
00:16:41 : [217] Learning Loss: 53.945
00:16:41 : [218] Fetch Batch
00:16:42 : [218] Run Sess
00:16:47 : [218] Learning Loss: 55.511
00:16:47 : [219] Fetch Batch
00:16:48 : [219] Run Sess
00:16:54 : [219] Learning Loss: 54.509
00:16:54 : [220] Fetch Batch
00:16:55 : [220] Run Sess
00:17:01 : [220] Learning Loss: 54.631
00:17:01 : [221] Fetch Batch
00:17:02 : [221] Run Sess
00:17:08 : [221] Learning Loss: 54.433
00:17:08 : [222] Fetch Batch
00:17:09 : [222] Run Sess
00:17:15 : [222] Learning Loss: 55.633
00:17:15 : [223] Fetch Batch
00:17:15 : [223] Run Sess
00:17:21 : [223] Learning Loss: 56.161
00:17:21 : [224] Fetch Batch
00:17:22 : [224] Run Sess
00:17:28 : [224] Learning Loss: 56.087
00:17:32 :	0.2000	0.2025	0.2078	0.2162	0.2424	0.2712	0.2917	
00:17:32 :	80.0000	79.0000	77.0000	74.0000	66.0000	59.0000	48.0000	225	54.8536
00:17:32 : [225] Fetch Batch
00:17:33 : [225] Run Sess
00:17:39 : [225] Learning Loss: 54.908
00:17:39 : [226] Fetch Batch
00:17:40 : [226] Run Sess
00:17:46 : [226] Learning Loss: 55.198
00:17:46 : [227] Fetch Batch
00:17:47 : [227] Run Sess
00:17:53 : [227] Learning Loss: 54.761
00:17:53 : [228] Fetch Batch
00:17:54 : [228] Run Sess
00:17:59 : [228] Learning Loss: 54.970
00:17:59 : [229] Fetch Batch
00:18:03 : [229] Run Sess
00:18:09 : [229] Learning Loss: 54.263
00:18:09 : [230] Fetch Batch
00:18:10 : [230] Run Sess
00:18:16 : [230] Learning Loss: 54.893
00:18:16 : [231] Fetch Batch
00:18:19 : [231] Run Sess
00:18:25 : [231] Learning Loss: 54.813
00:18:25 : [232] Fetch Batch
00:18:26 : [232] Run Sess
00:18:32 : [232] Learning Loss: 54.145
00:18:32 : [233] Fetch Batch
00:18:33 : [233] Run Sess
00:18:39 : [233] Learning Loss: 54.608
00:18:39 : [234] Fetch Batch
00:18:40 : [234] Run Sess
00:18:46 : [234] Learning Loss: 55.483
00:18:46 : [235] Fetch Batch
00:18:47 : [235] Run Sess
00:18:52 : [235] Learning Loss: 55.114
00:18:52 : [236] Fetch Batch
00:18:53 : [236] Run Sess
00:18:59 : [236] Learning Loss: 55.499
00:18:59 : [237] Fetch Batch
00:19:00 : [237] Run Sess
00:19:06 : [237] Learning Loss: 54.695
00:19:06 : [238] Fetch Batch
00:19:08 : [238] Run Sess
00:19:14 : [238] Learning Loss: 54.457
00:19:14 : [239] Fetch Batch
00:19:15 : [239] Run Sess
00:19:21 : [239] Learning Loss: 54.710
00:19:21 : [240] Fetch Batch
00:19:21 : [240] Run Sess
00:19:27 : [240] Learning Loss: 55.468
00:19:27 : [241] Fetch Batch
00:19:29 : [241] Run Sess
00:19:35 : [241] Learning Loss: 54.793
00:19:35 : [242] Fetch Batch
00:19:36 : [242] Run Sess
00:19:41 : [242] Learning Loss: 54.558
00:19:41 : [243] Fetch Batch
00:19:42 : [243] Run Sess
00:19:48 : [243] Learning Loss: 54.255
00:19:48 : [244] Fetch Batch
00:19:49 : [244] Run Sess
00:19:55 : [244] Learning Loss: 53.898
00:19:55 : [245] Fetch Batch
00:19:56 : [245] Run Sess
00:20:02 : [245] Learning Loss: 55.854
00:20:02 : [246] Fetch Batch
00:20:03 : [246] Run Sess
00:20:08 : [246] Learning Loss: 55.013
00:20:08 : [247] Fetch Batch
00:20:09 : [247] Run Sess
00:20:15 : [247] Learning Loss: 55.503
00:20:15 : [248] Fetch Batch
00:20:16 : [248] Run Sess
00:20:22 : [248] Learning Loss: 53.750
00:20:22 : [249] Fetch Batch
00:20:23 : [249] Run Sess
00:20:29 : [249] Learning Loss: 54.850
00:20:33 :	0.2000	0.2000	0.2025	0.2027	0.2174	0.2500	0.2979	
00:20:33 :	80.0000	80.0000	79.0000	74.0000	69.0000	60.0000	47.0000	250	54.7314
00:20:33 : [250] Fetch Batch
00:20:34 : [250] Run Sess
00:20:40 : [250] Learning Loss: 55.230
00:20:40 : [251] Fetch Batch
00:20:41 : [251] Run Sess
00:20:47 : [251] Learning Loss: 54.553
00:20:47 : [252] Fetch Batch
00:20:48 : [252] Run Sess
00:20:54 : [252] Learning Loss: 55.692
00:20:54 : [253] Fetch Batch
00:20:55 : [253] Run Sess
00:21:00 : [253] Learning Loss: 54.460
00:21:00 : [254] Fetch Batch
00:21:01 : [254] Run Sess
00:21:07 : [254] Learning Loss: 56.149
00:21:07 : [255] Fetch Batch
00:21:08 : [255] Run Sess
00:21:14 : [255] Learning Loss: 56.414
00:21:14 : [256] Fetch Batch
00:21:15 : [256] Run Sess
00:21:21 : [256] Learning Loss: 55.235
00:21:21 : [257] Fetch Batch
00:21:22 : [257] Run Sess
00:21:27 : [257] Learning Loss: 55.259
00:21:27 : [258] Fetch Batch
00:21:28 : [258] Run Sess
00:21:34 : [258] Learning Loss: 55.640
00:21:34 : [259] Fetch Batch
00:21:35 : [259] Run Sess
00:21:41 : [259] Learning Loss: 55.261
00:21:41 : [260] Fetch Batch
00:21:42 : [260] Run Sess
00:21:48 : [260] Learning Loss: 55.080
00:21:48 : [261] Fetch Batch
00:21:49 : [261] Run Sess
00:21:55 : [261] Learning Loss: 54.454
00:21:55 : [262] Fetch Batch
00:21:55 : [262] Run Sess
00:22:01 : [262] Learning Loss: 55.810
00:22:01 : [263] Fetch Batch
00:22:02 : [263] Run Sess
00:22:08 : [263] Learning Loss: 54.310
00:22:08 : [264] Fetch Batch
00:22:09 : [264] Run Sess
00:22:15 : [264] Learning Loss: 55.457
00:22:15 : [265] Fetch Batch
00:22:16 : [265] Run Sess
00:22:22 : [265] Learning Loss: 55.920
00:22:22 : [266] Fetch Batch
00:22:23 : [266] Run Sess
00:22:29 : [266] Learning Loss: 54.871
00:22:29 : [267] Fetch Batch
00:22:29 : [267] Run Sess
00:22:35 : [267] Learning Loss: 54.002
00:22:35 : [268] Fetch Batch
00:22:36 : [268] Run Sess
00:22:42 : [268] Learning Loss: 54.813
00:22:42 : [269] Fetch Batch
00:22:43 : [269] Run Sess
00:22:49 : [269] Learning Loss: 54.918
00:22:49 : [270] Fetch Batch
00:22:50 : [270] Run Sess
00:22:56 : [270] Learning Loss: 54.474
00:22:56 : [271] Fetch Batch
00:22:56 : [271] Run Sess
00:23:02 : [271] Learning Loss: 53.706
00:23:02 : [272] Fetch Batch
00:23:03 : [272] Run Sess
00:23:09 : [272] Learning Loss: 54.857
00:23:09 : [273] Fetch Batch
00:23:10 : [273] Run Sess
00:23:16 : [273] Learning Loss: 55.101
00:23:16 : [274] Fetch Batch
00:23:17 : [274] Run Sess
00:23:23 : [274] Learning Loss: 55.119
00:23:27 :	0.2000	0.2000	0.2025	0.2162	0.2000	0.2105	0.1818	
00:23:27 :	80.0000	80.0000	79.0000	74.0000	65.0000	57.0000	44.0000	275	54.7674
00:23:27 : [275] Fetch Batch
00:23:28 : [275] Run Sess
00:23:34 : [275] Learning Loss: 55.323
00:23:34 : [276] Fetch Batch
00:23:35 : [276] Run Sess
00:23:41 : [276] Learning Loss: 54.504
00:23:41 : [277] Fetch Batch
00:23:42 : [277] Run Sess
00:23:47 : [277] Learning Loss: 54.910
00:23:47 : [278] Fetch Batch
00:23:48 : [278] Run Sess
00:23:54 : [278] Learning Loss: 56.037
00:23:54 : [279] Fetch Batch
00:23:55 : [279] Run Sess
00:24:01 : [279] Learning Loss: 55.128
00:24:01 : [280] Fetch Batch
00:24:02 : [280] Run Sess
00:24:08 : [280] Learning Loss: 55.231
00:24:08 : [281] Fetch Batch
00:24:09 : [281] Run Sess
00:24:14 : [281] Learning Loss: 55.359
00:24:14 : [282] Fetch Batch
00:24:15 : [282] Run Sess
00:24:21 : [282] Learning Loss: 54.557
00:24:21 : [283] Fetch Batch
00:24:22 : [283] Run Sess
00:24:28 : [283] Learning Loss: 54.581
00:24:28 : [284] Fetch Batch
00:24:30 : [284] Run Sess
00:24:35 : [284] Learning Loss: 54.602
00:24:35 : [285] Fetch Batch
00:24:36 : [285] Run Sess
00:24:42 : [285] Learning Loss: 54.504
00:24:42 : [286] Fetch Batch
00:24:43 : [286] Run Sess
00:24:49 : [286] Learning Loss: 55.056
00:24:49 : [287] Fetch Batch
00:24:50 : [287] Run Sess
00:24:56 : [287] Learning Loss: 54.607
00:24:56 : [288] Fetch Batch
00:24:57 : [288] Run Sess
00:25:02 : [288] Learning Loss: 56.032
00:25:02 : [289] Fetch Batch
00:25:04 : [289] Run Sess
00:25:09 : [289] Learning Loss: 54.083
00:25:09 : [290] Fetch Batch
00:25:10 : [290] Run Sess
00:25:16 : [290] Learning Loss: 54.799
00:25:16 : [291] Fetch Batch
00:25:17 : [291] Run Sess
00:25:23 : [291] Learning Loss: 53.889
00:25:23 : [292] Fetch Batch
00:25:24 : [292] Run Sess
00:25:30 : [292] Learning Loss: 55.733
00:25:30 : [293] Fetch Batch
00:25:31 : [293] Run Sess
00:25:36 : [293] Learning Loss: 55.431
00:25:36 : [294] Fetch Batch
00:25:37 : [294] Run Sess
00:25:43 : [294] Learning Loss: 55.628
00:25:43 : [295] Fetch Batch
00:25:44 : [295] Run Sess
00:25:50 : [295] Learning Loss: 55.299
00:25:50 : [296] Fetch Batch
00:25:51 : [296] Run Sess
00:25:57 : [296] Learning Loss: 54.773
00:25:57 : [297] Fetch Batch
00:25:58 : [297] Run Sess
00:26:03 : [297] Learning Loss: 54.444
00:26:03 : [298] Fetch Batch
00:26:04 : [298] Run Sess
00:26:10 : [298] Learning Loss: 54.695
00:26:10 : [299] Fetch Batch
00:26:12 : [299] Run Sess
00:26:18 : [299] Learning Loss: 55.425
00:26:23 :	0.2000	0.2000	0.2051	0.2027	0.1875	0.2222	0.2000	
00:26:23 :	80.0000	80.0000	78.0000	74.0000	64.0000	54.0000	45.0000	300	55.1256
00:26:23 : [300] Fetch Batch
00:26:24 : [300] Run Sess
00:26:30 : [300] Learning Loss: 54.857
00:26:30 : [301] Fetch Batch
00:26:31 : [301] Run Sess
00:26:36 : [301] Learning Loss: 54.112
00:26:36 : [302] Fetch Batch
00:26:38 : [302] Run Sess
00:26:43 : [302] Learning Loss: 55.026
00:26:43 : [303] Fetch Batch
00:26:44 : [303] Run Sess
00:26:50 : [303] Learning Loss: 54.160
00:26:50 : [304] Fetch Batch
00:26:51 : [304] Run Sess
00:26:57 : [304] Learning Loss: 55.289
00:26:57 : [305] Fetch Batch
00:26:58 : [305] Run Sess
00:27:04 : [305] Learning Loss: 55.131
00:27:04 : [306] Fetch Batch
00:27:05 : [306] Run Sess
00:27:11 : [306] Learning Loss: 55.558
00:27:11 : [307] Fetch Batch
00:27:12 : [307] Run Sess
00:27:18 : [307] Learning Loss: 54.735
00:27:18 : [308] Fetch Batch
00:27:18 : [308] Run Sess
00:27:24 : [308] Learning Loss: 55.637
00:27:24 : [309] Fetch Batch
00:27:25 : [309] Run Sess
00:27:31 : [309] Learning Loss: 55.038
00:27:31 : [310] Fetch Batch
00:27:32 : [310] Run Sess
00:27:38 : [310] Learning Loss: 55.345
00:27:38 : [311] Fetch Batch
00:27:39 : [311] Run Sess
00:27:45 : [311] Learning Loss: 54.250
00:27:45 : [312] Fetch Batch
00:27:46 : [312] Run Sess
00:27:52 : [312] Learning Loss: 54.460
00:27:52 : [313] Fetch Batch
00:27:52 : [313] Run Sess
00:27:58 : [313] Learning Loss: 54.260
00:27:58 : [314] Fetch Batch
00:27:59 : [314] Run Sess
00:28:05 : [314] Learning Loss: 56.335
00:28:05 : [315] Fetch Batch
00:28:06 : [315] Run Sess
00:28:12 : [315] Learning Loss: 54.952
00:28:12 : [316] Fetch Batch
00:28:13 : [316] Run Sess
00:28:19 : [316] Learning Loss: 53.786
00:28:19 : [317] Fetch Batch
00:28:20 : [317] Run Sess
00:28:26 : [317] Learning Loss: 55.277
00:28:26 : [318] Fetch Batch
00:28:26 : [318] Run Sess
00:28:32 : [318] Learning Loss: 54.675
00:28:32 : [319] Fetch Batch
00:28:33 : [319] Run Sess
00:28:39 : [319] Learning Loss: 55.794
00:28:39 : [320] Fetch Batch
00:28:40 : [320] Run Sess
00:28:46 : [320] Learning Loss: 53.699
00:28:46 : [321] Fetch Batch
00:28:47 : [321] Run Sess
00:28:53 : [321] Learning Loss: 53.229
00:28:53 : [322] Fetch Batch
00:28:54 : [322] Run Sess
00:28:59 : [322] Learning Loss: 55.776
00:28:59 : [323] Fetch Batch
00:29:00 : [323] Run Sess
00:29:06 : [323] Learning Loss: 55.515
00:29:06 : [324] Fetch Batch
00:29:07 : [324] Run Sess
00:29:13 : [324] Learning Loss: 56.998
00:29:17 :	0.2000	0.2000	0.2025	0.1948	0.1972	0.1607	0.0930	
00:29:17 :	80.0000	80.0000	79.0000	77.0000	71.0000	56.0000	43.0000	325	55.3491
00:29:17 : [325] Fetch Batch
00:29:18 : [325] Run Sess
00:29:24 : [325] Learning Loss: 55.339
00:29:24 : [326] Fetch Batch
00:29:25 : [326] Run Sess
00:29:31 : [326] Learning Loss: 54.221
00:29:31 : [327] Fetch Batch
00:29:32 : [327] Run Sess
00:29:38 : [327] Learning Loss: 55.706
00:29:38 : [328] Fetch Batch
00:29:39 : [328] Run Sess
00:29:44 : [328] Learning Loss: 53.852
00:29:44 : [329] Fetch Batch
00:29:46 : [329] Run Sess
00:29:52 : [329] Learning Loss: 55.138
00:29:52 : [330] Fetch Batch
00:29:52 : [330] Run Sess
00:29:58 : [330] Learning Loss: 55.616
00:29:58 : [331] Fetch Batch
00:29:59 : [331] Run Sess
00:30:05 : [331] Learning Loss: 54.996
00:30:05 : [332] Fetch Batch
00:30:06 : [332] Run Sess
00:30:12 : [332] Learning Loss: 54.899
00:30:12 : [333] Fetch Batch
00:30:13 : [333] Run Sess
00:30:19 : [333] Learning Loss: 54.595
00:30:19 : [334] Fetch Batch
00:30:20 : [334] Run Sess
00:30:26 : [334] Learning Loss: 55.014
00:30:26 : [335] Fetch Batch
00:30:26 : [335] Run Sess
00:30:32 : [335] Learning Loss: 54.510
00:30:32 : [336] Fetch Batch
00:30:33 : [336] Run Sess
00:30:39 : [336] Learning Loss: 54.024
00:30:39 : [337] Fetch Batch
00:30:40 : [337] Run Sess
00:30:46 : [337] Learning Loss: 54.910
00:30:46 : [338] Fetch Batch
00:30:47 : [338] Run Sess
00:30:53 : [338] Learning Loss: 54.796
00:30:53 : [339] Fetch Batch
00:30:53 : [339] Run Sess
00:30:59 : [339] Learning Loss: 55.252
00:30:59 : [340] Fetch Batch
00:31:00 : [340] Run Sess
00:31:06 : [340] Learning Loss: 54.804
00:31:06 : [341] Fetch Batch
00:31:07 : [341] Run Sess
00:31:13 : [341] Learning Loss: 54.367
00:31:13 : [342] Fetch Batch
00:31:14 : [342] Run Sess
00:31:20 : [342] Learning Loss: 54.760
00:31:20 : [343] Fetch Batch
00:31:21 : [343] Run Sess
00:31:26 : [343] Learning Loss: 54.788
00:31:26 : [344] Fetch Batch
00:31:27 : [344] Run Sess
00:31:33 : [344] Learning Loss: 55.807
00:31:33 : [345] Fetch Batch
00:31:34 : [345] Run Sess
00:31:40 : [345] Learning Loss: 54.309
00:31:40 : [346] Fetch Batch
00:31:41 : [346] Run Sess
00:31:47 : [346] Learning Loss: 54.538
00:31:47 : [347] Fetch Batch
00:31:48 : [347] Run Sess
00:31:54 : [347] Learning Loss: 55.770
00:31:54 : [348] Fetch Batch
00:31:55 : [348] Run Sess
00:32:00 : [348] Learning Loss: 53.271
00:32:00 : [349] Fetch Batch
00:32:02 : [349] Run Sess
00:32:08 : [349] Learning Loss: 56.659
00:32:12 :	0.2000	0.1899	0.1899	0.1867	0.1594	0.1228	0.0952	
00:32:12 :	80.0000	79.0000	79.0000	75.0000	69.0000	57.0000	42.0000	350	55.5211
00:32:12 : [350] Fetch Batch
00:32:13 : [350] Run Sess
00:32:19 : [350] Learning Loss: 54.908
00:32:19 : [351] Fetch Batch
00:32:20 : [351] Run Sess
00:32:26 : [351] Learning Loss: 54.629
00:32:26 : [352] Fetch Batch
00:32:26 : [352] Run Sess
00:32:32 : [352] Learning Loss: 55.975
00:32:32 : [353] Fetch Batch
00:32:33 : [353] Run Sess
00:32:39 : [353] Learning Loss: 55.673
00:32:39 : [354] Fetch Batch
00:32:40 : [354] Run Sess
00:32:46 : [354] Learning Loss: 56.094
00:32:46 : [355] Fetch Batch
00:32:47 : [355] Run Sess
00:32:53 : [355] Learning Loss: 54.372
00:32:53 : [356] Fetch Batch
00:32:53 : [356] Run Sess
00:32:59 : [356] Learning Loss: 55.837
00:32:59 : [357] Fetch Batch
00:33:00 : [357] Run Sess
00:33:06 : [357] Learning Loss: 53.854
00:33:06 : [358] Fetch Batch
00:33:07 : [358] Run Sess
00:33:13 : [358] Learning Loss: 55.411
00:33:13 : [359] Fetch Batch
00:33:14 : [359] Run Sess
00:33:20 : [359] Learning Loss: 55.033
00:33:20 : [360] Fetch Batch
00:33:21 : [360] Run Sess
00:33:27 : [360] Learning Loss: 55.080
00:33:27 : [361] Fetch Batch
00:33:28 : [361] Run Sess
00:33:33 : [361] Learning Loss: 54.849
00:33:33 : [362] Fetch Batch
00:33:34 : [362] Run Sess
00:33:40 : [362] Learning Loss: 54.999
00:33:40 : [363] Fetch Batch
00:33:41 : [363] Run Sess
00:33:47 : [363] Learning Loss: 54.540
00:33:47 : [364] Fetch Batch
00:33:48 : [364] Run Sess
00:33:54 : [364] Learning Loss: 55.056
00:33:54 : [365] Fetch Batch
00:33:55 : [365] Run Sess
00:34:00 : [365] Learning Loss: 55.403
00:34:00 : [366] Fetch Batch
00:34:01 : [366] Run Sess
00:34:07 : [366] Learning Loss: 54.850
00:34:07 : [367] Fetch Batch
00:34:08 : [367] Run Sess
00:34:14 : [367] Learning Loss: 54.980
00:34:14 : [368] Fetch Batch
00:34:15 : [368] Run Sess
00:34:21 : [368] Learning Loss: 54.576
00:34:21 : [369] Fetch Batch
00:34:22 : [369] Run Sess
00:34:28 : [369] Learning Loss: 55.340
00:34:28 : [370] Fetch Batch
00:34:29 : [370] Run Sess
00:34:34 : [370] Learning Loss: 54.822
00:34:34 : [371] Fetch Batch
00:34:35 : [371] Run Sess
00:34:41 : [371] Learning Loss: 55.116
00:34:41 : [372] Fetch Batch
00:34:42 : [372] Run Sess
00:34:48 : [372] Learning Loss: 53.762
00:34:48 : [373] Fetch Batch
00:34:49 : [373] Run Sess
00:34:55 : [373] Learning Loss: 55.010
00:34:55 : [374] Fetch Batch
00:34:56 : [374] Run Sess
00:35:02 : [374] Learning Loss: 54.254
00:35:06 :	0.0000	0.2000	0.2025	0.2192	0.2273	0.2034	0.2045	
00:35:06 :	80.0000	80.0000	79.0000	73.0000	66.0000	59.0000	44.0000	375	54.8173
00:35:06 : [375] Fetch Batch
00:35:07 : [375] Run Sess
00:35:13 : [375] Learning Loss: 55.005
00:35:13 : [376] Fetch Batch
00:35:14 : [376] Run Sess
00:35:20 : [376] Learning Loss: 54.709
00:35:20 : [377] Fetch Batch
00:35:20 : [377] Run Sess
00:35:26 : [377] Learning Loss: 54.138
00:35:26 : [378] Fetch Batch
00:35:27 : [378] Run Sess
00:35:33 : [378] Learning Loss: 55.250
00:35:33 : [379] Fetch Batch
00:35:34 : [379] Run Sess
00:35:40 : [379] Learning Loss: 54.988
00:35:40 : [380] Fetch Batch
00:35:41 : [380] Run Sess
00:35:47 : [380] Learning Loss: 55.470
00:35:47 : [381] Fetch Batch
00:35:48 : [381] Run Sess
00:35:54 : [381] Learning Loss: 54.701
00:35:54 : [382] Fetch Batch
00:35:56 : [382] Run Sess
00:36:02 : [382] Learning Loss: 54.222
00:36:02 : [383] Fetch Batch
00:36:02 : [383] Run Sess
00:36:08 : [383] Learning Loss: 53.816
00:36:08 : [384] Fetch Batch
00:36:10 : [384] Run Sess
00:36:15 : [384] Learning Loss: 55.056
00:36:15 : [385] Fetch Batch
00:36:16 : [385] Run Sess
00:36:22 : [385] Learning Loss: 55.506
00:36:22 : [386] Fetch Batch
00:36:23 : [386] Run Sess
00:36:29 : [386] Learning Loss: 54.562
00:36:29 : [387] Fetch Batch
00:36:30 : [387] Run Sess
00:36:36 : [387] Learning Loss: 55.332
00:36:36 : [388] Fetch Batch
00:36:36 : [388] Run Sess
00:36:42 : [388] Learning Loss: 54.365
00:36:42 : [389] Fetch Batch
00:36:43 : [389] Run Sess
00:36:49 : [389] Learning Loss: 54.644
00:36:49 : [390] Fetch Batch
00:36:50 : [390] Run Sess
00:36:56 : [390] Learning Loss: 55.395
00:36:56 : [391] Fetch Batch
00:36:57 : [391] Run Sess
00:37:03 : [391] Learning Loss: 54.522
00:37:03 : [392] Fetch Batch
00:37:04 : [392] Run Sess
00:37:09 : [392] Learning Loss: 54.803
00:37:09 : [393] Fetch Batch
00:37:10 : [393] Run Sess
00:37:16 : [393] Learning Loss: 55.674
00:37:16 : [394] Fetch Batch
00:37:17 : [394] Run Sess
00:37:23 : [394] Learning Loss: 54.026
00:37:23 : [395] Fetch Batch
00:37:24 : [395] Run Sess
00:37:30 : [395] Learning Loss: 55.476
00:37:30 : [396] Fetch Batch
00:37:31 : [396] Run Sess
00:37:37 : [396] Learning Loss: 55.278
00:37:37 : [397] Fetch Batch
00:37:38 : [397] Run Sess
00:37:43 : [397] Learning Loss: 55.267
00:37:43 : [398] Fetch Batch
00:37:44 : [398] Run Sess
00:37:50 : [398] Learning Loss: 54.820
00:37:50 : [399] Fetch Batch
00:37:51 : [399] Run Sess
00:37:57 : [399] Learning Loss: 54.109
00:38:01 :	0.2000	0.2000	0.2000	0.2162	0.2319	0.2623	0.2553	
00:38:01 :	80.0000	80.0000	80.0000	74.0000	69.0000	61.0000	47.0000	400	54.6630
00:38:01 : [400] Fetch Batch
00:38:02 : [400] Run Sess
00:38:08 : [400] Learning Loss: 55.479
00:38:08 : [401] Fetch Batch
00:38:09 : [401] Run Sess
00:38:15 : [401] Learning Loss: 54.831
00:38:15 : [402] Fetch Batch
00:38:16 : [402] Run Sess
00:38:21 : [402] Learning Loss: 54.238
00:38:21 : [403] Fetch Batch
00:38:22 : [403] Run Sess
00:38:28 : [403] Learning Loss: 54.642
00:38:28 : [404] Fetch Batch
00:38:29 : [404] Run Sess
00:38:35 : [404] Learning Loss: 55.051
00:38:35 : [405] Fetch Batch
00:38:36 : [405] Run Sess
00:38:42 : [405] Learning Loss: 54.805
00:38:42 : [406] Fetch Batch
00:38:43 : [406] Run Sess
00:38:49 : [406] Learning Loss: 55.013
00:38:49 : [407] Fetch Batch
00:38:49 : [407] Run Sess
00:38:55 : [407] Learning Loss: 54.701
00:38:55 : [408] Fetch Batch
00:38:56 : [408] Run Sess
00:39:02 : [408] Learning Loss: 55.030
00:39:02 : [409] Fetch Batch
00:39:03 : [409] Run Sess
00:39:09 : [409] Learning Loss: 54.383
00:39:09 : [410] Fetch Batch
00:39:10 : [410] Run Sess
00:39:16 : [410] Learning Loss: 54.568
00:39:16 : [411] Fetch Batch
00:39:17 : [411] Run Sess
00:39:22 : [411] Learning Loss: 54.959
00:39:22 : [412] Fetch Batch
00:39:23 : [412] Run Sess
00:39:29 : [412] Learning Loss: 54.402
00:39:29 : [413] Fetch Batch
00:39:30 : [413] Run Sess
00:39:36 : [413] Learning Loss: 54.520
00:39:36 : [414] Fetch Batch
00:39:37 : [414] Run Sess
00:39:43 : [414] Learning Loss: 54.839
00:39:43 : [415] Fetch Batch
00:39:44 : [415] Run Sess
00:39:50 : [415] Learning Loss: 54.833
00:39:50 : [416] Fetch Batch
00:39:51 : [416] Run Sess
00:39:56 : [416] Learning Loss: 55.394
00:39:56 : [417] Fetch Batch
00:39:57 : [417] Run Sess
00:40:03 : [417] Learning Loss: 54.512
00:40:03 : [418] Fetch Batch
00:40:04 : [418] Run Sess
00:40:10 : [418] Learning Loss: 54.234
00:40:10 : [419] Fetch Batch
00:40:11 : [419] Run Sess
00:40:17 : [419] Learning Loss: 55.040
00:40:17 : [420] Fetch Batch
00:40:18 : [420] Run Sess
00:40:23 : [420] Learning Loss: 54.959
00:40:23 : [421] Fetch Batch
00:40:24 : [421] Run Sess
00:40:30 : [421] Learning Loss: 55.478
00:40:30 : [422] Fetch Batch
00:40:31 : [422] Run Sess
00:40:37 : [422] Learning Loss: 54.213
00:40:37 : [423] Fetch Batch
00:40:38 : [423] Run Sess
00:40:44 : [423] Learning Loss: 54.150
00:40:44 : [424] Fetch Batch
00:40:45 : [424] Run Sess
00:40:51 : [424] Learning Loss: 55.076
00:40:55 :	0.2000	0.2025	0.2105	0.1972	0.2090	0.1897	0.1489	
00:40:55 :	80.0000	79.0000	76.0000	71.0000	67.0000	58.0000	47.0000	425	54.5949
00:40:55 : [425] Fetch Batch
00:40:56 : [425] Run Sess
00:41:02 : [425] Learning Loss: 55.481
00:41:02 : [426] Fetch Batch
00:41:03 : [426] Run Sess
00:41:09 : [426] Learning Loss: 55.324
00:41:09 : [427] Fetch Batch
00:41:09 : [427] Run Sess
00:41:15 : [427] Learning Loss: 54.311
00:41:15 : [428] Fetch Batch
00:41:16 : [428] Run Sess
00:41:22 : [428] Learning Loss: 55.174
00:41:22 : [429] Fetch Batch
00:41:23 : [429] Run Sess
00:41:29 : [429] Learning Loss: 55.349
00:41:29 : [430] Fetch Batch
00:41:30 : [430] Run Sess
00:41:36 : [430] Learning Loss: 55.004
00:41:36 : [431] Fetch Batch
00:41:37 : [431] Run Sess
00:41:42 : [431] Learning Loss: 54.668
00:41:42 : [432] Fetch Batch
00:41:43 : [432] Run Sess
00:41:49 : [432] Learning Loss: 55.116
00:41:49 : [433] Fetch Batch
00:41:50 : [433] Run Sess
00:41:56 : [433] Learning Loss: 55.021
00:41:56 : [434] Fetch Batch
00:41:57 : [434] Run Sess
00:42:03 : [434] Learning Loss: 54.403
00:42:03 : [435] Fetch Batch
00:42:04 : [435] Run Sess
00:42:10 : [435] Learning Loss: 54.389
00:42:10 : [436] Fetch Batch
00:42:11 : [436] Run Sess
00:42:17 : [436] Learning Loss: 54.966
00:42:17 : [437] Fetch Batch
00:42:17 : [437] Run Sess
00:42:23 : [437] Learning Loss: 54.867
00:42:23 : [438] Fetch Batch
00:42:24 : [438] Run Sess
00:42:30 : [438] Learning Loss: 54.569
00:42:30 : [439] Fetch Batch
00:42:31 : [439] Run Sess
00:42:37 : [439] Learning Loss: 55.891
00:42:37 : [440] Fetch Batch
00:42:38 : [440] Run Sess
00:42:44 : [440] Learning Loss: 54.797
00:42:44 : [441] Fetch Batch
00:42:45 : [441] Run Sess
00:42:50 : [441] Learning Loss: 54.472
00:42:50 : [442] Fetch Batch
00:42:51 : [442] Run Sess
00:42:57 : [442] Learning Loss: 55.007
00:42:57 : [443] Fetch Batch
00:42:58 : [443] Run Sess
00:43:04 : [443] Learning Loss: 54.589
00:43:04 : [444] Fetch Batch
00:43:05 : [444] Run Sess
00:43:11 : [444] Learning Loss: 54.898
00:43:11 : [445] Fetch Batch
00:43:12 : [445] Run Sess
00:43:18 : [445] Learning Loss: 54.849
00:43:18 : [446] Fetch Batch
00:43:18 : [446] Run Sess
00:43:24 : [446] Learning Loss: 54.628
00:43:24 : [447] Fetch Batch
00:43:25 : [447] Run Sess
00:43:31 : [447] Learning Loss: 54.159
00:43:31 : [448] Fetch Batch
00:43:32 : [448] Run Sess
00:43:38 : [448] Learning Loss: 54.505
00:43:38 : [449] Fetch Batch
00:43:39 : [449] Run Sess
00:43:45 : [449] Learning Loss: 55.278
00:43:49 :	0.2000	0.2025	0.2051	0.1948	0.1212	0.0714	0.0652	
00:43:49 :	80.0000	79.0000	78.0000	77.0000	66.0000	56.0000	46.0000	450	55.1583
00:43:49 : [450] Fetch Batch
00:43:50 : [450] Run Sess
00:43:56 : [450] Learning Loss: 56.009
00:43:56 : [451] Fetch Batch
00:43:57 : [451] Run Sess
00:44:03 : [451] Learning Loss: 54.578
00:44:03 : [452] Fetch Batch
00:44:04 : [452] Run Sess
00:44:10 : [452] Learning Loss: 55.489
00:44:10 : [453] Fetch Batch
00:44:11 : [453] Run Sess
00:44:17 : [453] Learning Loss: 55.108
00:44:17 : [454] Fetch Batch
00:44:18 : [454] Run Sess
00:44:23 : [454] Learning Loss: 54.957
00:44:23 : [455] Fetch Batch
00:44:24 : [455] Run Sess
00:44:30 : [455] Learning Loss: 56.079
00:44:30 : [456] Fetch Batch
00:44:31 : [456] Run Sess
00:44:37 : [456] Learning Loss: 54.855
00:44:37 : [457] Fetch Batch
00:44:38 : [457] Run Sess
00:44:44 : [457] Learning Loss: 54.613
00:44:44 : [458] Fetch Batch
00:44:45 : [458] Run Sess
00:44:51 : [458] Learning Loss: 55.018
00:44:51 : [459] Fetch Batch
00:44:52 : [459] Run Sess
00:44:57 : [459] Learning Loss: 55.622
00:44:57 : [460] Fetch Batch
00:44:58 : [460] Run Sess
00:45:04 : [460] Learning Loss: 55.117
00:45:04 : [461] Fetch Batch
00:45:05 : [461] Run Sess
00:45:11 : [461] Learning Loss: 54.816
00:45:11 : [462] Fetch Batch
00:45:12 : [462] Run Sess
00:45:18 : [462] Learning Loss: 54.689
00:45:18 : [463] Fetch Batch
00:45:19 : [463] Run Sess
00:45:24 : [463] Learning Loss: 55.173
00:45:24 : [464] Fetch Batch
00:45:25 : [464] Run Sess
00:45:31 : [464] Learning Loss: 54.077
00:45:31 : [465] Fetch Batch
00:45:32 : [465] Run Sess
00:45:38 : [465] Learning Loss: 56.250
00:45:38 : [466] Fetch Batch
00:45:39 : [466] Run Sess
00:45:45 : [466] Learning Loss: 55.224
00:45:45 : [467] Fetch Batch
00:45:46 : [467] Run Sess
00:45:52 : [467] Learning Loss: 55.171
00:45:52 : [468] Fetch Batch
00:45:53 : [468] Run Sess
00:45:59 : [468] Learning Loss: 54.099
00:45:59 : [469] Fetch Batch
00:45:59 : [469] Run Sess
00:46:05 : [469] Learning Loss: 54.351
00:46:05 : [470] Fetch Batch
00:46:06 : [470] Run Sess
00:46:12 : [470] Learning Loss: 55.036
00:46:12 : [471] Fetch Batch
00:46:13 : [471] Run Sess
00:46:19 : [471] Learning Loss: 54.506
00:46:19 : [472] Fetch Batch
00:46:20 : [472] Run Sess
00:46:26 : [472] Learning Loss: 54.394
00:46:26 : [473] Fetch Batch
00:46:27 : [473] Run Sess
00:46:33 : [473] Learning Loss: 55.284
00:46:33 : [474] Fetch Batch
00:46:35 : [474] Run Sess
00:46:41 : [474] Learning Loss: 54.315
00:46:45 :	0.2000	0.2025	0.2025	0.2133	0.2222	0.1818	0.1951	
00:46:45 :	80.0000	79.0000	79.0000	75.0000	72.0000	55.0000	41.0000	475	55.1729
00:46:45 : [475] Fetch Batch
00:46:46 : [475] Run Sess
00:46:52 : [475] Learning Loss: 55.893
00:46:52 : [476] Fetch Batch
00:46:53 : [476] Run Sess
00:46:58 : [476] Learning Loss: 54.163
00:46:58 : [477] Fetch Batch
00:46:59 : [477] Run Sess
00:47:05 : [477] Learning Loss: 55.764
00:47:05 : [478] Fetch Batch
00:47:06 : [478] Run Sess
00:47:12 : [478] Learning Loss: 55.032
00:47:12 : [479] Fetch Batch
00:47:13 : [479] Run Sess
00:47:19 : [479] Learning Loss: 54.811
00:47:19 : [480] Fetch Batch
00:47:20 : [480] Run Sess
00:47:25 : [480] Learning Loss: 54.742
00:47:25 : [481] Fetch Batch
00:47:26 : [481] Run Sess
00:47:32 : [481] Learning Loss: 54.113
00:47:32 : [482] Fetch Batch
00:47:33 : [482] Run Sess
00:47:39 : [482] Learning Loss: 55.045
00:47:39 : [483] Fetch Batch
00:47:40 : [483] Run Sess
00:47:46 : [483] Learning Loss: 55.684
00:47:46 : [484] Fetch Batch
00:47:47 : [484] Run Sess
00:47:53 : [484] Learning Loss: 54.273
00:47:53 : [485] Fetch Batch
00:47:54 : [485] Run Sess
00:47:59 : [485] Learning Loss: 54.705
00:47:59 : [486] Fetch Batch
00:48:00 : [486] Run Sess
00:48:06 : [486] Learning Loss: 56.285
00:48:06 : [487] Fetch Batch
00:48:07 : [487] Run Sess
00:48:13 : [487] Learning Loss: 53.738
00:48:13 : [488] Fetch Batch
00:48:14 : [488] Run Sess
slurmstepd: error: *** JOB 756201 ON c221-203 CANCELLED AT 2017-12-05T00:48:19 ***
