I tensorflow/stream_executor/dso_loader.cc:135] successfully opened CUDA library libcublas.so.8.0 locally
I tensorflow/stream_executor/dso_loader.cc:135] successfully opened CUDA library libcudnn.so.5 locally
I tensorflow/stream_executor/dso_loader.cc:135] successfully opened CUDA library libcufft.so.8.0 locally
I tensorflow/stream_executor/dso_loader.cc:135] successfully opened CUDA library libcuda.so.1 locally
I tensorflow/stream_executor/dso_loader.cc:135] successfully opened CUDA library libcurand.so.8.0 locally
/home/03858/kk28695/.local/lib/python3.5/site-packages/skvideo/__init__.py:356: UserWarning: avconv/avprobe not found in path: 
  warnings.warn("avconv/avprobe not found in path: " + str(path), UserWarning)
23:23:27 : Args:  Namespace(augment=True, batch_size=16, class_difficulty='all', controller_type='vgg19', data_dir='../../images_background', dataset_type='kinetics_dynamic', debug=True, image_height=128, image_width=128, label_type='one_hot', learning_rate=0.001, memory_size=128, memory_vector_dim=40, mode='train', model='MANN', model_save_freq=500, model_saver=False, n_classes=5, n_test_classes=423, n_train_classes=1200, num_epoches=1000, optimizer='adam', read_head_num=4, restore_training=False, rnn_num_layers=1, rnn_size=200, sample_nframes=64, save_dir='job_outputs/experiments', seq_length=35, serialize=True, shift_range=1, summary_writer=True, tensorboard_dir='./summary/one_shot_learning', test_batch_num=100, tf_debug_flag=False, use_pretrained=True, use_subset_classes=True, validation_freq=25, write_head_num=1)
23:23:27 : controller:vgg19_dataset:kinetics_dynamic_nclasses:5_seqlength:35_pretrained:True_classdifficulty:all
23:23:27 : Loading in Model
23:23:27 : Creating Placeholders
23:23:28 : Creating Cells
23:23:33 : Looping through seq
23:23:33 : Seq: [0] Passing data into the cell
23:23:34 : Seq: [1] Passing data into the cell
23:23:34 : Seq: [2] Passing data into the cell
23:23:35 : Seq: [3] Passing data into the cell
23:23:35 : Seq: [4] Passing data into the cell
23:23:36 : Seq: [5] Passing data into the cell
23:23:36 : Seq: [6] Passing data into the cell
23:23:37 : Seq: [7] Passing data into the cell
23:23:37 : Seq: [8] Passing data into the cell
23:23:38 : Seq: [9] Passing data into the cell
23:23:38 : Seq: [10] Passing data into the cell
23:23:39 : Seq: [11] Passing data into the cell
23:23:39 : Seq: [12] Passing data into the cell
23:23:40 : Seq: [13] Passing data into the cell
23:23:40 : Seq: [14] Passing data into the cell
23:23:41 : Seq: [15] Passing data into the cell
23:23:41 : Seq: [16] Passing data into the cell
23:23:42 : Seq: [17] Passing data into the cell
23:23:42 : Seq: [18] Passing data into the cell
23:23:43 : Seq: [19] Passing data into the cell
23:23:43 : Seq: [20] Passing data into the cell
23:23:44 : Seq: [21] Passing data into the cell
23:23:44 : Seq: [22] Passing data into the cell
23:23:45 : Seq: [23] Passing data into the cell
23:23:45 : Seq: [24] Passing data into the cell
23:23:46 : Seq: [25] Passing data into the cell
23:23:46 : Seq: [26] Passing data into the cell
23:23:47 : Seq: [27] Passing data into the cell
23:23:47 : Seq: [28] Passing data into the cell
23:23:48 : Seq: [29] Passing data into the cell
23:23:48 : Seq: [30] Passing data into the cell
23:23:49 : Seq: [31] Passing data into the cell
23:23:49 : Seq: [32] Passing data into the cell
23:23:50 : Seq: [33] Passing data into the cell
23:23:50 : Seq: [34] Passing data into the cell
23:23:50 : Defining Loss
23:23:50 : Total number of variables used  24998337
23:23:50 : Defining optimizer
23:24:56 : Finished Definining Model
23:24:56 : Loading Data
Traceback (most recent call last):
  File "one_shot_learning.py", line 243, in <module>
    main()
  File "one_shot_learning.py", line 56, in main
    train(args)
  File "one_shot_learning.py", line 77, in train
    data_loader = InputLoader('dynamic_image', 'train', im_size=args.image_height, args=args)
  File "/work/03858/kk28695/maverick/FinalProj/kShotActionRecognition/src/input_loader.py", line 20, in __init__
    use_subset_classes=args.use_subset_classes)
  File "/work/03858/kk28695/maverick/FinalProj/kShotActionRecognition/src/util.py", line 134, in get_videos_lst
    if use_subset_classes and get_vtype_for_lab(class_difficulty, label) != v_type:
  File "/work/03858/kk28695/maverick/FinalProj/kShotActionRecognition/src/util.py", line 105, in get_vtype_for_lab
    val_labs = np.load(val_labs_file)
  File "/opt/apps/gcc4_9/python3/3.5.2/lib/python3.5/site-packages/numpy-1.11.0-py3.5-linux-x86_64.egg/numpy/lib/npyio.py", line 362, in load
    fid = open(file, "rb")
FileNotFoundError: [Errno 2] No such file or directory: '../labels/all_test.npy'
