THIS WAS PARTIALLY RUN

I tensorflow/stream_executor/dso_loader.cc:135] successfully opened CUDA library libcublas.so.8.0 locally
I tensorflow/stream_executor/dso_loader.cc:135] successfully opened CUDA library libcudnn.so.5 locally
I tensorflow/stream_executor/dso_loader.cc:135] successfully opened CUDA library libcufft.so.8.0 locally
I tensorflow/stream_executor/dso_loader.cc:135] successfully opened CUDA library libcuda.so.1 locally
I tensorflow/stream_executor/dso_loader.cc:135] successfully opened CUDA library libcurand.so.8.0 locally
/home/03858/kk28695/.local/lib/python3.5/site-packages/skvideo/__init__.py:356: UserWarning: avconv/avprobe not found in path: 
  warnings.warn("avconv/avprobe not found in path: " + str(path), UserWarning)
19:50:12 : Args:  Namespace(augment=True, batch_size=32, controller_type='alex', data_dir='../../images_background', dataset_type='kinetics_dynamic', debug='True', image_height=128, image_width=128, label_type='one_hot', learning_rate=0.001, memory_size=128, memory_vector_dim=40, mode='train', model='MANN', model_saver=False, n_classes=5, n_test_classes=423, n_train_classes=1200, num_epoches=100000, optimizer='adam', read_head_num=4, restore_training=False, rnn_num_layers=1, rnn_size=200, sample_nframes=64, save_dir='./save/one_shot_learning', seq_length=35, shift_range=1, summary_writer=False, tensorboard_dir='./summary/one_shot_learning', test_batch_num=100, tf_debug_flag=False, use_subset_classes=True, write_head_num=1)
19:50:12 : Loading in Model
19:50:12 : Creating Placeholders
19:50:12 : Creating Cells
19:50:13 : Looping through seq
19:50:13 : Seq: [0] Passing data into the cell
19:50:14 : Seq: [1] Passing data into the cell
19:50:14 : Seq: [2] Passing data into the cell
19:50:15 : Seq: [3] Passing data into the cell
19:50:15 : Seq: [4] Passing data into the cell
19:50:16 : Seq: [5] Passing data into the cell
19:50:16 : Seq: [6] Passing data into the cell
19:50:17 : Seq: [7] Passing data into the cell
19:50:17 : Seq: [8] Passing data into the cell
19:50:17 : Seq: [9] Passing data into the cell
19:50:18 : Seq: [10] Passing data into the cell
19:50:18 : Seq: [11] Passing data into the cell
19:50:19 : Seq: [12] Passing data into the cell
19:50:19 : Seq: [13] Passing data into the cell
19:50:20 : Seq: [14] Passing data into the cell
19:50:20 : Seq: [15] Passing data into the cell
19:50:21 : Seq: [16] Passing data into the cell
19:50:21 : Seq: [17] Passing data into the cell
19:50:21 : Seq: [18] Passing data into the cell
19:50:22 : Seq: [19] Passing data into the cell
19:50:22 : Seq: [20] Passing data into the cell
19:50:23 : Seq: [21] Passing data into the cell
19:50:23 : Seq: [22] Passing data into the cell
19:50:24 : Seq: [23] Passing data into the cell
19:50:24 : Seq: [24] Passing data into the cell
19:50:25 : Seq: [25] Passing data into the cell
19:50:25 : Seq: [26] Passing data into the cell
19:50:25 : Seq: [27] Passing data into the cell
19:50:26 : Seq: [28] Passing data into the cell
19:50:27 : Seq: [29] Passing data into the cell
19:50:27 : Seq: [30] Passing data into the cell
19:50:27 : Seq: [31] Passing data into the cell
19:50:28 : Seq: [32] Passing data into the cell
19:50:28 : Seq: [33] Passing data into the cell
19:50:29 : Seq: [34] Passing data into the cell
19:50:29 : Defining Loss
19:50:29 : Total number of variables used  5054913
19:50:29 : Defining optimizer
19:51:26 : Finished Definining Model
19:51:26 : Loading Data
19:51:27 : Starting Session
I tensorflow/core/common_runtime/gpu/gpu_device.cc:885] Found device 0 with properties: 
name: Tesla K40m
major: 3 minor: 5 memoryClockRate (GHz) 0.745
pciBusID 0000:27:00.0
Total memory: 11.17GiB
Free memory: 11.01GiB
I tensorflow/core/common_runtime/gpu/gpu_device.cc:906] DMA: 0 
I tensorflow/core/common_runtime/gpu/gpu_device.cc:916] 0:   Y 
I tensorflow/core/common_runtime/gpu/gpu_device.cc:975] Creating TensorFlow device (/gpu:0) -> (device: 0, name: Tesla K40m, pci bus id: 0000:27:00.0)
19:51:27 : Started Session
I tensorflow/compiler/xla/service/platform_util.cc:58] platform CUDA present with 1 visible devices
I tensorflow/compiler/xla/service/platform_util.cc:58] platform Host present with 20 visible devices
I tensorflow/compiler/xla/service/service.cc:180] XLA service executing computations on platform Host. Devices:
I tensorflow/compiler/xla/service/service.cc:187]   StreamExecutor device (0): <undefined>, <undefined>
I tensorflow/compiler/xla/service/platform_util.cc:58] platform CUDA present with 1 visible devices
I tensorflow/compiler/xla/service/platform_util.cc:58] platform Host present with 20 visible devices
I tensorflow/compiler/xla/service/service.cc:180] XLA service executing computations on platform CUDA. Devices:
I tensorflow/compiler/xla/service/service.cc:187]   StreamExecutor device (0): Tesla K40m, Compute Capability 3.5
19:51:54 : Finished Initialization
19:51:54 : Namespace(augment=True, batch_size=32, controller_type='alex', data_dir='../../images_background', dataset_type='kinetics_dynamic', debug='True', image_height=128, image_width=128, label_type='one_hot', learning_rate=0.001, memory_size=128, memory_vector_dim=40, mode='train', model='MANN', model_saver=False, n_classes=5, n_test_classes=423, n_train_classes=1200, num_epoches=100000, optimizer='adam', output_dim=5, read_head_num=4, restore_training=False, rnn_num_layers=1, rnn_size=200, sample_nframes=64, save_dir='./save/one_shot_learning', seq_length=35, shift_range=1, summary_writer=False, tensorboard_dir='./summary/one_shot_learning', test_batch_num=100, tf_debug_flag=False, use_subset_classes=True, write_head_num=1)
19:51:54 : 1st	2nd	3rd	4th	5th	6th	7th	8th	9th	10th	batch	loss
19:51:59 :
0.2250	0.1938	0.1646	0.1948	0.2206	0.2261	0.2391	0	55.1667
19:51:59 : [0] Fetch Batch
19:52:01 : [0] Run Sess
19:52:10 : [0] Learning Loss: 56.837
19:52:10 : [1] Fetch Batch
19:52:12 : [1] Run Sess
19:52:15 : [1] Learning Loss: 63.918
19:52:15 : [2] Fetch Batch
19:52:17 : [2] Run Sess
19:52:20 : [2] Learning Loss: 55.816
19:52:20 : [3] Fetch Batch
19:52:22 : [3] Run Sess
19:52:25 : [3] Learning Loss: 63.298
19:52:25 : [4] Fetch Batch
19:52:27 : [4] Run Sess
19:52:30 : [4] Learning Loss: 60.814
19:52:30 : [5] Fetch Batch
19:52:32 : [5] Run Sess
19:52:35 : [5] Learning Loss: 59.586
19:52:35 : [6] Fetch Batch
19:52:37 : [6] Run Sess
19:52:40 : [6] Learning Loss: 57.853
19:52:40 : [7] Fetch Batch
19:52:42 : [7] Run Sess
19:52:45 : [7] Learning Loss: 55.433
19:52:45 : [8] Fetch Batch
19:52:47 : [8] Run Sess
19:52:50 : [8] Learning Loss: 56.339
19:52:50 : [9] Fetch Batch
19:52:53 : [9] Run Sess
19:52:56 : [9] Learning Loss: 57.406
19:52:56 : [10] Fetch Batch
19:52:59 : [10] Run Sess
19:53:02 : [10] Learning Loss: 58.103
19:53:02 : [11] Fetch Batch
19:53:04 : [11] Run Sess
19:53:07 : [11] Learning Loss: 56.463
19:53:07 : [12] Fetch Batch
19:53:09 : [12] Run Sess
19:53:12 : [12] Learning Loss: 56.295
19:53:12 : [13] Fetch Batch
19:53:14 : [13] Run Sess
19:53:17 : [13] Learning Loss: 56.680
19:53:17 : [14] Fetch Batch
19:53:19 : [14] Run Sess
19:53:22 : [14] Learning Loss: 56.882
19:53:22 : [15] Fetch Batch
19:53:24 : [15] Run Sess
19:53:27 : [15] Learning Loss: 57.790
19:53:27 : [16] Fetch Batch
19:53:29 : [16] Run Sess
19:53:33 : [16] Learning Loss: 58.932
19:53:33 : [17] Fetch Batch
19:53:34 : [17] Run Sess
19:53:37 : [17] Learning Loss: 58.802
19:53:37 : [18] Fetch Batch
19:53:39 : [18] Run Sess
19:53:42 : [18] Learning Loss: 55.666
19:53:42 : [19] Fetch Batch
19:53:44 : [19] Run Sess
19:53:47 : [19] Learning Loss: 55.183
19:53:47 : [20] Fetch Batch
19:53:49 : [20] Run Sess
19:53:53 : [20] Learning Loss: 60.359
19:53:53 : [21] Fetch Batch
19:53:54 : [21] Run Sess
19:53:58 : [21] Learning Loss: 57.135
19:53:58 : [22] Fetch Batch
19:53:59 : [22] Run Sess
19:54:02 : [22] Learning Loss: 56.675
19:54:02 : [23] Fetch Batch
19:54:04 : [23] Run Sess
19:54:07 : [23] Learning Loss: 55.424
19:54:07 : [24] Fetch Batch
19:54:09 : [24] Run Sess
19:54:12 : [24] Learning Loss: 55.114
19:54:12 : [25] Fetch Batch
19:54:14 : [25] Run Sess
19:54:17 : [25] Learning Loss: 55.680
19:54:17 : [26] Fetch Batch
19:54:19 : [26] Run Sess
19:54:22 : [26] Learning Loss: 55.513
19:54:22 : [27] Fetch Batch
19:54:25 : [27] Run Sess
19:54:28 : [27] Learning Loss: 55.265
19:54:28 : [28] Fetch Batch
19:54:30 : [28] Run Sess
19:54:33 : [28] Learning Loss: 54.221
19:54:33 : [29] Fetch Batch
19:54:34 : [29] Run Sess
19:54:38 : [29] Learning Loss: 56.984
19:54:38 : [30] Fetch Batch
19:54:39 : [30] Run Sess
19:54:43 : [30] Learning Loss: 55.551
19:54:43 : [31] Fetch Batch
19:54:44 : [31] Run Sess
19:54:47 : [31] Learning Loss: 54.637
19:54:47 : [32] Fetch Batch
19:54:49 : [32] Run Sess
19:54:52 : [32] Learning Loss: 54.484
19:54:52 : [33] Fetch Batch
19:54:54 : [33] Run Sess
19:54:57 : [33] Learning Loss: 54.048
19:54:57 : [34] Fetch Batch
19:54:59 : [34] Run Sess
19:55:02 : [34] Learning Loss: 56.465
19:55:02 : [35] Fetch Batch
19:55:04 : [35] Run Sess
19:55:07 : [35] Learning Loss: 56.428
19:55:07 : [36] Fetch Batch
19:55:09 : [36] Run Sess
19:55:12 : [36] Learning Loss: 54.993
19:55:12 : [37] Fetch Batch
19:55:14 : [37] Run Sess
19:55:17 : [37] Learning Loss: 57.065
19:55:17 : [38] Fetch Batch
19:55:19 : [38] Run Sess
19:55:22 : [38] Learning Loss: 56.234
19:55:22 : [39] Fetch Batch
19:55:24 : [39] Run Sess
19:55:27 : [39] Learning Loss: 55.203
19:55:27 : [40] Fetch Batch
19:55:29 : [40] Run Sess
19:55:32 : [40] Learning Loss: 54.830
19:55:32 : [41] Fetch Batch
19:55:34 : [41] Run Sess
19:55:37 : [41] Learning Loss: 54.753
19:55:37 : [42] Fetch Batch
19:55:38 : [42] Run Sess
19:55:42 : [42] Learning Loss: 55.679
19:55:42 : [43] Fetch Batch
19:55:43 : [43] Run Sess
19:55:47 : [43] Learning Loss: 54.609
19:55:47 : [44] Fetch Batch
19:55:48 : [44] Run Sess
19:55:52 : [44] Learning Loss: 55.687
19:55:52 : [45] Fetch Batch
19:55:53 : [45] Run Sess
19:55:56 : [45] Learning Loss: 54.495
19:55:56 : [46] Fetch Batch
19:55:58 : [46] Run Sess
19:56:01 : [46] Learning Loss: 54.275
19:56:01 : [47] Fetch Batch
19:56:03 : [47] Run Sess
19:56:06 : [47] Learning Loss: 54.337
19:56:06 : [48] Fetch Batch
19:56:08 : [48] Run Sess
19:56:11 : [48] Learning Loss: 55.381
19:56:11 : [49] Fetch Batch
19:56:12 : [49] Run Sess
19:56:16 : [49] Learning Loss: 55.915
19:56:16 : [50] Fetch Batch
19:56:17 : [50] Run Sess
19:56:20 : [50] Learning Loss: 55.280
19:56:20 : [51] Fetch Batch
19:56:22 : [51] Run Sess
19:56:25 : [51] Learning Loss: 53.840
19:56:25 : [52] Fetch Batch
19:56:27 : [52] Run Sess
19:56:30 : [52] Learning Loss: 56.794
19:56:30 : [53] Fetch Batch
19:56:32 : [53] Run Sess
19:56:35 : [53] Learning Loss: 54.201
19:56:35 : [54] Fetch Batch
19:56:37 : [54] Run Sess
19:56:40 : [54] Learning Loss: 55.489
19:56:40 : [55] Fetch Batch
19:56:42 : [55] Run Sess
19:56:45 : [55] Learning Loss: 55.620
19:56:45 : [56] Fetch Batch
19:56:46 : [56] Run Sess
19:56:50 : [56] Learning Loss: 55.716
19:56:50 : [57] Fetch Batch
19:56:51 : [57] Run Sess
19:56:54 : [57] Learning Loss: 54.974
19:56:54 : [58] Fetch Batch
19:56:56 : [58] Run Sess
19:56:59 : [58] Learning Loss: 54.915
19:56:59 : [59] Fetch Batch
19:57:01 : [59] Run Sess
19:57:04 : [59] Learning Loss: 55.725
19:57:04 : [60] Fetch Batch
19:57:06 : [60] Run Sess
19:57:09 : [60] Learning Loss: 55.189
19:57:09 : [61] Fetch Batch
19:57:10 : [61] Run Sess
19:57:14 : [61] Learning Loss: 55.631
19:57:14 : [62] Fetch Batch
19:57:15 : [62] Run Sess
19:57:18 : [62] Learning Loss: 55.072
19:57:18 : [63] Fetch Batch
19:57:20 : [63] Run Sess
19:57:23 : [63] Learning Loss: 54.577
19:57:23 : [64] Fetch Batch
19:57:25 : [64] Run Sess
19:57:28 : [64] Learning Loss: 55.145
19:57:28 : [65] Fetch Batch
19:57:30 : [65] Run Sess
19:57:33 : [65] Learning Loss: 54.631
19:57:33 : [66] Fetch Batch
19:57:34 : [66] Run Sess
19:57:38 : [66] Learning Loss: 55.204
19:57:38 : [67] Fetch Batch
19:57:39 : [67] Run Sess
19:57:42 : [67] Learning Loss: 55.088
19:57:42 : [68] Fetch Batch
19:57:44 : [68] Run Sess
19:57:47 : [68] Learning Loss: 55.614
19:57:47 : [69] Fetch Batch
19:57:48 : [69] Run Sess
19:57:52 : [69] Learning Loss: 54.818
19:57:52 : [70] Fetch Batch
19:57:53 : [70] Run Sess
19:57:56 : [70] Learning Loss: 54.820
19:57:56 : [71] Fetch Batch
19:57:58 : [71] Run Sess
19:58:01 : [71] Learning Loss: 54.405
19:58:01 : [72] Fetch Batch
19:58:03 : [72] Run Sess
19:58:06 : [72] Learning Loss: 55.114
19:58:06 : [73] Fetch Batch
19:58:08 : [73] Run Sess
19:58:11 : [73] Learning Loss: 53.121
19:58:11 : [74] Fetch Batch
19:58:12 : [74] Run Sess
19:58:16 : [74] Learning Loss: 55.416
19:58:16 : [75] Fetch Batch
19:58:17 : [75] Run Sess
19:58:21 : [75] Learning Loss: 55.941
19:58:21 : [76] Fetch Batch
19:58:22 : [76] Run Sess
19:58:25 : [76] Learning Loss: 58.339
19:58:25 : [77] Fetch Batch
19:58:27 : [77] Run Sess
19:58:30 : [77] Learning Loss: 56.354
19:58:30 : [78] Fetch Batch
19:58:32 : [78] Run Sess
19:58:35 : [78] Learning Loss: 55.275
19:58:35 : [79] Fetch Batch
19:58:36 : [79] Run Sess
19:58:40 : [79] Learning Loss: 54.923
19:58:40 : [80] Fetch Batch
19:58:41 : [80] Run Sess
19:58:44 : [80] Learning Loss: 55.682
19:58:44 : [81] Fetch Batch
19:58:46 : [81] Run Sess
19:58:49 : [81] Learning Loss: 54.271
19:58:49 : [82] Fetch Batch
19:58:51 : [82] Run Sess
19:58:54 : [82] Learning Loss: 54.608
19:58:54 : [83] Fetch Batch
19:58:56 : [83] Run Sess
19:58:59 : [83] Learning Loss: 55.017
19:58:59 : [84] Fetch Batch
19:59:01 : [84] Run Sess
19:59:04 : [84] Learning Loss: 54.373
19:59:04 : [85] Fetch Batch
19:59:06 : [85] Run Sess
19:59:09 : [85] Learning Loss: 56.488
19:59:09 : [86] Fetch Batch
19:59:11 : [86] Run Sess
19:59:14 : [86] Learning Loss: 55.098
19:59:14 : [87] Fetch Batch
19:59:16 : [87] Run Sess
19:59:19 : [87] Learning Loss: 54.975
19:59:19 : [88] Fetch Batch
19:59:21 : [88] Run Sess
19:59:24 : [88] Learning Loss: 53.936
19:59:24 : [89] Fetch Batch
19:59:25 : [89] Run Sess
19:59:28 : [89] Learning Loss: 54.104
19:59:28 : [90] Fetch Batch
19:59:30 : [90] Run Sess
19:59:33 : [90] Learning Loss: 56.620
19:59:33 : [91] Fetch Batch
19:59:35 : [91] Run Sess
19:59:38 : [91] Learning Loss: 55.657
19:59:38 : [92] Fetch Batch
19:59:40 : [92] Run Sess
19:59:43 : [92] Learning Loss: 54.014
19:59:43 : [93] Fetch Batch
19:59:44 : [93] Run Sess
19:59:48 : [93] Learning Loss: 53.520
19:59:48 : [94] Fetch Batch
19:59:49 : [94] Run Sess
19:59:52 : [94] Learning Loss: 54.666
19:59:52 : [95] Fetch Batch
19:59:54 : [95] Run Sess
19:59:57 : [95] Learning Loss: 56.641
19:59:57 : [96] Fetch Batch
19:59:59 : [96] Run Sess
20:00:02 : [96] Learning Loss: 56.314
20:00:02 : [97] Fetch Batch
20:00:03 : [97] Run Sess
20:00:07 : [97] Learning Loss: 55.844
20:00:07 : [98] Fetch Batch
20:00:08 : [98] Run Sess
20:00:11 : [98] Learning Loss: 55.168
20:00:11 : [99] Fetch Batch
20:00:13 : [99] Run Sess
20:00:16 : [99] Learning Loss: 54.949
20:00:19 :
0.2125	0.2075	0.1948	0.1656	0.1389	0.1818	0.2083	100	55.2178
20:00:19 : [100] Fetch Batch
20:00:20 : [100] Run Sess
20:00:24 : [100] Learning Loss: 55.002
20:00:24 : [101] Fetch Batch
20:00:25 : [101] Run Sess
20:00:28 : [101] Learning Loss: 55.551
20:00:28 : [102] Fetch Batch
20:00:30 : [102] Run Sess
20:00:33 : [102] Learning Loss: 54.693
20:00:33 : [103] Fetch Batch
20:00:35 : [103] Run Sess
20:00:38 : [103] Learning Loss: 55.667
20:00:38 : [104] Fetch Batch
20:00:39 : [104] Run Sess
20:00:43 : [104] Learning Loss: 55.284
20:00:43 : [105] Fetch Batch
20:00:44 : [105] Run Sess
20:00:47 : [105] Learning Loss: 55.849
20:00:47 : [106] Fetch Batch
20:00:49 : [106] Run Sess
20:00:52 : [106] Learning Loss: 55.698
20:00:52 : [107] Fetch Batch
20:00:54 : [107] Run Sess
20:00:57 : [107] Learning Loss: 55.270
20:00:57 : [108] Fetch Batch
20:00:58 : [108] Run Sess
20:01:01 : [108] Learning Loss: 55.345
20:01:01 : [109] Fetch Batch
20:01:03 : [109] Run Sess
20:01:06 : [109] Learning Loss: 53.269
20:01:06 : [110] Fetch Batch
20:01:08 : [110] Run Sess
20:01:11 : [110] Learning Loss: 54.506
20:01:11 : [111] Fetch Batch
20:01:13 : [111] Run Sess
20:01:16 : [111] Learning Loss: 53.654
20:01:16 : [112] Fetch Batch
20:01:17 : [112] Run Sess
20:01:20 : [112] Learning Loss: 53.331
20:01:20 : [113] Fetch Batch
20:01:22 : [113] Run Sess
20:01:25 : [113] Learning Loss: 56.123
20:01:25 : [114] Fetch Batch
20:01:27 : [114] Run Sess
20:01:31 : [114] Learning Loss: 57.846
20:01:31 : [115] Fetch Batch
20:01:32 : [115] Run Sess
20:01:35 : [115] Learning Loss: 55.906
20:01:35 : [116] Fetch Batch
20:01:37 : [116] Run Sess
20:01:40 : [116] Learning Loss: 55.096
20:01:40 : [117] Fetch Batch
20:01:42 : [117] Run Sess
20:01:45 : [117] Learning Loss: 54.952
20:01:45 : [118] Fetch Batch
20:01:46 : [118] Run Sess
20:01:50 : [118] Learning Loss: 55.633
20:01:50 : [119] Fetch Batch
20:01:51 : [119] Run Sess
20:01:55 : [119] Learning Loss: 53.470
20:01:55 : [120] Fetch Batch
20:01:56 : [120] Run Sess
20:01:59 : [120] Learning Loss: 54.215
20:01:59 : [121] Fetch Batch
20:02:01 : [121] Run Sess
20:02:04 : [121] Learning Loss: 55.952
20:02:04 : [122] Fetch Batch
20:02:06 : [122] Run Sess
20:02:09 : [122] Learning Loss: 55.900
20:02:09 : [123] Fetch Batch
20:02:10 : [123] Run Sess
20:02:14 : [123] Learning Loss: 55.805
20:02:14 : [124] Fetch Batch
20:02:15 : [124] Run Sess
20:02:18 : [124] Learning Loss: 55.629
20:02:18 : [125] Fetch Batch
20:02:20 : [125] Run Sess
20:02:23 : [125] Learning Loss: 55.163
20:02:23 : [126] Fetch Batch
20:02:25 : [126] Run Sess
20:02:28 : [126] Learning Loss: 55.071
20:02:28 : [127] Fetch Batch
20:02:30 : [127] Run Sess
20:02:33 : [127] Learning Loss: 55.091
20:02:33 : [128] Fetch Batch
20:02:34 : [128] Run Sess
20:02:38 : [128] Learning Loss: 54.324
20:02:38 : [129] Fetch Batch
20:02:39 : [129] Run Sess
20:02:42 : [129] Learning Loss: 54.755
20:02:42 : [130] Fetch Batch
20:02:44 : [130] Run Sess
20:02:47 : [130] Learning Loss: 54.937
20:02:47 : [131] Fetch Batch
20:02:49 : [131] Run Sess
20:02:52 : [131] Learning Loss: 54.911
20:02:52 : [132] Fetch Batch
20:02:54 : [132] Run Sess
20:02:57 : [132] Learning Loss: 55.667
20:02:57 : [133] Fetch Batch
20:02:58 : [133] Run Sess
20:03:02 : [133] Learning Loss: 54.116
20:03:02 : [134] Fetch Batch
20:03:03 : [134] Run Sess
20:03:06 : [134] Learning Loss: 55.512
20:03:06 : [135] Fetch Batch
20:03:08 : [135] Run Sess
20:03:11 : [135] Learning Loss: 55.046
20:03:11 : [136] Fetch Batch
20:03:13 : [136] Run Sess
20:03:16 : [136] Learning Loss: 54.935
20:03:16 : [137] Fetch Batch
20:03:18 : [137] Run Sess
20:03:21 : [137] Learning Loss: 55.183
20:03:21 : [138] Fetch Batch
20:03:22 : [138] Run Sess
20:03:25 : [138] Learning Loss: 54.544
20:03:25 : [139] Fetch Batch
20:03:27 : [139] Run Sess
20:03:30 : [139] Learning Loss: 54.742
20:03:30 : [140] Fetch Batch
20:03:32 : [140] Run Sess
20:03:35 : [140] Learning Loss: 55.317
20:03:35 : [141] Fetch Batch
20:03:37 : [141] Run Sess
20:03:40 : [141] Learning Loss: 55.280
20:03:40 : [142] Fetch Batch
20:03:41 : [142] Run Sess
20:03:45 : [142] Learning Loss: 55.168
20:03:45 : [143] Fetch Batch
20:03:46 : [143] Run Sess
20:03:49 : [143] Learning Loss: 55.278
20:03:49 : [144] Fetch Batch
20:03:51 : [144] Run Sess
20:03:54 : [144] Learning Loss: 54.281
20:03:54 : [145] Fetch Batch
20:03:56 : [145] Run Sess
20:03:59 : [145] Learning Loss: 54.753
20:03:59 : [146] Fetch Batch
20:04:00 : [146] Run Sess
20:04:04 : [146] Learning Loss: 55.218
20:04:04 : [147] Fetch Batch
20:04:05 : [147] Run Sess
20:04:08 : [147] Learning Loss: 54.631
20:04:08 : [148] Fetch Batch
20:04:10 : [148] Run Sess
20:04:13 : [148] Learning Loss: 54.187
20:04:13 : [149] Fetch Batch
20:04:15 : [149] Run Sess
20:04:18 : [149] Learning Loss: 55.078
20:04:18 : [150] Fetch Batch
20:04:20 : [150] Run Sess
20:04:23 : [150] Learning Loss: 54.303
20:04:23 : [151] Fetch Batch
20:04:24 : [151] Run Sess
20:04:27 : [151] Learning Loss: 54.715
20:04:27 : [152] Fetch Batch
20:04:29 : [152] Run Sess
20:04:32 : [152] Learning Loss: 54.920
20:04:32 : [153] Fetch Batch
20:04:34 : [153] Run Sess
20:04:37 : [153] Learning Loss: 54.704
20:04:37 : [154] Fetch Batch
20:04:39 : [154] Run Sess
20:04:42 : [154] Learning Loss: 54.835
20:04:42 : [155] Fetch Batch
20:04:43 : [155] Run Sess
20:04:46 : [155] Learning Loss: 55.270
20:04:46 : [156] Fetch Batch
20:04:48 : [156] Run Sess
20:04:51 : [156] Learning Loss: 55.981
20:04:51 : [157] Fetch Batch
20:04:53 : [157] Run Sess
20:04:56 : [157] Learning Loss: 55.115
20:04:56 : [158] Fetch Batch
20:04:57 : [158] Run Sess
20:05:01 : [158] Learning Loss: 55.474
20:05:01 : [159] Fetch Batch
20:05:02 : [159] Run Sess
20:05:06 : [159] Learning Loss: 55.506
20:05:06 : [160] Fetch Batch
20:05:07 : [160] Run Sess
20:05:10 : [160] Learning Loss: 54.751
20:05:10 : [161] Fetch Batch
20:05:12 : [161] Run Sess
20:05:15 : [161] Learning Loss: 53.823
20:05:15 : [162] Fetch Batch
20:05:17 : [162] Run Sess
20:05:20 : [162] Learning Loss: 54.862
20:05:20 : [163] Fetch Batch
20:05:21 : [163] Run Sess
20:05:24 : [163] Learning Loss: 53.814
20:05:24 : [164] Fetch Batch
20:05:26 : [164] Run Sess
20:05:29 : [164] Learning Loss: 54.116
20:05:29 : [165] Fetch Batch
20:05:31 : [165] Run Sess
20:05:34 : [165] Learning Loss: 55.514
20:05:34 : [166] Fetch Batch
20:05:36 : [166] Run Sess
20:05:39 : [166] Learning Loss: 55.822
20:05:39 : [167] Fetch Batch
20:05:40 : [167] Run Sess
20:05:44 : [167] Learning Loss: 54.651
20:05:44 : [168] Fetch Batch
20:05:45 : [168] Run Sess
20:05:48 : [168] Learning Loss: 54.921
20:05:48 : [169] Fetch Batch
20:05:50 : [169] Run Sess
20:05:53 : [169] Learning Loss: 54.776
20:05:53 : [170] Fetch Batch
20:05:55 : [170] Run Sess
20:05:58 : [170] Learning Loss: 54.615
20:05:58 : [171] Fetch Batch
20:05:59 : [171] Run Sess
20:06:03 : [171] Learning Loss: 55.191
20:06:03 : [172] Fetch Batch
20:06:04 : [172] Run Sess
20:06:07 : [172] Learning Loss: 54.934
20:06:07 : [173] Fetch Batch
20:06:09 : [173] Run Sess
20:06:12 : [173] Learning Loss: 54.923
20:06:12 : [174] Fetch Batch
20:06:14 : [174] Run Sess
20:06:17 : [174] Learning Loss: 54.753
20:06:17 : [175] Fetch Batch
20:06:18 : [175] Run Sess
20:06:22 : [175] Learning Loss: 54.802
20:06:22 : [176] Fetch Batch
20:06:23 : [176] Run Sess
20:06:26 : [176] Learning Loss: 54.425
20:06:26 : [177] Fetch Batch
20:06:28 : [177] Run Sess
20:06:31 : [177] Learning Loss: 55.054
20:06:31 : [178] Fetch Batch
20:06:33 : [178] Run Sess
20:06:36 : [178] Learning Loss: 55.411
20:06:36 : [179] Fetch Batch
20:06:37 : [179] Run Sess
20:06:41 : [179] Learning Loss: 54.500
20:06:41 : [180] Fetch Batch
20:06:42 : [180] Run Sess
20:06:45 : [180] Learning Loss: 55.429
20:06:45 : [181] Fetch Batch
20:06:47 : [181] Run Sess
20:06:50 : [181] Learning Loss: 53.325
20:06:50 : [182] Fetch Batch
20:06:52 : [182] Run Sess
20:06:55 : [182] Learning Loss: 54.010
20:06:55 : [183] Fetch Batch
20:06:56 : [183] Run Sess
20:07:00 : [183] Learning Loss: 55.424
20:07:00 : [184] Fetch Batch
20:07:01 : [184] Run Sess
20:07:04 : [184] Learning Loss: 53.932
20:07:04 : [185] Fetch Batch
20:07:06 : [185] Run Sess
20:07:09 : [185] Learning Loss: 55.167
20:07:09 : [186] Fetch Batch
20:07:11 : [186] Run Sess
20:07:14 : [186] Learning Loss: 55.319
20:07:14 : [187] Fetch Batch
20:07:15 : [187] Run Sess
20:07:19 : [187] Learning Loss: 55.485
20:07:19 : [188] Fetch Batch
20:07:20 : [188] Run Sess
20:07:23 : [188] Learning Loss: 54.240
20:07:23 : [189] Fetch Batch
20:07:25 : [189] Run Sess
20:07:28 : [189] Learning Loss: 53.925
20:07:28 : [190] Fetch Batch
20:07:30 : [190] Run Sess
20:07:33 : [190] Learning Loss: 56.541
20:07:33 : [191] Fetch Batch
20:07:34 : [191] Run Sess
20:07:38 : [191] Learning Loss: 55.367
20:07:38 : [192] Fetch Batch
20:07:39 : [192] Run Sess
20:07:42 : [192] Learning Loss: 56.277
20:07:42 : [193] Fetch Batch
20:07:44 : [193] Run Sess
20:07:47 : [193] Learning Loss: 55.024
20:07:47 : [194] Fetch Batch
20:07:49 : [194] Run Sess
20:07:52 : [194] Learning Loss: 55.033
20:07:52 : [195] Fetch Batch
20:07:53 : [195] Run Sess
20:07:57 : [195] Learning Loss: 54.182
20:07:57 : [196] Fetch Batch
20:07:58 : [196] Run Sess
20:08:01 : [196] Learning Loss: 55.634
20:08:01 : [197] Fetch Batch
20:08:03 : [197] Run Sess
20:08:06 : [197] Learning Loss: 54.557
20:08:06 : [198] Fetch Batch
20:08:08 : [198] Run Sess
20:08:11 : [198] Learning Loss: 54.702
20:08:11 : [199] Fetch Batch
20:08:13 : [199] Run Sess
20:08:16 : [199] Learning Loss: 54.647
20:08:19 :
0.2000	0.1962	0.2000	0.1959	0.2031	0.2321	0.2418	200	54.9507
20:08:19 : [200] Fetch Batch
20:08:20 : [200] Run Sess
20:08:23 : [200] Learning Loss: 54.187
20:08:23 : [201] Fetch Batch
20:08:25 : [201] Run Sess
20:08:28 : [201] Learning Loss: 54.644
20:08:28 : [202] Fetch Batch
20:08:30 : [202] Run Sess
20:08:33 : [202] Learning Loss: 53.386
20:08:33 : [203] Fetch Batch
20:08:35 : [203] Run Sess
20:08:38 : [203] Learning Loss: 55.611
20:08:38 : [204] Fetch Batch
20:08:39 : [204] Run Sess
20:08:42 : [204] Learning Loss: 56.266
20:08:42 : [205] Fetch Batch
20:08:44 : [205] Run Sess
20:08:47 : [205] Learning Loss: 54.962
20:08:47 : [206] Fetch Batch
20:08:49 : [206] Run Sess
20:08:52 : [206] Learning Loss: 56.038
20:08:52 : [207] Fetch Batch
20:08:53 : [207] Run Sess
20:08:57 : [207] Learning Loss: 53.668
20:08:57 : [208] Fetch Batch
20:08:58 : [208] Run Sess
20:09:02 : [208] Learning Loss: 55.878
20:09:02 : [209] Fetch Batch
20:09:03 : [209] Run Sess
20:09:06 : [209] Learning Loss: 53.774
20:09:06 : [210] Fetch Batch
20:09:08 : [210] Run Sess
20:09:11 : [210] Learning Loss: 56.355
20:09:11 : [211] Fetch Batch
20:09:12 : [211] Run Sess
20:09:16 : [211] Learning Loss: 55.824
20:09:16 : [212] Fetch Batch
20:09:17 : [212] Run Sess
20:09:20 : [212] Learning Loss: 54.874
20:09:20 : [213] Fetch Batch
20:09:22 : [213] Run Sess
20:09:25 : [213] Learning Loss: 54.691
20:09:25 : [214] Fetch Batch
20:09:27 : [214] Run Sess
20:09:30 : [214] Learning Loss: 53.719
20:09:30 : [215] Fetch Batch
20:09:31 : [215] Run Sess
20:09:35 : [215] Learning Loss: 56.346
20:09:35 : [216] Fetch Batch
20:09:36 : [216] Run Sess
20:09:39 : [216] Learning Loss: 55.942
20:09:39 : [217] Fetch Batch
20:09:41 : [217] Run Sess
20:09:44 : [217] Learning Loss: 53.962
20:09:44 : [218] Fetch Batch
20:09:46 : [218] Run Sess
20:09:49 : [218] Learning Loss: 55.091
20:09:49 : [219] Fetch Batch
20:09:50 : [219] Run Sess
20:09:54 : [219] Learning Loss: 54.507
20:09:54 : [220] Fetch Batch
20:09:55 : [220] Run Sess
20:09:58 : [220] Learning Loss: 55.550
20:09:58 : [221] Fetch Batch
20:10:00 : [221] Run Sess
20:10:03 : [221] Learning Loss: 54.781
20:10:03 : [222] Fetch Batch
20:10:05 : [222] Run Sess
20:10:08 : [222] Learning Loss: 54.777
20:10:08 : [223] Fetch Batch
20:10:10 : [223] Run Sess
20:10:13 : [223] Learning Loss: 55.187
20:10:13 : [224] Fetch Batch
20:10:14 : [224] Run Sess
20:10:18 : [224] Learning Loss: 54.988
20:10:18 : [225] Fetch Batch
20:10:19 : [225] Run Sess
20:10:22 : [225] Learning Loss: 55.150
20:10:22 : [226] Fetch Batch
20:10:24 : [226] Run Sess
20:10:27 : [226] Learning Loss: 54.976
20:10:27 : [227] Fetch Batch
20:10:28 : [227] Run Sess
20:10:32 : [227] Learning Loss: 54.233
20:10:32 : [228] Fetch Batch
20:10:33 : [228] Run Sess
20:10:36 : [228] Learning Loss: 54.521
20:10:36 : [229] Fetch Batch
20:10:38 : [229] Run Sess
20:10:41 : [229] Learning Loss: 54.506
20:10:41 : [230] Fetch Batch
20:10:43 : [230] Run Sess
20:10:46 : [230] Learning Loss: 53.982
20:10:46 : [231] Fetch Batch
20:10:47 : [231] Run Sess
20:10:50 : [231] Learning Loss: 55.101
20:10:50 : [232] Fetch Batch
20:10:52 : [232] Run Sess
20:10:55 : [232] Learning Loss: 55.655
20:10:55 : [233] Fetch Batch
20:10:57 : [233] Run Sess
20:11:00 : [233] Learning Loss: 55.050
20:11:00 : [234] Fetch Batch
20:11:02 : [234] Run Sess
20:11:05 : [234] Learning Loss: 54.226
20:11:05 : [235] Fetch Batch
20:11:06 : [235] Run Sess
20:11:10 : [235] Learning Loss: 55.260
20:11:10 : [236] Fetch Batch
20:11:11 : [236] Run Sess
20:11:14 : [236] Learning Loss: 56.168
20:11:14 : [237] Fetch Batch
20:11:16 : [237] Run Sess
20:11:19 : [237] Learning Loss: 54.653
20:11:19 : [238] Fetch Batch
20:11:21 : [238] Run Sess
20:11:24 : [238] Learning Loss: 53.879
20:11:24 : [239] Fetch Batch
20:11:25 : [239] Run Sess
20:11:28 : [239] Learning Loss: 56.061
20:11:28 : [240] Fetch Batch
20:11:30 : [240] Run Sess
20:11:33 : [240] Learning Loss: 55.422
20:11:33 : [241] Fetch Batch
20:11:35 : [241] Run Sess
20:11:38 : [241] Learning Loss: 54.080
20:11:38 : [242] Fetch Batch
20:11:39 : [242] Run Sess
20:11:43 : [242] Learning Loss: 55.078
20:11:43 : [243] Fetch Batch
20:11:44 : [243] Run Sess
20:11:47 : [243] Learning Loss: 54.106
20:11:47 : [244] Fetch Batch
20:11:49 : [244] Run Sess
20:11:52 : [244] Learning Loss: 53.914
20:11:52 : [245] Fetch Batch
20:11:54 : [245] Run Sess
20:11:57 : [245] Learning Loss: 55.375
20:11:57 : [246] Fetch Batch
20:11:58 : [246] Run Sess
20:12:02 : [246] Learning Loss: 54.664
20:12:02 : [247] Fetch Batch
20:12:03 : [247] Run Sess
20:12:06 : [247] Learning Loss: 54.346
20:12:06 : [248] Fetch Batch
20:12:08 : [248] Run Sess
20:12:11 : [248] Learning Loss: 55.051
20:12:11 : [249] Fetch Batch
20:12:13 : [249] Run Sess
20:12:16 : [249] Learning Loss: 54.302
20:12:16 : [250] Fetch Batch
20:12:17 : [250] Run Sess
20:12:21 : [250] Learning Loss: 55.074
20:12:21 : [251] Fetch Batch
20:12:22 : [251] Run Sess
20:12:25 : [251] Learning Loss: 53.834
20:12:25 : [252] Fetch Batch
20:12:27 : [252] Run Sess
20:12:30 : [252] Learning Loss: 54.560
20:12:30 : [253] Fetch Batch
20:12:32 : [253] Run Sess
20:12:35 : [253] Learning Loss: 54.327
20:12:35 : [254] Fetch Batch
20:12:37 : [254] Run Sess
20:12:40 : [254] Learning Loss: 55.651
20:12:40 : [255] Fetch Batch
20:12:41 : [255] Run Sess
20:12:45 : [255] Learning Loss: 54.696
20:12:45 : [256] Fetch Batch
20:12:46 : [256] Run Sess
20:12:49 : [256] Learning Loss: 55.070
20:12:49 : [257] Fetch Batch
20:12:51 : [257] Run Sess
20:12:54 : [257] Learning Loss: 54.863
20:12:54 : [258] Fetch Batch
20:12:56 : [258] Run Sess
20:12:59 : [258] Learning Loss: 54.090
20:12:59 : [259] Fetch Batch
20:13:00 : [259] Run Sess
20:13:03 : [259] Learning Loss: 54.391
20:13:03 : [260] Fetch Batch
20:13:05 : [260] Run Sess
20:13:08 : [260] Learning Loss: 55.033
20:13:08 : [261] Fetch Batch
20:13:10 : [261] Run Sess
20:13:13 : [261] Learning Loss: 54.042
20:13:13 : [262] Fetch Batch
20:13:14 : [262] Run Sess
20:13:18 : [262] Learning Loss: 54.597
20:13:18 : [263] Fetch Batch
20:13:19 : [263] Run Sess
20:13:22 : [263] Learning Loss: 54.318
20:13:22 : [264] Fetch Batch
20:13:24 : [264] Run Sess
20:13:27 : [264] Learning Loss: 56.412
20:13:27 : [265] Fetch Batch
20:13:29 : [265] Run Sess
20:13:32 : [265] Learning Loss: 56.416
20:13:32 : [266] Fetch Batch
20:13:34 : [266] Run Sess
20:13:37 : [266] Learning Loss: 53.730
20:13:37 : [267] Fetch Batch
20:13:38 : [267] Run Sess
20:13:41 : [267] Learning Loss: 55.497
20:13:41 : [268] Fetch Batch
20:13:44 : [268] Run Sess
20:13:47 : [268] Learning Loss: 56.049
20:13:47 : [269] Fetch Batch
20:13:49 : [269] Run Sess
20:13:52 : [269] Learning Loss: 53.987
20:13:52 : [270] Fetch Batch
20:13:55 : [270] Run Sess
20:13:58 : [270] Learning Loss: 54.117
20:13:58 : [271] Fetch Batch
20:14:00 : [271] Run Sess
20:14:03 : [271] Learning Loss: 54.588
20:14:03 : [272] Fetch Batch
20:14:05 : [272] Run Sess
20:14:08 : [272] Learning Loss: 54.817
20:14:08 : [273] Fetch Batch
20:14:09 : [273] Run Sess
20:14:12 : [273] Learning Loss: 53.931
20:14:12 : [274] Fetch Batch
20:14:14 : [274] Run Sess
20:14:17 : [274] Learning Loss: 55.346
20:14:17 : [275] Fetch Batch
20:14:19 : [275] Run Sess
20:14:22 : [275] Learning Loss: 54.725
20:14:22 : [276] Fetch Batch
20:14:23 : [276] Run Sess
20:14:27 : [276] Learning Loss: 54.678
20:14:27 : [277] Fetch Batch
20:14:28 : [277] Run Sess
20:14:31 : [277] Learning Loss: 53.778
20:14:31 : [278] Fetch Batch
20:14:33 : [278] Run Sess
20:14:37 : [278] Learning Loss: 53.964
20:14:37 : [279] Fetch Batch
20:14:38 : [279] Run Sess
20:14:41 : [279] Learning Loss: 55.404
20:14:41 : [280] Fetch Batch
20:14:44 : [280] Run Sess
20:14:47 : [280] Learning Loss: 54.883
20:14:47 : [281] Fetch Batch
20:14:48 : [281] Run Sess
20:14:52 : [281] Learning Loss: 54.661
20:14:52 : [282] Fetch Batch
20:14:53 : [282] Run Sess
20:14:57 : [282] Learning Loss: 54.715
20:14:57 : [283] Fetch Batch
20:14:59 : [283] Run Sess
20:15:02 : [283] Learning Loss: 55.166
20:15:02 : [284] Fetch Batch
20:15:03 : [284] Run Sess
20:15:06 : [284] Learning Loss: 54.217
20:15:06 : [285] Fetch Batch
20:15:08 : [285] Run Sess
20:15:12 : [285] Learning Loss: 54.784
20:15:12 : [286] Fetch Batch
20:15:13 : [286] Run Sess
20:15:16 : [286] Learning Loss: 55.013
20:15:16 : [287] Fetch Batch
20:15:18 : [287] Run Sess
20:15:21 : [287] Learning Loss: 55.325
20:15:21 : [288] Fetch Batch
20:15:23 : [288] Run Sess
20:15:26 : [288] Learning Loss: 54.825
20:15:26 : [289] Fetch Batch
20:15:28 : [289] Run Sess
20:15:31 : [289] Learning Loss: 54.515
20:15:31 : [290] Fetch Batch
20:15:33 : [290] Run Sess
20:15:37 : [290] Learning Loss: 53.991
20:15:37 : [291] Fetch Batch
20:15:38 : [291] Run Sess
20:15:42 : [291] Learning Loss: 53.539
20:15:42 : [292] Fetch Batch
20:15:43 : [292] Run Sess
20:15:46 : [292] Learning Loss: 53.809
20:15:46 : [293] Fetch Batch
20:15:48 : [293] Run Sess
20:15:51 : [293] Learning Loss: 55.632
20:15:51 : [294] Fetch Batch
20:15:53 : [294] Run Sess
20:15:56 : [294] Learning Loss: 54.649
20:15:56 : [295] Fetch Batch
20:15:58 : [295] Run Sess
20:16:01 : [295] Learning Loss: 55.839
20:16:01 : [296] Fetch Batch
20:16:03 : [296] Run Sess
20:16:06 : [296] Learning Loss: 54.181
20:16:06 : [297] Fetch Batch
20:16:08 : [297] Run Sess
20:16:11 : [297] Learning Loss: 54.401
20:16:11 : [298] Fetch Batch
20:16:13 : [298] Run Sess
20:16:16 : [298] Learning Loss: 56.098
20:16:16 : [299] Fetch Batch
20:16:18 : [299] Run Sess
20:16:21 : [299] Learning Loss: 54.560
20:16:25 :
0.2000	0.2000	0.1987	0.2053	0.2222	0.2353	0.2391	300	54.9870
20:16:25 : [300] Fetch Batch
20:16:26 : [300] Run Sess
20:16:29 : [300] Learning Loss: 55.155
20:16:29 : [301] Fetch Batch
20:16:31 : [301] Run Sess
20:16:34 : [301] Learning Loss: 55.625
20:16:34 : [302] Fetch Batch
20:16:36 : [302] Run Sess
20:16:39 : [302] Learning Loss: 54.235
20:16:39 : [303] Fetch Batch
20:16:40 : [303] Run Sess
20:16:44 : [303] Learning Loss: 53.929
20:16:44 : [304] Fetch Batch
20:16:45 : [304] Run Sess
20:16:48 : [304] Learning Loss: 56.158
20:16:48 : [305] Fetch Batch
20:16:50 : [305] Run Sess
20:16:53 : [305] Learning Loss: 54.876
20:16:53 : [306] Fetch Batch
20:16:55 : [306] Run Sess
20:16:58 : [306] Learning Loss: 55.208
20:16:58 : [307] Fetch Batch
20:16:59 : [307] Run Sess
20:17:03 : [307] Learning Loss: 55.290
20:17:03 : [308] Fetch Batch
20:17:04 : [308] Run Sess
20:17:07 : [308] Learning Loss: 56.673
20:17:07 : [309] Fetch Batch
20:17:09 : [309] Run Sess
20:17:12 : [309] Learning Loss: 56.317
20:17:12 : [310] Fetch Batch
20:17:14 : [310] Run Sess
20:17:17 : [310] Learning Loss: 52.956
20:17:17 : [311] Fetch Batch
20:17:18 : [311] Run Sess
20:17:21 : [311] Learning Loss: 54.754
20:17:21 : [312] Fetch Batch
20:17:23 : [312] Run Sess
20:17:26 : [312] Learning Loss: 54.373
20:17:26 : [313] Fetch Batch
20:17:28 : [313] Run Sess
20:17:31 : [313] Learning Loss: 54.893
20:17:31 : [314] Fetch Batch
20:17:33 : [314] Run Sess
20:17:36 : [314] Learning Loss: 53.224
20:17:36 : [315] Fetch Batch
20:17:37 : [315] Run Sess
20:17:40 : [315] Learning Loss: 55.429
20:17:40 : [316] Fetch Batch
20:17:42 : [316] Run Sess
20:17:45 : [316] Learning Loss: 54.591
20:17:45 : [317] Fetch Batch
20:17:47 : [317] Run Sess
20:17:50 : [317] Learning Loss: 54.592
20:17:50 : [318] Fetch Batch
20:17:52 : [318] Run Sess
20:17:55 : [318] Learning Loss: 55.970
20:17:55 : [319] Fetch Batch
20:17:56 : [319] Run Sess
20:17:59 : [319] Learning Loss: 55.618
20:17:59 : [320] Fetch Batch
20:18:01 : [320] Run Sess
20:18:04 : [320] Learning Loss: 55.784
20:18:04 : [321] Fetch Batch
20:18:06 : [321] Run Sess
20:18:09 : [321] Learning Loss: 55.201
20:18:09 : [322] Fetch Batch
20:18:11 : [322] Run Sess
20:18:14 : [322] Learning Loss: 54.908
20:18:14 : [323] Fetch Batch
20:18:15 : [323] Run Sess
20:18:18 : [323] Learning Loss: 54.591
20:18:18 : [324] Fetch Batch
20:18:20 : [324] Run Sess
20:18:23 : [324] Learning Loss: 54.515
20:18:23 : [325] Fetch Batch
20:18:25 : [325] Run Sess
20:18:28 : [325] Learning Loss: 54.830
20:18:28 : [326] Fetch Batch
20:18:29 : [326] Run Sess
20:18:33 : [326] Learning Loss: 54.845
20:18:33 : [327] Fetch Batch
20:18:34 : [327] Run Sess
20:18:38 : [327] Learning Loss: 54.947
20:18:38 : [328] Fetch Batch
20:18:39 : [328] Run Sess
20:18:42 : [328] Learning Loss: 55.084
20:18:42 : [329] Fetch Batch
20:18:44 : [329] Run Sess
20:18:47 : [329] Learning Loss: 54.722
20:18:47 : [330] Fetch Batch
20:18:49 : [330] Run Sess
20:18:52 : [330] Learning Loss: 54.889
20:18:52 : [331] Fetch Batch
20:18:53 : [331] Run Sess
20:18:57 : [331] Learning Loss: 54.316
20:18:57 : [332] Fetch Batch
20:18:58 : [332] Run Sess
20:19:01 : [332] Learning Loss: 54.529
20:19:01 : [333] Fetch Batch
20:19:03 : [333] Run Sess
20:19:06 : [333] Learning Loss: 54.857
20:19:06 : [334] Fetch Batch
20:19:08 : [334] Run Sess
20:19:11 : [334] Learning Loss: 55.773
20:19:11 : [335] Fetch Batch
20:19:12 : [335] Run Sess
20:19:15 : [335] Learning Loss: 55.467
20:19:15 : [336] Fetch Batch
20:19:17 : [336] Run Sess
20:19:20 : [336] Learning Loss: 54.519
20:19:20 : [337] Fetch Batch
20:19:22 : [337] Run Sess
20:19:25 : [337] Learning Loss: 55.217
20:19:25 : [338] Fetch Batch
20:19:27 : [338] Run Sess
20:19:30 : [338] Learning Loss: 54.359
20:19:30 : [339] Fetch Batch
20:19:31 : [339] Run Sess
20:19:34 : [339] Learning Loss: 54.418
20:19:34 : [340] Fetch Batch
20:19:36 : [340] Run Sess
20:19:39 : [340] Learning Loss: 54.879
20:19:39 : [341] Fetch Batch
20:19:41 : [341] Run Sess
20:19:44 : [341] Learning Loss: 54.571
20:19:44 : [342] Fetch Batch
20:19:45 : [342] Run Sess
20:19:49 : [342] Learning Loss: 55.318
20:19:49 : [343] Fetch Batch
20:19:50 : [343] Run Sess
20:19:53 : [343] Learning Loss: 54.599
20:19:53 : [344] Fetch Batch
20:19:55 : [344] Run Sess
20:19:58 : [344] Learning Loss: 54.037
20:19:58 : [345] Fetch Batch
20:20:00 : [345] Run Sess
20:20:03 : [345] Learning Loss: 55.977
20:20:03 : [346] Fetch Batch
20:20:05 : [346] Run Sess
20:20:08 : [346] Learning Loss: 55.011
20:20:08 : [347] Fetch Batch
20:20:09 : [347] Run Sess
20:20:13 : [347] Learning Loss: 53.851
20:20:13 : [348] Fetch Batch
20:20:14 : [348] Run Sess
20:20:17 : [348] Learning Loss: 55.347
20:20:17 : [349] Fetch Batch
20:20:19 : [349] Run Sess
20:20:22 : [349] Learning Loss: 55.767
20:20:22 : [350] Fetch Batch
20:20:24 : [350] Run Sess
20:20:27 : [350] Learning Loss: 54.946
20:20:27 : [351] Fetch Batch
20:20:28 : [351] Run Sess
20:20:31 : [351] Learning Loss: 53.824
20:20:31 : [352] Fetch Batch
20:20:33 : [352] Run Sess
20:20:36 : [352] Learning Loss: 55.319
20:20:36 : [353] Fetch Batch
20:20:38 : [353] Run Sess
20:20:41 : [353] Learning Loss: 55.606
20:20:41 : [354] Fetch Batch
20:20:42 : [354] Run Sess
20:20:46 : [354] Learning Loss: 54.246
20:20:46 : [355] Fetch Batch
20:20:47 : [355] Run Sess
20:20:50 : [355] Learning Loss: 54.225
20:20:50 : [356] Fetch Batch
20:20:52 : [356] Run Sess
20:20:55 : [356] Learning Loss: 54.088
20:20:55 : [357] Fetch Batch
20:20:57 : [357] Run Sess
20:21:00 : [357] Learning Loss: 56.711
20:21:00 : [358] Fetch Batch
20:21:02 : [358] Run Sess
20:21:05 : [358] Learning Loss: 54.053
20:21:05 : [359] Fetch Batch
20:21:06 : [359] Run Sess
20:21:09 : [359] Learning Loss: 57.058
20:21:09 : [360] Fetch Batch
20:21:11 : [360] Run Sess
20:21:14 : [360] Learning Loss: 53.651
20:21:14 : [361] Fetch Batch
20:21:16 : [361] Run Sess
20:21:19 : [361] Learning Loss: 57.466
20:21:19 : [362] Fetch Batch
20:21:21 : [362] Run Sess
20:21:24 : [362] Learning Loss: 53.485
20:21:24 : [363] Fetch Batch
20:21:25 : [363] Run Sess
20:21:29 : [363] Learning Loss: 55.222
20:21:29 : [364] Fetch Batch
20:21:30 : [364] Run Sess
20:21:33 : [364] Learning Loss: 55.104
20:21:33 : [365] Fetch Batch
20:21:35 : [365] Run Sess
20:21:38 : [365] Learning Loss: 55.145
20:21:38 : [366] Fetch Batch
20:21:40 : [366] Run Sess
20:21:43 : [366] Learning Loss: 55.289
20:21:43 : [367] Fetch Batch
20:21:44 : [367] Run Sess
20:21:48 : [367] Learning Loss: 54.704
20:21:48 : [368] Fetch Batch
20:21:49 : [368] Run Sess
20:21:52 : [368] Learning Loss: 54.864
20:21:52 : [369] Fetch Batch
20:21:54 : [369] Run Sess
20:21:57 : [369] Learning Loss: 53.797
20:21:57 : [370] Fetch Batch
20:21:59 : [370] Run Sess
20:22:02 : [370] Learning Loss: 54.854
20:22:02 : [371] Fetch Batch
20:22:03 : [371] Run Sess
20:22:07 : [371] Learning Loss: 54.957
20:22:07 : [372] Fetch Batch
20:22:08 : [372] Run Sess
20:22:11 : [372] Learning Loss: 54.517
20:22:11 : [373] Fetch Batch
20:22:13 : [373] Run Sess
20:22:16 : [373] Learning Loss: 54.929
20:22:16 : [374] Fetch Batch
20:22:18 : [374] Run Sess
20:22:21 : [374] Learning Loss: 54.785
20:22:21 : [375] Fetch Batch
20:22:23 : [375] Run Sess
20:22:26 : [375] Learning Loss: 54.946
20:22:26 : [376] Fetch Batch
20:22:27 : [376] Run Sess
20:22:31 : [376] Learning Loss: 55.543
20:22:31 : [377] Fetch Batch
20:22:32 : [377] Run Sess
20:22:35 : [377] Learning Loss: 55.259
20:22:35 : [378] Fetch Batch
20:22:37 : [378] Run Sess
20:22:40 : [378] Learning Loss: 54.696
20:22:40 : [379] Fetch Batch
20:22:42 : [379] Run Sess
20:22:45 : [379] Learning Loss: 55.066
20:22:45 : [380] Fetch Batch
20:22:47 : [380] Run Sess
20:22:50 : [380] Learning Loss: 54.500
20:22:50 : [381] Fetch Batch
20:22:51 : [381] Run Sess
20:22:54 : [381] Learning Loss: 54.943
20:22:54 : [382] Fetch Batch
20:22:56 : [382] Run Sess
20:22:59 : [382] Learning Loss: 54.305
20:22:59 : [383] Fetch Batch
20:23:01 : [383] Run Sess
20:23:04 : [383] Learning Loss: 55.006
20:23:04 : [384] Fetch Batch
20:23:06 : [384] Run Sess
20:23:09 : [384] Learning Loss: 56.037
20:23:09 : [385] Fetch Batch
20:23:10 : [385] Run Sess
20:23:14 : [385] Learning Loss: 55.838
20:23:14 : [386] Fetch Batch
20:23:15 : [386] Run Sess
20:23:18 : [386] Learning Loss: 54.852
20:23:18 : [387] Fetch Batch
20:23:20 : [387] Run Sess
20:23:23 : [387] Learning Loss: 54.781
20:23:23 : [388] Fetch Batch
20:23:25 : [388] Run Sess
20:23:28 : [388] Learning Loss: 53.907
20:23:28 : [389] Fetch Batch
20:23:29 : [389] Run Sess
20:23:33 : [389] Learning Loss: 55.546
20:23:33 : [390] Fetch Batch
20:23:34 : [390] Run Sess
20:23:37 : [390] Learning Loss: 55.664
20:23:37 : [391] Fetch Batch
20:23:39 : [391] Run Sess
20:23:42 : [391] Learning Loss: 55.603
20:23:42 : [392] Fetch Batch
20:23:44 : [392] Run Sess
20:23:47 : [392] Learning Loss: 55.065
20:23:47 : [393] Fetch Batch
20:23:49 : [393] Run Sess
20:23:52 : [393] Learning Loss: 54.542
20:23:52 : [394] Fetch Batch
20:23:54 : [394] Run Sess
20:23:57 : [394] Learning Loss: 54.190
20:23:57 : [395] Fetch Batch
20:23:59 : [395] Run Sess
20:24:02 : [395] Learning Loss: 54.848
20:24:02 : [396] Fetch Batch
20:24:03 : [396] Run Sess
20:24:07 : [396] Learning Loss: 54.069
20:24:07 : [397] Fetch Batch
20:24:08 : [397] Run Sess
20:24:11 : [397] Learning Loss: 54.759
20:24:11 : [398] Fetch Batch
20:24:13 : [398] Run Sess
20:24:16 : [398] Learning Loss: 54.515
20:24:16 : [399] Fetch Batch
20:24:18 : [399] Run Sess
20:24:21 : [399] Learning Loss: 55.065
20:24:24 :
0.2000	0.2000	0.1935	0.1849	0.1679	0.1455	0.1071	400	54.9696
20:24:24 : [400] Fetch Batch
20:24:25 : [400] Run Sess
20:24:29 : [400] Learning Loss: 56.010
20:24:29 : [401] Fetch Batch
20:24:30 : [401] Run Sess
20:24:33 : [401] Learning Loss: 55.540
20:24:33 : [402] Fetch Batch
20:24:35 : [402] Run Sess
20:24:38 : [402] Learning Loss: 55.568
20:24:38 : [403] Fetch Batch
20:24:40 : [403] Run Sess
20:24:43 : [403] Learning Loss: 55.284
20:24:43 : [404] Fetch Batch
20:24:44 : [404] Run Sess
20:24:48 : [404] Learning Loss: 55.523
20:24:48 : [405] Fetch Batch
20:24:49 : [405] Run Sess
20:24:53 : [405] Learning Loss: 54.663
20:24:53 : [406] Fetch Batch
20:24:54 : [406] Run Sess
20:24:58 : [406] Learning Loss: 54.840
20:24:58 : [407] Fetch Batch
20:24:59 : [407] Run Sess
20:25:02 : [407] Learning Loss: 54.618
20:25:02 : [408] Fetch Batch
20:25:04 : [408] Run Sess
20:25:07 : [408] Learning Loss: 55.294
20:25:07 : [409] Fetch Batch
20:25:08 : [409] Run Sess
20:25:12 : [409] Learning Loss: 55.286
20:25:12 : [410] Fetch Batch
20:25:13 : [410] Run Sess
20:25:16 : [410] Learning Loss: 54.408
20:25:16 : [411] Fetch Batch
20:25:18 : [411] Run Sess
20:25:21 : [411] Learning Loss: 55.200
20:25:21 : [412] Fetch Batch
20:25:23 : [412] Run Sess
20:25:26 : [412] Learning Loss: 55.073
20:25:26 : [413] Fetch Batch
20:25:27 : [413] Run Sess
20:25:31 : [413] Learning Loss: 54.982
20:25:31 : [414] Fetch Batch
20:25:32 : [414] Run Sess
20:25:35 : [414] Learning Loss: 54.314
20:25:35 : [415] Fetch Batch
20:25:37 : [415] Run Sess
20:25:40 : [415] Learning Loss: 54.664
20:25:40 : [416] Fetch Batch
20:25:42 : [416] Run Sess
20:25:45 : [416] Learning Loss: 54.139
20:25:45 : [417] Fetch Batch
20:25:46 : [417] Run Sess
20:25:50 : [417] Learning Loss: 55.350
20:25:50 : [418] Fetch Batch
20:25:51 : [418] Run Sess
20:25:54 : [418] Learning Loss: 55.544
20:25:54 : [419] Fetch Batch
20:25:56 : [419] Run Sess
20:25:59 : [419] Learning Loss: 55.099
20:25:59 : [420] Fetch Batch
20:26:01 : [420] Run Sess
20:26:04 : [420] Learning Loss: 55.429
20:26:04 : [421] Fetch Batch
20:26:05 : [421] Run Sess
20:26:09 : [421] Learning Loss: 55.106
20:26:09 : [422] Fetch Batch
20:26:10 : [422] Run Sess
20:26:13 : [422] Learning Loss: 55.375
20:26:13 : [423] Fetch Batch
20:26:15 : [423] Run Sess
20:26:18 : [423] Learning Loss: 55.071
20:26:18 : [424] Fetch Batch
20:26:20 : [424] Run Sess
20:26:23 : [424] Learning Loss: 55.152
20:26:23 : [425] Fetch Batch
20:26:24 : [425] Run Sess
20:26:28 : [425] Learning Loss: 54.289
20:26:28 : [426] Fetch Batch
20:26:29 : [426] Run Sess
20:26:32 : [426] Learning Loss: 54.925
20:26:32 : [427] Fetch Batch
20:26:34 : [427] Run Sess
20:26:37 : [427] Learning Loss: 54.516
20:26:37 : [428] Fetch Batch
20:26:39 : [428] Run Sess
20:26:42 : [428] Learning Loss: 54.725
20:26:42 : [429] Fetch Batch
20:26:43 : [429] Run Sess
20:26:47 : [429] Learning Loss: 54.616
20:26:47 : [430] Fetch Batch
20:26:48 : [430] Run Sess
