I tensorflow/stream_executor/dso_loader.cc:135] successfully opened CUDA library libcublas.so.8.0 locally
I tensorflow/stream_executor/dso_loader.cc:135] successfully opened CUDA library libcudnn.so.5 locally
I tensorflow/stream_executor/dso_loader.cc:135] successfully opened CUDA library libcufft.so.8.0 locally
I tensorflow/stream_executor/dso_loader.cc:135] successfully opened CUDA library libcuda.so.1 locally
I tensorflow/stream_executor/dso_loader.cc:135] successfully opened CUDA library libcurand.so.8.0 locally
/home/03858/kk28695/.local/lib/python3.5/site-packages/skvideo/__init__.py:356: UserWarning: avconv/avprobe not found in path: 
  warnings.warn("avconv/avprobe not found in path: " + str(path), UserWarning)
00:32:15 : Args:  Namespace(augment=True, batch_size=16, batches_validation=5, class_difficulty='all', controller_type='alex', data_dir='../../images_background', dataset_type='kinetics_dynamic', debug=True, image_height=128, image_width=128, label_type='one_hot', learning_rate=0.001, memory_size=128, memory_vector_dim=40, mode='train', model='MANN', model_save_freq=500, model_saver=False, n_classes=25, n_test_classes=423, n_train_classes=1200, num_epoches=1000, optimizer='adam', read_head_num=4, restore_training=False, rnn_num_layers=1, rnn_size=200, sample_nframes=64, save_dir='job_outputs/experiments', seq_length=100, serialize=True, shift_range=1, summary_writer=True, tensorboard_dir='./summary/one_shot_learning', test_batch_num=100, tf_debug_flag=False, use_pretrained=False, use_subset_classes=True, validation_freq=25, write_head_num=1)
00:32:15 : controller:alex_dataset:kinetics_dynamic_nclasses:25_seqlength:100_pretrained:False_classdifficulty:all
00:32:15 : Loading in Model
00:32:15 : Creating Placeholders
00:32:15 : Creating Cells
00:32:17 : WARNING: Using non-pretrained Alexnet
00:32:17 : Looping through seq
00:32:17 : Seq: [0] Passing data into the cell
00:32:17 : Seq: [1] Passing data into the cell
00:32:18 : Seq: [2] Passing data into the cell
00:32:18 : Seq: [3] Passing data into the cell
00:32:19 : Seq: [4] Passing data into the cell
00:32:19 : Seq: [5] Passing data into the cell
00:32:19 : Seq: [6] Passing data into the cell
00:32:20 : Seq: [7] Passing data into the cell
00:32:20 : Seq: [8] Passing data into the cell
00:32:21 : Seq: [9] Passing data into the cell
00:32:21 : Seq: [10] Passing data into the cell
00:32:22 : Seq: [11] Passing data into the cell
00:32:22 : Seq: [12] Passing data into the cell
00:32:23 : Seq: [13] Passing data into the cell
00:32:23 : Seq: [14] Passing data into the cell
00:32:23 : Seq: [15] Passing data into the cell
00:32:24 : Seq: [16] Passing data into the cell
00:32:24 : Seq: [17] Passing data into the cell
00:32:25 : Seq: [18] Passing data into the cell
00:32:25 : Seq: [19] Passing data into the cell
00:32:26 : Seq: [20] Passing data into the cell
00:32:26 : Seq: [21] Passing data into the cell
00:32:26 : Seq: [22] Passing data into the cell
00:32:27 : Seq: [23] Passing data into the cell
00:32:27 : Seq: [24] Passing data into the cell
00:32:28 : Seq: [25] Passing data into the cell
00:32:28 : Seq: [26] Passing data into the cell
00:32:29 : Seq: [27] Passing data into the cell
00:32:29 : Seq: [28] Passing data into the cell
00:32:30 : Seq: [29] Passing data into the cell
00:32:30 : Seq: [30] Passing data into the cell
00:32:30 : Seq: [31] Passing data into the cell
00:32:31 : Seq: [32] Passing data into the cell
00:32:31 : Seq: [33] Passing data into the cell
00:32:32 : Seq: [34] Passing data into the cell
00:32:32 : Seq: [35] Passing data into the cell
00:32:33 : Seq: [36] Passing data into the cell
00:32:33 : Seq: [37] Passing data into the cell
00:32:34 : Seq: [38] Passing data into the cell
00:32:34 : Seq: [39] Passing data into the cell
00:32:34 : Seq: [40] Passing data into the cell
00:32:35 : Seq: [41] Passing data into the cell
00:32:35 : Seq: [42] Passing data into the cell
00:32:36 : Seq: [43] Passing data into the cell
00:32:36 : Seq: [44] Passing data into the cell
00:32:37 : Seq: [45] Passing data into the cell
00:32:37 : Seq: [46] Passing data into the cell
00:32:38 : Seq: [47] Passing data into the cell
00:32:38 : Seq: [48] Passing data into the cell
00:32:38 : Seq: [49] Passing data into the cell
00:32:39 : Seq: [50] Passing data into the cell
00:32:39 : Seq: [51] Passing data into the cell
00:32:40 : Seq: [52] Passing data into the cell
00:32:40 : Seq: [53] Passing data into the cell
00:32:41 : Seq: [54] Passing data into the cell
00:32:41 : Seq: [55] Passing data into the cell
00:32:42 : Seq: [56] Passing data into the cell
00:32:42 : Seq: [57] Passing data into the cell
00:32:42 : Seq: [58] Passing data into the cell
00:32:43 : Seq: [59] Passing data into the cell
00:32:43 : Seq: [60] Passing data into the cell
00:32:44 : Seq: [61] Passing data into the cell
00:32:44 : Seq: [62] Passing data into the cell
00:32:44 : Seq: [63] Passing data into the cell
00:32:45 : Seq: [64] Passing data into the cell
00:32:45 : Seq: [65] Passing data into the cell
00:32:46 : Seq: [66] Passing data into the cell
00:32:46 : Seq: [67] Passing data into the cell
00:32:47 : Seq: [68] Passing data into the cell
00:32:47 : Seq: [69] Passing data into the cell
00:32:48 : Seq: [70] Passing data into the cell
00:32:48 : Seq: [71] Passing data into the cell
00:32:49 : Seq: [72] Passing data into the cell
00:32:49 : Seq: [73] Passing data into the cell
00:32:49 : Seq: [74] Passing data into the cell
00:32:50 : Seq: [75] Passing data into the cell
00:32:50 : Seq: [76] Passing data into the cell
00:32:51 : Seq: [77] Passing data into the cell
00:32:51 : Seq: [78] Passing data into the cell
00:32:52 : Seq: [79] Passing data into the cell
00:32:52 : Seq: [80] Passing data into the cell
00:32:52 : Seq: [81] Passing data into the cell
00:32:53 : Seq: [82] Passing data into the cell
00:32:53 : Seq: [83] Passing data into the cell
00:32:54 : Seq: [84] Passing data into the cell
00:32:54 : Seq: [85] Passing data into the cell
00:32:54 : Seq: [86] Passing data into the cell
00:32:55 : Seq: [87] Passing data into the cell
00:32:55 : Seq: [88] Passing data into the cell
00:32:56 : Seq: [89] Passing data into the cell
00:32:57 : Seq: [90] Passing data into the cell
00:32:57 : Seq: [91] Passing data into the cell
00:32:57 : Seq: [92] Passing data into the cell
00:32:58 : Seq: [93] Passing data into the cell
00:32:58 : Seq: [94] Passing data into the cell
00:32:59 : Seq: [95] Passing data into the cell
00:32:59 : Seq: [96] Passing data into the cell
00:32:59 : Seq: [97] Passing data into the cell
00:33:00 : Seq: [98] Passing data into the cell
00:33:00 : Seq: [99] Passing data into the cell
00:33:01 : Defining Loss
00:33:01 : Total number of variables used  5001333
00:33:01 : Defining optimizer
00:35:39 : Finished Definining Model
00:35:39 : Loading Data
00:35:45 : Starting Session
I tensorflow/core/common_runtime/gpu/gpu_device.cc:885] Found device 0 with properties: 
name: Tesla K40m
major: 3 minor: 5 memoryClockRate (GHz) 0.745
pciBusID 0000:08:00.0
Total memory: 11.17GiB
Free memory: 11.10GiB
I tensorflow/core/common_runtime/gpu/gpu_device.cc:906] DMA: 0 
I tensorflow/core/common_runtime/gpu/gpu_device.cc:916] 0:   Y 
I tensorflow/core/common_runtime/gpu/gpu_device.cc:975] Creating TensorFlow device (/gpu:0) -> (device: 0, name: Tesla K40m, pci bus id: 0000:08:00.0)
00:35:46 : Started Session
I tensorflow/compiler/xla/service/platform_util.cc:58] platform CUDA present with 1 visible devices
I tensorflow/compiler/xla/service/platform_util.cc:58] platform Host present with 20 visible devices
I tensorflow/compiler/xla/service/service.cc:180] XLA service executing computations on platform Host. Devices:
I tensorflow/compiler/xla/service/service.cc:187]   StreamExecutor device (0): <undefined>, <undefined>
I tensorflow/compiler/xla/service/platform_util.cc:58] platform CUDA present with 1 visible devices
I tensorflow/compiler/xla/service/platform_util.cc:58] platform Host present with 20 visible devices
I tensorflow/compiler/xla/service/service.cc:180] XLA service executing computations on platform CUDA. Devices:
I tensorflow/compiler/xla/service/service.cc:187]   StreamExecutor device (0): Tesla K40m, Compute Capability 3.5
00:36:55 : Finished Initialization
00:40:49 : Train Writer Finished
00:40:49 : Namespace(augment=True, batch_size=16, batches_validation=5, class_difficulty='all', controller_type='alex', data_dir='../../images_background', dataset_type='kinetics_dynamic', debug=True, image_height=128, image_width=128, label_type='one_hot', learning_rate=0.001, memory_size=128, memory_vector_dim=40, mode='train', model='MANN', model_save_freq=500, model_saver=False, n_classes=25, n_test_classes=423, n_train_classes=1200, num_epoches=1000, optimizer='adam', output_dim=25, read_head_num=4, restore_training=False, rnn_num_layers=1, rnn_size=200, sample_nframes=64, save_dir='job_outputs/experiments', seq_length=100, serialize=True, shift_range=1, summary_writer=True, tensorboard_dir='./summary/one_shot_learning', test_batch_num=100, tf_debug_flag=False, use_pretrained=False, use_subset_classes=True, validation_freq=25, write_head_num=1)
00:40:49 : 1st	2nd	3rd	4th	5th	6th	7th	8th	9th	10th	batch	loss
00:41:34 :	0.0418	0.0482	0.0446	0.0450	0.0430	0.0375	0.0343	
00:41:34 :	1964	1804	1502	1112	745	453	233	0	319.6837
00:41:34 : [0] Fetch Batch
00:41:40 : [0] Run Sess
00:41:58 : [0] Learning Loss: 318.944
00:41:58 : [1] Fetch Batch
00:42:04 : [1] Run Sess
00:42:09 : [1] Learning Loss: 329.821
00:42:09 : [2] Fetch Batch
00:42:15 : [2] Run Sess
00:42:20 : [2] Learning Loss: 320.976
00:42:20 : [3] Fetch Batch
00:42:25 : [3] Run Sess
00:42:30 : [3] Learning Loss: 318.219
00:42:30 : [4] Fetch Batch
00:42:36 : [4] Run Sess
00:42:41 : [4] Learning Loss: 317.685
00:42:41 : [5] Fetch Batch
00:42:45 : [5] Run Sess
00:42:50 : [5] Learning Loss: 317.569
00:42:50 : [6] Fetch Batch
00:42:54 : [6] Run Sess
00:43:00 : [6] Learning Loss: 318.466
00:43:00 : [7] Fetch Batch
00:43:03 : [7] Run Sess
00:43:08 : [7] Learning Loss: 317.774
00:43:08 : [8] Fetch Batch
00:43:12 : [8] Run Sess
00:43:17 : [8] Learning Loss: 317.872
00:43:17 : [9] Fetch Batch
00:43:20 : [9] Run Sess
00:43:25 : [9] Learning Loss: 317.851
00:43:25 : [10] Fetch Batch
00:43:29 : [10] Run Sess
00:43:34 : [10] Learning Loss: 317.360
00:43:34 : [11] Fetch Batch
00:43:37 : [11] Run Sess
00:43:42 : [11] Learning Loss: 317.807
00:43:42 : [12] Fetch Batch
00:43:46 : [12] Run Sess
00:43:51 : [12] Learning Loss: 316.480
00:43:51 : [13] Fetch Batch
00:43:54 : [13] Run Sess
00:43:59 : [13] Learning Loss: 317.819
00:43:59 : [14] Fetch Batch
00:44:02 : [14] Run Sess
00:44:07 : [14] Learning Loss: 316.211
00:44:07 : [15] Fetch Batch
00:44:10 : [15] Run Sess
00:44:15 : [15] Learning Loss: 316.426
00:44:15 : [16] Fetch Batch
00:44:18 : [16] Run Sess
00:44:23 : [16] Learning Loss: 314.922
00:44:23 : [17] Fetch Batch
00:44:26 : [17] Run Sess
00:44:31 : [17] Learning Loss: 316.192
00:44:31 : [18] Fetch Batch
00:44:35 : [18] Run Sess
00:44:40 : [18] Learning Loss: 315.787
00:44:40 : [19] Fetch Batch
00:44:43 : [19] Run Sess
00:44:48 : [19] Learning Loss: 315.156
00:44:48 : [20] Fetch Batch
00:44:51 : [20] Run Sess
00:44:56 : [20] Learning Loss: 315.995
00:44:56 : [21] Fetch Batch
00:44:59 : [21] Run Sess
00:45:04 : [21] Learning Loss: 315.588
00:45:04 : [22] Fetch Batch
00:45:07 : [22] Run Sess
00:45:12 : [22] Learning Loss: 315.277
00:45:12 : [23] Fetch Batch
00:45:15 : [23] Run Sess
00:45:20 : [23] Learning Loss: 315.474
00:45:20 : [24] Fetch Batch
00:45:23 : [24] Run Sess
00:45:28 : [24] Learning Loss: 315.090
00:46:03 :	0.1038	0.1233	0.1273	0.1382	0.1230	0.1475	0.1587	
00:46:03 :	1966	1816	1532	1158	740	434	208	25	314.4485
00:46:03 : [25] Fetch Batch
00:46:05 : [25] Run Sess
00:46:10 : [25] Learning Loss: 313.982
00:46:10 : [26] Fetch Batch
00:46:14 : [26] Run Sess
00:46:19 : [26] Learning Loss: 313.898
00:46:19 : [27] Fetch Batch
00:46:22 : [27] Run Sess
00:46:27 : [27] Learning Loss: 313.786
00:46:27 : [28] Fetch Batch
00:46:30 : [28] Run Sess
00:46:35 : [28] Learning Loss: 313.439
00:46:35 : [29] Fetch Batch
00:46:38 : [29] Run Sess
00:46:43 : [29] Learning Loss: 313.859
00:46:43 : [30] Fetch Batch
00:46:46 : [30] Run Sess
00:46:51 : [30] Learning Loss: 312.929
00:46:51 : [31] Fetch Batch
00:46:54 : [31] Run Sess
00:46:59 : [31] Learning Loss: 313.281
00:46:59 : [32] Fetch Batch
00:47:02 : [32] Run Sess
00:47:07 : [32] Learning Loss: 312.218
00:47:07 : [33] Fetch Batch
00:47:10 : [33] Run Sess
00:47:15 : [33] Learning Loss: 312.107
00:47:15 : [34] Fetch Batch
00:47:18 : [34] Run Sess
00:47:23 : [34] Learning Loss: 311.736
00:47:23 : [35] Fetch Batch
00:47:26 : [35] Run Sess
00:47:31 : [35] Learning Loss: 311.392
00:47:31 : [36] Fetch Batch
00:47:34 : [36] Run Sess
00:47:39 : [36] Learning Loss: 313.039
00:47:39 : [37] Fetch Batch
00:47:42 : [37] Run Sess
00:47:47 : [37] Learning Loss: 310.376
00:47:47 : [38] Fetch Batch
00:47:50 : [38] Run Sess
slurmstepd: error: *** JOB 756225 ON c224-102 CANCELLED AT 2017-12-05T00:47:53 ***
