I tensorflow/stream_executor/dso_loader.cc:135] successfully opened CUDA library libcublas.so.8.0 locally
I tensorflow/stream_executor/dso_loader.cc:135] successfully opened CUDA library libcudnn.so.5 locally
I tensorflow/stream_executor/dso_loader.cc:135] successfully opened CUDA library libcufft.so.8.0 locally
I tensorflow/stream_executor/dso_loader.cc:135] successfully opened CUDA library libcuda.so.1 locally
I tensorflow/stream_executor/dso_loader.cc:135] successfully opened CUDA library libcurand.so.8.0 locally
/home/03858/kk28695/.local/lib/python3.5/site-packages/skvideo/__init__.py:356: UserWarning: avconv/avprobe not found in path: 
  warnings.warn("avconv/avprobe not found in path: " + str(path), UserWarning)
00:32:34 : Args:  Namespace(augment=True, batch_size=16, batches_validation=5, class_difficulty='all', controller_type='alex', data_dir='../../images_background', dataset_type='kinetics_dynamic', debug=True, image_height=128, image_width=128, label_type='one_hot', learning_rate=0.001, memory_size=128, memory_vector_dim=40, mode='train', model='MANN', model_save_freq=500, model_saver=False, n_classes=25, n_test_classes=423, n_train_classes=1200, num_epoches=1000, optimizer='adam', read_head_num=4, restore_training=False, rnn_num_layers=1, rnn_size=200, sample_nframes=64, save_dir='job_outputs/experiments', seq_length=100, serialize=True, shift_range=1, summary_writer=True, tensorboard_dir='./summary/one_shot_learning', test_batch_num=100, tf_debug_flag=False, use_pretrained=True, use_subset_classes=True, validation_freq=25, write_head_num=1)
00:32:34 : controller:alex_dataset:kinetics_dynamic_nclasses:25_seqlength:100_pretrained:True_classdifficulty:all
00:32:34 : Loading in Model
00:32:34 : Creating Placeholders
00:32:34 : Creating Cells
00:32:36 : WARNING: Using pretrained Alexnet
00:32:37 : Looping through seq
00:32:37 : Seq: [0] Passing data into the cell
00:32:37 : Seq: [1] Passing data into the cell
00:32:38 : Seq: [2] Passing data into the cell
00:32:38 : Seq: [3] Passing data into the cell
00:32:39 : Seq: [4] Passing data into the cell
00:32:39 : Seq: [5] Passing data into the cell
00:32:40 : Seq: [6] Passing data into the cell
00:32:40 : Seq: [7] Passing data into the cell
00:32:41 : Seq: [8] Passing data into the cell
00:32:41 : Seq: [9] Passing data into the cell
00:32:42 : Seq: [10] Passing data into the cell
00:32:42 : Seq: [11] Passing data into the cell
00:32:43 : Seq: [12] Passing data into the cell
00:32:43 : Seq: [13] Passing data into the cell
00:32:43 : Seq: [14] Passing data into the cell
00:32:44 : Seq: [15] Passing data into the cell
00:32:44 : Seq: [16] Passing data into the cell
00:32:45 : Seq: [17] Passing data into the cell
00:32:45 : Seq: [18] Passing data into the cell
00:32:46 : Seq: [19] Passing data into the cell
00:32:46 : Seq: [20] Passing data into the cell
00:32:47 : Seq: [21] Passing data into the cell
00:32:47 : Seq: [22] Passing data into the cell
00:32:48 : Seq: [23] Passing data into the cell
00:32:48 : Seq: [24] Passing data into the cell
00:32:49 : Seq: [25] Passing data into the cell
00:32:49 : Seq: [26] Passing data into the cell
00:32:50 : Seq: [27] Passing data into the cell
00:32:50 : Seq: [28] Passing data into the cell
00:32:51 : Seq: [29] Passing data into the cell
00:32:51 : Seq: [30] Passing data into the cell
00:32:52 : Seq: [31] Passing data into the cell
00:32:52 : Seq: [32] Passing data into the cell
00:32:53 : Seq: [33] Passing data into the cell
00:32:53 : Seq: [34] Passing data into the cell
00:32:53 : Seq: [35] Passing data into the cell
00:32:54 : Seq: [36] Passing data into the cell
00:32:54 : Seq: [37] Passing data into the cell
00:32:55 : Seq: [38] Passing data into the cell
00:32:55 : Seq: [39] Passing data into the cell
00:32:56 : Seq: [40] Passing data into the cell
00:32:56 : Seq: [41] Passing data into the cell
00:32:57 : Seq: [42] Passing data into the cell
00:32:57 : Seq: [43] Passing data into the cell
00:32:58 : Seq: [44] Passing data into the cell
00:32:58 : Seq: [45] Passing data into the cell
00:32:59 : Seq: [46] Passing data into the cell
00:32:59 : Seq: [47] Passing data into the cell
00:33:00 : Seq: [48] Passing data into the cell
00:33:00 : Seq: [49] Passing data into the cell
00:33:00 : Seq: [50] Passing data into the cell
00:33:01 : Seq: [51] Passing data into the cell
00:33:02 : Seq: [52] Passing data into the cell
00:33:02 : Seq: [53] Passing data into the cell
00:33:03 : Seq: [54] Passing data into the cell
00:33:03 : Seq: [55] Passing data into the cell
00:33:03 : Seq: [56] Passing data into the cell
00:33:04 : Seq: [57] Passing data into the cell
00:33:04 : Seq: [58] Passing data into the cell
00:33:05 : Seq: [59] Passing data into the cell
00:33:05 : Seq: [60] Passing data into the cell
00:33:06 : Seq: [61] Passing data into the cell
00:33:06 : Seq: [62] Passing data into the cell
00:33:07 : Seq: [63] Passing data into the cell
00:33:07 : Seq: [64] Passing data into the cell
00:33:08 : Seq: [65] Passing data into the cell
00:33:08 : Seq: [66] Passing data into the cell
00:33:09 : Seq: [67] Passing data into the cell
00:33:09 : Seq: [68] Passing data into the cell
00:33:10 : Seq: [69] Passing data into the cell
00:33:10 : Seq: [70] Passing data into the cell
00:33:11 : Seq: [71] Passing data into the cell
00:33:11 : Seq: [72] Passing data into the cell
00:33:12 : Seq: [73] Passing data into the cell
00:33:12 : Seq: [74] Passing data into the cell
00:33:12 : Seq: [75] Passing data into the cell
00:33:13 : Seq: [76] Passing data into the cell
00:33:13 : Seq: [77] Passing data into the cell
00:33:14 : Seq: [78] Passing data into the cell
00:33:14 : Seq: [79] Passing data into the cell
00:33:15 : Seq: [80] Passing data into the cell
00:33:15 : Seq: [81] Passing data into the cell
00:33:16 : Seq: [82] Passing data into the cell
00:33:16 : Seq: [83] Passing data into the cell
00:33:17 : Seq: [84] Passing data into the cell
00:33:17 : Seq: [85] Passing data into the cell
00:33:18 : Seq: [86] Passing data into the cell
00:33:18 : Seq: [87] Passing data into the cell
00:33:19 : Seq: [88] Passing data into the cell
00:33:19 : Seq: [89] Passing data into the cell
00:33:20 : Seq: [90] Passing data into the cell
00:33:20 : Seq: [91] Passing data into the cell
00:33:21 : Seq: [92] Passing data into the cell
00:33:21 : Seq: [93] Passing data into the cell
00:33:21 : Seq: [94] Passing data into the cell
00:33:22 : Seq: [95] Passing data into the cell
00:33:22 : Seq: [96] Passing data into the cell
00:33:23 : Seq: [97] Passing data into the cell
00:33:23 : Seq: [98] Passing data into the cell
00:33:24 : Seq: [99] Passing data into the cell
00:33:24 : Defining Loss
00:33:24 : Total number of variables used  6290997
00:33:24 : Defining optimizer
00:36:14 : Finished Definining Model
00:36:14 : Loading Data
00:36:20 : Starting Session
I tensorflow/core/common_runtime/gpu/gpu_device.cc:885] Found device 0 with properties: 
name: Tesla K40m
major: 3 minor: 5 memoryClockRate (GHz) 0.745
pciBusID 0000:08:00.0
Total memory: 11.17GiB
Free memory: 11.10GiB
I tensorflow/core/common_runtime/gpu/gpu_device.cc:906] DMA: 0 
I tensorflow/core/common_runtime/gpu/gpu_device.cc:916] 0:   Y 
I tensorflow/core/common_runtime/gpu/gpu_device.cc:975] Creating TensorFlow device (/gpu:0) -> (device: 0, name: Tesla K40m, pci bus id: 0000:08:00.0)
00:36:21 : Started Session
I tensorflow/compiler/xla/service/platform_util.cc:58] platform CUDA present with 1 visible devices
I tensorflow/compiler/xla/service/platform_util.cc:58] platform Host present with 20 visible devices
I tensorflow/compiler/xla/service/service.cc:180] XLA service executing computations on platform Host. Devices:
I tensorflow/compiler/xla/service/service.cc:187]   StreamExecutor device (0): <undefined>, <undefined>
I tensorflow/compiler/xla/service/platform_util.cc:58] platform CUDA present with 1 visible devices
I tensorflow/compiler/xla/service/platform_util.cc:58] platform Host present with 20 visible devices
I tensorflow/compiler/xla/service/service.cc:180] XLA service executing computations on platform CUDA. Devices:
I tensorflow/compiler/xla/service/service.cc:187]   StreamExecutor device (0): Tesla K40m, Compute Capability 3.5
00:37:36 : Finished Initialization
00:41:46 : Train Writer Finished
00:41:46 : Namespace(augment=True, batch_size=16, batches_validation=5, class_difficulty='all', controller_type='alex', data_dir='../../images_background', dataset_type='kinetics_dynamic', debug=True, image_height=128, image_width=128, label_type='one_hot', learning_rate=0.001, memory_size=128, memory_vector_dim=40, mode='train', model='MANN', model_save_freq=500, model_saver=False, n_classes=25, n_test_classes=423, n_train_classes=1200, num_epoches=1000, optimizer='adam', output_dim=25, read_head_num=4, restore_training=False, rnn_num_layers=1, rnn_size=200, sample_nframes=64, save_dir='job_outputs/experiments', seq_length=100, serialize=True, shift_range=1, summary_writer=True, tensorboard_dir='./summary/one_shot_learning', test_batch_num=100, tf_debug_flag=False, use_pretrained=True, use_subset_classes=True, validation_freq=25, write_head_num=1)
00:41:46 : 1st	2nd	3rd	4th	5th	6th	7th	8th	9th	10th	batch	loss
00:42:32 :	0.0443	0.0420	0.0449	0.0425	0.0466	0.0548	0.0694	
00:42:32 :	1963	1811	1514	1129	751	438	216	0	319.9256
00:42:32 : [0] Fetch Batch
00:42:38 : [0] Run Sess
00:42:57 : [0] Learning Loss: 320.342
00:42:57 : [1] Fetch Batch
00:43:02 : [1] Run Sess
00:43:07 : [1] Learning Loss: 342.548
00:43:07 : [2] Fetch Batch
00:43:11 : [2] Run Sess
00:43:17 : [2] Learning Loss: 321.353
00:43:17 : [3] Fetch Batch
00:43:21 : [3] Run Sess
00:43:26 : [3] Learning Loss: 319.753
00:43:26 : [4] Fetch Batch
00:43:30 : [4] Run Sess
00:43:35 : [4] Learning Loss: 318.548
00:43:35 : [5] Fetch Batch
00:43:39 : [5] Run Sess
00:43:44 : [5] Learning Loss: 318.554
00:43:44 : [6] Fetch Batch
00:43:48 : [6] Run Sess
00:43:53 : [6] Learning Loss: 319.189
00:43:53 : [7] Fetch Batch
00:43:56 : [7] Run Sess
00:44:02 : [7] Learning Loss: 318.129
00:44:02 : [8] Fetch Batch
00:44:06 : [8] Run Sess
00:44:11 : [8] Learning Loss: 317.101
00:44:11 : [9] Fetch Batch
00:44:14 : [9] Run Sess
00:44:19 : [9] Learning Loss: 318.549
00:44:19 : [10] Fetch Batch
00:44:22 : [10] Run Sess
00:44:28 : [10] Learning Loss: 317.717
00:44:28 : [11] Fetch Batch
00:44:31 : [11] Run Sess
00:44:37 : [11] Learning Loss: 317.960
00:44:37 : [12] Fetch Batch
00:44:40 : [12] Run Sess
00:44:45 : [12] Learning Loss: 317.888
00:44:45 : [13] Fetch Batch
00:44:48 : [13] Run Sess
00:44:53 : [13] Learning Loss: 317.256
00:44:53 : [14] Fetch Batch
00:44:57 : [14] Run Sess
00:45:02 : [14] Learning Loss: 317.240
00:45:02 : [15] Fetch Batch
00:45:05 : [15] Run Sess
00:45:10 : [15] Learning Loss: 316.856
00:45:10 : [16] Fetch Batch
00:45:13 : [16] Run Sess
00:45:18 : [16] Learning Loss: 317.638
00:45:18 : [17] Fetch Batch
00:45:22 : [17] Run Sess
00:45:27 : [17] Learning Loss: 316.904
00:45:27 : [18] Fetch Batch
00:45:30 : [18] Run Sess
00:45:35 : [18] Learning Loss: 316.068
00:45:35 : [19] Fetch Batch
00:45:38 : [19] Run Sess
00:45:43 : [19] Learning Loss: 315.825
00:45:43 : [20] Fetch Batch
00:45:47 : [20] Run Sess
00:45:52 : [20] Learning Loss: 315.619
00:45:52 : [21] Fetch Batch
00:45:55 : [21] Run Sess
00:46:01 : [21] Learning Loss: 316.573
00:46:01 : [22] Fetch Batch
00:46:05 : [22] Run Sess
00:46:10 : [22] Learning Loss: 314.725
00:46:10 : [23] Fetch Batch
00:46:13 : [23] Run Sess
00:46:19 : [23] Learning Loss: 317.851
00:46:19 : [24] Fetch Batch
00:46:22 : [24] Run Sess
00:46:27 : [24] Learning Loss: 316.121
00:47:04 :	0.1368	0.1130	0.0672	0.0504	0.0304	0.0324	0.0206	
00:47:04 :	1959	1788	1502	1132	757	432	243	25	315.6880
00:47:04 : [25] Fetch Batch
00:47:07 : [25] Run Sess
00:47:13 : [25] Learning Loss: 314.997
00:47:13 : [26] Fetch Batch
00:47:16 : [26] Run Sess
00:47:21 : [26] Learning Loss: 315.418
00:47:21 : [27] Fetch Batch
00:47:24 : [27] Run Sess
00:47:30 : [27] Learning Loss: 315.160
00:47:30 : [28] Fetch Batch
00:47:33 : [28] Run Sess
00:47:39 : [28] Learning Loss: 314.710
00:47:39 : [29] Fetch Batch
00:47:42 : [29] Run Sess
00:47:47 : [29] Learning Loss: 314.201
00:47:47 : [30] Fetch Batch
slurmstepd: error: *** JOB 756226 ON c224-603 CANCELLED AT 2017-12-05T00:47:50 ***
