I tensorflow/stream_executor/dso_loader.cc:135] successfully opened CUDA library libcublas.so.8.0 locally
I tensorflow/stream_executor/dso_loader.cc:135] successfully opened CUDA library libcudnn.so.5 locally
I tensorflow/stream_executor/dso_loader.cc:135] successfully opened CUDA library libcufft.so.8.0 locally
I tensorflow/stream_executor/dso_loader.cc:135] successfully opened CUDA library libcuda.so.1 locally
I tensorflow/stream_executor/dso_loader.cc:135] successfully opened CUDA library libcurand.so.8.0 locally
/home/03858/kk28695/.local/lib/python3.5/site-packages/skvideo/__init__.py:356: UserWarning: avconv/avprobe not found in path: 
  warnings.warn("avconv/avprobe not found in path: " + str(path), UserWarning)
11:29:27 : Args:  Namespace(augment=True, batch_size=16, batches_validation=5, class_difficulty='all', controller_type='alex', data_dir='../../images_background', dataset_type='kinetics_dynamic', debug=True, image_height=128, image_width=128, label_type='one_hot', learning_rate=0.001, memory_size=128, memory_vector_dim=40, mode='train', model='MANN', model_save_freq=500, model_saver=False, n_classes=25, n_test_classes=423, n_train_classes=1200, num_epoches=1000, optimizer='adam', read_head_num=4, restore_training=False, rnn_num_layers=1, rnn_size=200, sample_nframes=64, save_dir='job_outputs/experiments', seq_length=100, serialize=True, shift_range=1, summary_writer=True, tensorboard_dir='./summary/one_shot_learning', test_batch_num=100, tf_debug_flag=False, use_pretrained=True, use_subset_classes=True, validation_freq=25, write_head_num=1)
11:29:27 : controller:alex_dataset:kinetics_dynamic_nclasses:25_seqlength:100_pretrained:True_classdifficulty:all
11:29:27 : Loading in Model
11:29:27 : Creating Placeholders
11:29:27 : Creating Cells
11:29:29 : WARNING: Using pretrained Alexnet
11:29:30 : Looping through seq
11:29:30 : Seq: [0] Passing data into the cell
11:29:30 : Seq: [1] Passing data into the cell
11:29:31 : Seq: [2] Passing data into the cell
11:29:31 : Seq: [3] Passing data into the cell
11:29:32 : Seq: [4] Passing data into the cell
11:29:32 : Seq: [5] Passing data into the cell
11:29:33 : Seq: [6] Passing data into the cell
11:29:33 : Seq: [7] Passing data into the cell
11:29:34 : Seq: [8] Passing data into the cell
11:29:34 : Seq: [9] Passing data into the cell
11:29:34 : Seq: [10] Passing data into the cell
11:29:35 : Seq: [11] Passing data into the cell
11:29:35 : Seq: [12] Passing data into the cell
11:29:36 : Seq: [13] Passing data into the cell
11:29:36 : Seq: [14] Passing data into the cell
11:29:37 : Seq: [15] Passing data into the cell
11:29:37 : Seq: [16] Passing data into the cell
11:29:38 : Seq: [17] Passing data into the cell
11:29:38 : Seq: [18] Passing data into the cell
11:29:39 : Seq: [19] Passing data into the cell
11:29:39 : Seq: [20] Passing data into the cell
11:29:40 : Seq: [21] Passing data into the cell
11:29:40 : Seq: [22] Passing data into the cell
11:29:41 : Seq: [23] Passing data into the cell
11:29:41 : Seq: [24] Passing data into the cell
11:29:42 : Seq: [25] Passing data into the cell
11:29:42 : Seq: [26] Passing data into the cell
11:29:42 : Seq: [27] Passing data into the cell
11:29:43 : Seq: [28] Passing data into the cell
11:29:43 : Seq: [29] Passing data into the cell
11:29:44 : Seq: [30] Passing data into the cell
11:29:44 : Seq: [31] Passing data into the cell
11:29:45 : Seq: [32] Passing data into the cell
11:29:45 : Seq: [33] Passing data into the cell
11:29:46 : Seq: [34] Passing data into the cell
11:29:46 : Seq: [35] Passing data into the cell
11:29:47 : Seq: [36] Passing data into the cell
11:29:47 : Seq: [37] Passing data into the cell
11:29:48 : Seq: [38] Passing data into the cell
11:29:48 : Seq: [39] Passing data into the cell
11:29:49 : Seq: [40] Passing data into the cell
11:29:49 : Seq: [41] Passing data into the cell
11:29:50 : Seq: [42] Passing data into the cell
11:29:50 : Seq: [43] Passing data into the cell
11:29:51 : Seq: [44] Passing data into the cell
11:29:51 : Seq: [45] Passing data into the cell
11:29:52 : Seq: [46] Passing data into the cell
11:29:52 : Seq: [47] Passing data into the cell
11:29:52 : Seq: [48] Passing data into the cell
11:29:53 : Seq: [49] Passing data into the cell
11:29:53 : Seq: [50] Passing data into the cell
11:29:54 : Seq: [51] Passing data into the cell
11:29:54 : Seq: [52] Passing data into the cell
11:29:55 : Seq: [53] Passing data into the cell
11:29:55 : Seq: [54] Passing data into the cell
11:29:56 : Seq: [55] Passing data into the cell
11:29:56 : Seq: [56] Passing data into the cell
11:29:57 : Seq: [57] Passing data into the cell
11:29:57 : Seq: [58] Passing data into the cell
11:29:58 : Seq: [59] Passing data into the cell
11:29:58 : Seq: [60] Passing data into the cell
11:29:59 : Seq: [61] Passing data into the cell
11:29:59 : Seq: [62] Passing data into the cell
11:29:59 : Seq: [63] Passing data into the cell
11:30:00 : Seq: [64] Passing data into the cell
11:30:00 : Seq: [65] Passing data into the cell
11:30:01 : Seq: [66] Passing data into the cell
11:30:02 : Seq: [67] Passing data into the cell
11:30:02 : Seq: [68] Passing data into the cell
11:30:02 : Seq: [69] Passing data into the cell
11:30:03 : Seq: [70] Passing data into the cell
11:30:03 : Seq: [71] Passing data into the cell
11:30:04 : Seq: [72] Passing data into the cell
11:30:04 : Seq: [73] Passing data into the cell
11:30:05 : Seq: [74] Passing data into the cell
11:30:05 : Seq: [75] Passing data into the cell
11:30:06 : Seq: [76] Passing data into the cell
11:30:06 : Seq: [77] Passing data into the cell
11:30:07 : Seq: [78] Passing data into the cell
11:30:07 : Seq: [79] Passing data into the cell
11:30:07 : Seq: [80] Passing data into the cell
11:30:08 : Seq: [81] Passing data into the cell
11:30:08 : Seq: [82] Passing data into the cell
11:30:09 : Seq: [83] Passing data into the cell
11:30:10 : Seq: [84] Passing data into the cell
11:30:10 : Seq: [85] Passing data into the cell
11:30:11 : Seq: [86] Passing data into the cell
11:30:11 : Seq: [87] Passing data into the cell
11:30:12 : Seq: [88] Passing data into the cell
11:30:12 : Seq: [89] Passing data into the cell
11:30:13 : Seq: [90] Passing data into the cell
11:30:13 : Seq: [91] Passing data into the cell
11:30:14 : Seq: [92] Passing data into the cell
11:30:14 : Seq: [93] Passing data into the cell
11:30:15 : Seq: [94] Passing data into the cell
11:30:15 : Seq: [95] Passing data into the cell
11:30:15 : Seq: [96] Passing data into the cell
11:30:16 : Seq: [97] Passing data into the cell
11:30:16 : Seq: [98] Passing data into the cell
11:30:17 : Seq: [99] Passing data into the cell
11:30:17 : Defining Loss
11:30:17 : Total number of variables used  6290997
11:30:17 : Defining optimizer
11:33:09 : Finished Definining Model
11:33:09 : Loading Data
Traceback (most recent call last):
  File "one_shot_learning.py", line 252, in <module>
    main()
  File "one_shot_learning.py", line 57, in main
    train(args)
  File "one_shot_learning.py", line 78, in train
    data_loader = InputLoader('dynamic_image', 'train', im_size=args.image_height, args=args)
  File "/work/03858/kk28695/maverick/FinalProj/kShotActionRecognition/src/input_loader.py", line 20, in __init__
    use_subset_classes=args.use_subset_classes)
  File "/work/03858/kk28695/maverick/FinalProj/kShotActionRecognition/src/util.py", line 134, in get_videos_lst
    if use_subset_classes and get_vtype_for_lab(class_difficulty, label) != v_type:
  File "/work/03858/kk28695/maverick/FinalProj/kShotActionRecognition/src/util.py", line 104, in get_vtype_for_lab
    train_labs = np.load(train_labs_file)
  File "/opt/apps/gcc4_9/python3/3.5.2/lib/python3.5/site-packages/numpy-1.11.0-py3.5-linux-x86_64.egg/numpy/lib/npyio.py", line 362, in load
    fid = open(file, "rb")
FileNotFoundError: [Errno 2] No such file or directory: '../data/train_labels.npy'
