I tensorflow/stream_executor/dso_loader.cc:135] successfully opened CUDA library libcublas.so.8.0 locally
I tensorflow/stream_executor/dso_loader.cc:135] successfully opened CUDA library libcudnn.so.5 locally
I tensorflow/stream_executor/dso_loader.cc:135] successfully opened CUDA library libcufft.so.8.0 locally
I tensorflow/stream_executor/dso_loader.cc:135] successfully opened CUDA library libcuda.so.1 locally
I tensorflow/stream_executor/dso_loader.cc:135] successfully opened CUDA library libcurand.so.8.0 locally
/home/03858/kk28695/.local/lib/python3.5/site-packages/skvideo/__init__.py:356: UserWarning: avconv/avprobe not found in path: 
  warnings.warn("avconv/avprobe not found in path: " + str(path), UserWarning)
20:23:56 : Args:  Namespace(augment=True, batch_size=16, controller_type='default', data_dir='../../images_background', dataset_type='omniglot', debug='True', image_height=20, image_width=20, label_type='one_hot', learning_rate=0.001, memory_size=128, memory_vector_dim=40, mode='train', model='MANN', model_saver='True', n_classes=5, n_test_classes=423, n_train_classes=1200, num_epoches=100000, optimizer='adam', read_head_num=4, restore_training=False, rnn_num_layers=1, rnn_size=200, sample_nframes=64, save_dir='./save/one_shot_learning', seq_length=35, shift_range=1, summary_writer='True', tensorboard_dir='./summary/one_shot_learning', test_batch_num=100, tf_debug_flag=False, use_subset_classes=True, write_head_num=1)
20:23:56 : Loading in Model
20:23:56 : Creating Placeholders
20:23:56 : Creating Cells
20:23:58 : Looping through seq
20:23:58 : Seq: [0] Passing data into the cell
20:23:59 : Seq: [1] Passing data into the cell
20:23:59 : Seq: [2] Passing data into the cell
20:23:59 : Seq: [3] Passing data into the cell
20:24:00 : Seq: [4] Passing data into the cell
20:24:00 : Seq: [5] Passing data into the cell
20:24:00 : Seq: [6] Passing data into the cell
20:24:01 : Seq: [7] Passing data into the cell
20:24:01 : Seq: [8] Passing data into the cell
20:24:01 : Seq: [9] Passing data into the cell
20:24:02 : Seq: [10] Passing data into the cell
20:24:02 : Seq: [11] Passing data into the cell
20:24:03 : Seq: [12] Passing data into the cell
20:24:03 : Seq: [13] Passing data into the cell
20:24:03 : Seq: [14] Passing data into the cell
20:24:04 : Seq: [15] Passing data into the cell
20:24:04 : Seq: [16] Passing data into the cell
20:24:04 : Seq: [17] Passing data into the cell
20:24:05 : Seq: [18] Passing data into the cell
20:24:05 : Seq: [19] Passing data into the cell
20:24:05 : Seq: [20] Passing data into the cell
20:24:06 : Seq: [21] Passing data into the cell
20:24:06 : Seq: [22] Passing data into the cell
20:24:07 : Seq: [23] Passing data into the cell
20:24:07 : Seq: [24] Passing data into the cell
20:24:07 : Seq: [25] Passing data into the cell
20:24:08 : Seq: [26] Passing data into the cell
20:24:08 : Seq: [27] Passing data into the cell
20:24:08 : Seq: [28] Passing data into the cell
20:24:09 : Seq: [29] Passing data into the cell
20:24:09 : Seq: [30] Passing data into the cell
20:24:09 : Seq: [31] Passing data into the cell
20:24:10 : Seq: [32] Passing data into the cell
20:24:10 : Seq: [33] Passing data into the cell
20:24:10 : Seq: [34] Passing data into the cell
20:24:11 : Defining Loss
20:24:11 : Total number of variables used  679729
20:24:11 : Defining optimizer
20:25:00 : Finished Definining Model
20:25:00 : Loading Data
20:25:27 : Starting Session
I tensorflow/core/common_runtime/gpu/gpu_device.cc:885] Found device 0 with properties: 
name: Tesla K40m
major: 3 minor: 5 memoryClockRate (GHz) 0.745
pciBusID 0000:08:00.0
Total memory: 11.17GiB
Free memory: 11.10GiB
I tensorflow/core/common_runtime/gpu/gpu_device.cc:906] DMA: 0 
I tensorflow/core/common_runtime/gpu/gpu_device.cc:916] 0:   Y 
I tensorflow/core/common_runtime/gpu/gpu_device.cc:975] Creating TensorFlow device (/gpu:0) -> (device: 0, name: Tesla K40m, pci bus id: 0000:08:00.0)
20:25:27 : Started Session
20:25:27 : Starting saver
20:25:28 : Finished saver
I tensorflow/compiler/xla/service/platform_util.cc:58] platform CUDA present with 1 visible devices
I tensorflow/compiler/xla/service/platform_util.cc:58] platform Host present with 20 visible devices
I tensorflow/compiler/xla/service/service.cc:180] XLA service executing computations on platform Host. Devices:
I tensorflow/compiler/xla/service/service.cc:187]   StreamExecutor device (0): <undefined>, <undefined>
I tensorflow/compiler/xla/service/platform_util.cc:58] platform CUDA present with 1 visible devices
I tensorflow/compiler/xla/service/platform_util.cc:58] platform Host present with 20 visible devices
I tensorflow/compiler/xla/service/service.cc:180] XLA service executing computations on platform CUDA. Devices:
I tensorflow/compiler/xla/service/service.cc:187]   StreamExecutor device (0): Tesla K40m, Compute Capability 3.5
20:25:50 : Finished Initialization
20:27:07 : Train Writer Finished
20:27:07 : Namespace(augment=True, batch_size=16, controller_type='default', data_dir='../../images_background', dataset_type='omniglot', debug='True', image_height=20, image_width=20, label_type='one_hot', learning_rate=0.001, memory_size=128, memory_vector_dim=40, mode='train', model='MANN', model_saver='True', n_classes=5, n_test_classes=423, n_train_classes=1200, num_epoches=100000, optimizer='adam', output_dim=5, read_head_num=4, restore_training=False, rnn_num_layers=1, rnn_size=200, sample_nframes=64, save_dir='./save/one_shot_learning', seq_length=35, shift_range=1, summary_writer='True', tensorboard_dir='./summary/one_shot_learning', test_batch_num=100, tf_debug_flag=False, use_subset_classes=True, write_head_num=1)
20:27:07 : 1st	2nd	3rd	4th	5th	6th	7th	8th	9th	10th	batch	loss
20:27:10 :
0.2875	0.2375	0.1875	0.1875	0.2125	0.1875	0.1750	0	56.3688
20:27:10 : [0] Fetch Batch
20:27:10 : [0] Run Sess
20:27:15 : [0] Learning Loss: 56.442
20:27:15 : [1] Fetch Batch
20:27:16 : [1] Run Sess
20:27:16 : [1] Learning Loss: 56.530
20:27:16 : [2] Fetch Batch
20:27:16 : [2] Run Sess
20:27:16 : [2] Learning Loss: 56.204
20:27:16 : [3] Fetch Batch
20:27:16 : [3] Run Sess
20:27:16 : [3] Learning Loss: 56.599
20:27:16 : [4] Fetch Batch
20:27:17 : [4] Run Sess
20:27:17 : [4] Learning Loss: 56.437
20:27:17 : [5] Fetch Batch
20:27:17 : [5] Run Sess
20:27:17 : [5] Learning Loss: 56.402
20:27:17 : [6] Fetch Batch
20:27:17 : [6] Run Sess
20:27:17 : [6] Learning Loss: 56.288
20:27:17 : [7] Fetch Batch
20:27:18 : [7] Run Sess
20:27:18 : [7] Learning Loss: 56.460
20:27:18 : [8] Fetch Batch
20:27:18 : [8] Run Sess
20:27:18 : [8] Learning Loss: 56.252
20:27:18 : [9] Fetch Batch
20:27:18 : [9] Run Sess
20:27:18 : [9] Learning Loss: 56.141
20:27:18 : [10] Fetch Batch
20:27:19 : [10] Run Sess
20:27:19 : [10] Learning Loss: 56.203
20:27:19 : [11] Fetch Batch
20:27:19 : [11] Run Sess
20:27:19 : [11] Learning Loss: 56.196
20:27:19 : [12] Fetch Batch
20:27:19 : [12] Run Sess
20:27:19 : [12] Learning Loss: 56.194
20:27:19 : [13] Fetch Batch
20:27:20 : [13] Run Sess
20:27:20 : [13] Learning Loss: 56.262
20:27:20 : [14] Fetch Batch
20:27:20 : [14] Run Sess
20:27:20 : [14] Learning Loss: 56.307
20:27:20 : [15] Fetch Batch
20:27:20 : [15] Run Sess
20:27:20 : [15] Learning Loss: 56.030
20:27:20 : [16] Fetch Batch
20:27:21 : [16] Run Sess
20:27:21 : [16] Learning Loss: 56.396
20:27:21 : [17] Fetch Batch
20:27:21 : [17] Run Sess
20:27:21 : [17] Learning Loss: 56.196
20:27:21 : [18] Fetch Batch
20:27:21 : [18] Run Sess
20:27:21 : [18] Learning Loss: 56.212
20:27:21 : [19] Fetch Batch
20:27:22 : [19] Run Sess
20:27:22 : [19] Learning Loss: 56.298
20:27:22 : [20] Fetch Batch
20:27:22 : [20] Run Sess
20:27:22 : [20] Learning Loss: 56.180
20:27:22 : [21] Fetch Batch
20:27:22 : [21] Run Sess
20:27:22 : [21] Learning Loss: 56.422
20:27:22 : [22] Fetch Batch
20:27:23 : [22] Run Sess
20:27:23 : [22] Learning Loss: 56.326
20:27:23 : [23] Fetch Batch
20:27:23 : [23] Run Sess
20:27:23 : [23] Learning Loss: 56.310
20:27:23 : [24] Fetch Batch
20:27:23 : [24] Run Sess
20:27:23 : [24] Learning Loss: 56.287
20:27:23 : [25] Fetch Batch
20:27:23 : [25] Run Sess
20:27:24 : [25] Learning Loss: 56.209
20:27:24 : [26] Fetch Batch
20:27:24 : [26] Run Sess
20:27:24 : [26] Learning Loss: 56.209
20:27:24 : [27] Fetch Batch
20:27:24 : [27] Run Sess
20:27:24 : [27] Learning Loss: 56.215
20:27:24 : [28] Fetch Batch
20:27:24 : [28] Run Sess
20:27:25 : [28] Learning Loss: 56.177
20:27:25 : [29] Fetch Batch
20:27:25 : [29] Run Sess
20:27:25 : [29] Learning Loss: 56.142
20:27:25 : [30] Fetch Batch
20:27:25 : [30] Run Sess
20:27:25 : [30] Learning Loss: 56.076
20:27:25 : [31] Fetch Batch
20:27:25 : [31] Run Sess
20:27:26 : [31] Learning Loss: 56.242
20:27:26 : [32] Fetch Batch
20:27:26 : [32] Run Sess
20:27:26 : [32] Learning Loss: 55.896
20:27:26 : [33] Fetch Batch
20:27:26 : [33] Run Sess
20:27:26 : [33] Learning Loss: 56.293
20:27:26 : [34] Fetch Batch
20:27:26 : [34] Run Sess
20:27:27 : [34] Learning Loss: 56.215
20:27:27 : [35] Fetch Batch
20:27:27 : [35] Run Sess
20:27:27 : [35] Learning Loss: 55.986
20:27:27 : [36] Fetch Batch
20:27:27 : [36] Run Sess
20:27:27 : [36] Learning Loss: 56.268
20:27:27 : [37] Fetch Batch
20:27:27 : [37] Run Sess
20:27:28 : [37] Learning Loss: 56.186
20:27:28 : [38] Fetch Batch
20:27:28 : [38] Run Sess
20:27:28 : [38] Learning Loss: 55.926
20:27:28 : [39] Fetch Batch
20:27:28 : [39] Run Sess
20:27:28 : [39] Learning Loss: 56.295
20:27:28 : [40] Fetch Batch
20:27:28 : [40] Run Sess
20:27:29 : [40] Learning Loss: 56.047
20:27:29 : [41] Fetch Batch
20:27:29 : [41] Run Sess
20:27:29 : [41] Learning Loss: 55.845
20:27:29 : [42] Fetch Batch
20:27:29 : [42] Run Sess
20:27:29 : [42] Learning Loss: 56.238
20:27:29 : [43] Fetch Batch
20:27:29 : [43] Run Sess
20:27:30 : [43] Learning Loss: 56.268
20:27:30 : [44] Fetch Batch
20:27:30 : [44] Run Sess
20:27:30 : [44] Learning Loss: 56.041
20:27:30 : [45] Fetch Batch
20:27:30 : [45] Run Sess
20:27:30 : [45] Learning Loss: 56.024
20:27:30 : [46] Fetch Batch
20:27:30 : [46] Run Sess
20:27:31 : [46] Learning Loss: 55.975
20:27:31 : [47] Fetch Batch
20:27:31 : [47] Run Sess
20:27:31 : [47] Learning Loss: 56.025
20:27:31 : [48] Fetch Batch
20:27:31 : [48] Run Sess
20:27:31 : [48] Learning Loss: 55.956
20:27:31 : [49] Fetch Batch
20:27:31 : [49] Run Sess
20:27:32 : [49] Learning Loss: 55.957
20:27:32 : [50] Fetch Batch
20:27:32 : [50] Run Sess
20:27:32 : [50] Learning Loss: 56.018
20:27:32 : [51] Fetch Batch
20:27:32 : [51] Run Sess
20:27:32 : [51] Learning Loss: 55.748
20:27:32 : [52] Fetch Batch
20:27:32 : [52] Run Sess
20:27:33 : [52] Learning Loss: 55.803
20:27:33 : [53] Fetch Batch
20:27:33 : [53] Run Sess
20:27:33 : [53] Learning Loss: 56.202
20:27:33 : [54] Fetch Batch
20:27:33 : [54] Run Sess
20:27:33 : [54] Learning Loss: 56.057
20:27:33 : [55] Fetch Batch
20:27:33 : [55] Run Sess
20:27:34 : [55] Learning Loss: 55.926
20:27:34 : [56] Fetch Batch
20:27:34 : [56] Run Sess
20:27:34 : [56] Learning Loss: 55.809
20:27:34 : [57] Fetch Batch
20:27:34 : [57] Run Sess
20:27:34 : [57] Learning Loss: 55.645
20:27:34 : [58] Fetch Batch
20:27:34 : [58] Run Sess
20:27:35 : [58] Learning Loss: 55.402
20:27:35 : [59] Fetch Batch
20:27:35 : [59] Run Sess
20:27:35 : [59] Learning Loss: 55.656
20:27:35 : [60] Fetch Batch
20:27:35 : [60] Run Sess
20:27:35 : [60] Learning Loss: 55.819
20:27:35 : [61] Fetch Batch
20:27:35 : [61] Run Sess
20:27:36 : [61] Learning Loss: 56.084
20:27:36 : [62] Fetch Batch
20:27:36 : [62] Run Sess
20:27:36 : [62] Learning Loss: 55.638
20:27:36 : [63] Fetch Batch
20:27:36 : [63] Run Sess
20:27:36 : [63] Learning Loss: 55.676
20:27:36 : [64] Fetch Batch
20:27:36 : [64] Run Sess
20:27:37 : [64] Learning Loss: 55.486
20:27:37 : [65] Fetch Batch
20:27:37 : [65] Run Sess
20:27:37 : [65] Learning Loss: 55.786
20:27:37 : [66] Fetch Batch
20:27:37 : [66] Run Sess
20:27:37 : [66] Learning Loss: 55.569
20:27:37 : [67] Fetch Batch
20:27:37 : [67] Run Sess
20:27:38 : [67] Learning Loss: 55.852
20:27:38 : [68] Fetch Batch
20:27:38 : [68] Run Sess
20:27:38 : [68] Learning Loss: 55.480
20:27:38 : [69] Fetch Batch
20:27:38 : [69] Run Sess
20:27:38 : [69] Learning Loss: 56.415
20:27:38 : [70] Fetch Batch
20:27:38 : [70] Run Sess
20:27:39 : [70] Learning Loss: 55.365
20:27:39 : [71] Fetch Batch
20:27:39 : [71] Run Sess
20:27:39 : [71] Learning Loss: 55.820
20:27:39 : [72] Fetch Batch
20:27:39 : [72] Run Sess
20:27:39 : [72] Learning Loss: 56.148
20:27:39 : [73] Fetch Batch
20:27:39 : [73] Run Sess
20:27:40 : [73] Learning Loss: 55.500
20:27:40 : [74] Fetch Batch
20:27:40 : [74] Run Sess
20:27:40 : [74] Learning Loss: 55.134
20:27:40 : [75] Fetch Batch
20:27:40 : [75] Run Sess
20:27:40 : [75] Learning Loss: 56.150
20:27:40 : [76] Fetch Batch
20:27:40 : [76] Run Sess
20:27:41 : [76] Learning Loss: 55.268
20:27:41 : [77] Fetch Batch
20:27:41 : [77] Run Sess
20:27:41 : [77] Learning Loss: 55.673
20:27:41 : [78] Fetch Batch
20:27:41 : [78] Run Sess
20:27:41 : [78] Learning Loss: 55.421
20:27:41 : [79] Fetch Batch
20:27:41 : [79] Run Sess
20:27:42 : [79] Learning Loss: 55.389
20:27:42 : [80] Fetch Batch
20:27:42 : [80] Run Sess
20:27:42 : [80] Learning Loss: 55.541
20:27:42 : [81] Fetch Batch
20:27:42 : [81] Run Sess
20:27:42 : [81] Learning Loss: 55.665
20:27:42 : [82] Fetch Batch
20:27:42 : [82] Run Sess
20:27:43 : [82] Learning Loss: 55.516
20:27:43 : [83] Fetch Batch
20:27:43 : [83] Run Sess
20:27:43 : [83] Learning Loss: 55.669
20:27:43 : [84] Fetch Batch
20:27:43 : [84] Run Sess
20:27:43 : [84] Learning Loss: 55.347
20:27:43 : [85] Fetch Batch
20:27:43 : [85] Run Sess
20:27:43 : [85] Learning Loss: 55.210
20:27:43 : [86] Fetch Batch
20:27:44 : [86] Run Sess
20:27:44 : [86] Learning Loss: 55.374
20:27:44 : [87] Fetch Batch
20:27:44 : [87] Run Sess
20:27:44 : [87] Learning Loss: 55.460
20:27:44 : [88] Fetch Batch
20:27:44 : [88] Run Sess
20:27:44 : [88] Learning Loss: 55.912
20:27:44 : [89] Fetch Batch
20:27:45 : [89] Run Sess
20:27:45 : [89] Learning Loss: 55.704
20:27:45 : [90] Fetch Batch
20:27:45 : [90] Run Sess
20:27:45 : [90] Learning Loss: 55.398
20:27:45 : [91] Fetch Batch
20:27:45 : [91] Run Sess
20:27:45 : [91] Learning Loss: 55.595
20:27:45 : [92] Fetch Batch
20:27:46 : [92] Run Sess
20:27:46 : [92] Learning Loss: 55.715
20:27:46 : [93] Fetch Batch
20:27:46 : [93] Run Sess
20:27:46 : [93] Learning Loss: 55.660
20:27:46 : [94] Fetch Batch
20:27:46 : [94] Run Sess
20:27:46 : [94] Learning Loss: 55.326
20:27:46 : [95] Fetch Batch
20:27:47 : [95] Run Sess
20:27:47 : [95] Learning Loss: 55.254
20:27:47 : [96] Fetch Batch
20:27:47 : [96] Run Sess
20:27:47 : [96] Learning Loss: 55.383
20:27:47 : [97] Fetch Batch
20:27:47 : [97] Run Sess
20:27:47 : [97] Learning Loss: 55.393
20:27:47 : [98] Fetch Batch
20:27:48 : [98] Run Sess
20:27:48 : [98] Learning Loss: 55.488
20:27:48 : [99] Fetch Batch
20:27:48 : [99] Run Sess
20:27:48 : [99] Learning Loss: 55.479
20:27:48 :
0.4250	0.2500	0.2500	0.2750	0.2625	0.2250	0.1750	100	55.1176
20:27:48 : [100] Fetch Batch
20:27:49 : [100] Run Sess
20:27:49 : [100] Learning Loss: 55.315
20:27:49 : [101] Fetch Batch
20:27:49 : [101] Run Sess
20:27:49 : [101] Learning Loss: 55.249
20:27:49 : [102] Fetch Batch
20:27:49 : [102] Run Sess
20:27:49 : [102] Learning Loss: 55.230
20:27:49 : [103] Fetch Batch
20:27:50 : [103] Run Sess
20:27:50 : [103] Learning Loss: 55.398
20:27:50 : [104] Fetch Batch
20:27:50 : [104] Run Sess
20:27:50 : [104] Learning Loss: 55.398
20:27:50 : [105] Fetch Batch
20:27:50 : [105] Run Sess
20:27:50 : [105] Learning Loss: 55.476
20:27:50 : [106] Fetch Batch
20:27:51 : [106] Run Sess
20:27:51 : [106] Learning Loss: 55.260
20:27:51 : [107] Fetch Batch
20:27:51 : [107] Run Sess
20:27:51 : [107] Learning Loss: 55.363
20:27:51 : [108] Fetch Batch
20:27:51 : [108] Run Sess
20:27:51 : [108] Learning Loss: 55.291
20:27:51 : [109] Fetch Batch
20:27:52 : [109] Run Sess
20:27:52 : [109] Learning Loss: 55.134
20:27:52 : [110] Fetch Batch
20:27:52 : [110] Run Sess
20:27:52 : [110] Learning Loss: 55.105
20:27:52 : [111] Fetch Batch
20:27:52 : [111] Run Sess
20:27:52 : [111] Learning Loss: 55.334
20:27:52 : [112] Fetch Batch
20:27:53 : [112] Run Sess
20:27:53 : [112] Learning Loss: 55.077
20:27:53 : [113] Fetch Batch
20:27:53 : [113] Run Sess
20:27:53 : [113] Learning Loss: 54.887
20:27:53 : [114] Fetch Batch
20:27:53 : [114] Run Sess
20:27:53 : [114] Learning Loss: 55.686
20:27:53 : [115] Fetch Batch
20:27:53 : [115] Run Sess
20:27:54 : [115] Learning Loss: 55.259
20:27:54 : [116] Fetch Batch
20:27:54 : [116] Run Sess
20:27:54 : [116] Learning Loss: 55.095
20:27:54 : [117] Fetch Batch
20:27:54 : [117] Run Sess
20:27:54 : [117] Learning Loss: 55.422
20:27:54 : [118] Fetch Batch
20:27:54 : [118] Run Sess
20:27:55 : [118] Learning Loss: 55.134
20:27:55 : [119] Fetch Batch
20:27:55 : [119] Run Sess
20:27:55 : [119] Learning Loss: 55.279
20:27:55 : [120] Fetch Batch
20:27:55 : [120] Run Sess
20:27:55 : [120] Learning Loss: 55.149
20:27:55 : [121] Fetch Batch
20:27:55 : [121] Run Sess
20:27:56 : [121] Learning Loss: 55.264
20:27:56 : [122] Fetch Batch
20:27:56 : [122] Run Sess
20:27:56 : [122] Learning Loss: 55.165
20:27:56 : [123] Fetch Batch
20:27:56 : [123] Run Sess
20:27:56 : [123] Learning Loss: 55.247
20:27:56 : [124] Fetch Batch
20:27:56 : [124] Run Sess
20:27:57 : [124] Learning Loss: 55.090
20:27:57 : [125] Fetch Batch
20:27:57 : [125] Run Sess
20:27:57 : [125] Learning Loss: 54.758
20:27:57 : [126] Fetch Batch
20:27:57 : [126] Run Sess
20:27:57 : [126] Learning Loss: 55.009
20:27:57 : [127] Fetch Batch
20:27:57 : [127] Run Sess
20:27:58 : [127] Learning Loss: 54.868
20:27:58 : [128] Fetch Batch
20:27:58 : [128] Run Sess
20:27:58 : [128] Learning Loss: 54.864
20:27:58 : [129] Fetch Batch
20:27:58 : [129] Run Sess
20:27:58 : [129] Learning Loss: 54.724
20:27:58 : [130] Fetch Batch
20:27:58 : [130] Run Sess
20:27:59 : [130] Learning Loss: 54.798
20:27:59 : [131] Fetch Batch
20:27:59 : [131] Run Sess
20:27:59 : [131] Learning Loss: 54.770
20:27:59 : [132] Fetch Batch
20:27:59 : [132] Run Sess
20:27:59 : [132] Learning Loss: 54.824
20:27:59 : [133] Fetch Batch
20:27:59 : [133] Run Sess
20:28:00 : [133] Learning Loss: 55.052
20:28:00 : [134] Fetch Batch
20:28:00 : [134] Run Sess
20:28:00 : [134] Learning Loss: 54.790
20:28:00 : [135] Fetch Batch
20:28:00 : [135] Run Sess
20:28:00 : [135] Learning Loss: 54.668
20:28:00 : [136] Fetch Batch
20:28:00 : [136] Run Sess
20:28:01 : [136] Learning Loss: 54.600
20:28:01 : [137] Fetch Batch
20:28:01 : [137] Run Sess
20:28:01 : [137] Learning Loss: 55.118
20:28:01 : [138] Fetch Batch
20:28:01 : [138] Run Sess
20:28:01 : [138] Learning Loss: 54.748
20:28:01 : [139] Fetch Batch
20:28:01 : [139] Run Sess
20:28:02 : [139] Learning Loss: 54.961
20:28:02 : [140] Fetch Batch
20:28:02 : [140] Run Sess
20:28:02 : [140] Learning Loss: 54.557
20:28:02 : [141] Fetch Batch
20:28:02 : [141] Run Sess
20:28:02 : [141] Learning Loss: 54.524
20:28:02 : [142] Fetch Batch
20:28:02 : [142] Run Sess
20:28:03 : [142] Learning Loss: 54.907
20:28:03 : [143] Fetch Batch
20:28:03 : [143] Run Sess
20:28:03 : [143] Learning Loss: 54.642
20:28:03 : [144] Fetch Batch
20:28:03 : [144] Run Sess
20:28:03 : [144] Learning Loss: 54.711
20:28:03 : [145] Fetch Batch
20:28:03 : [145] Run Sess
20:28:04 : [145] Learning Loss: 54.857
20:28:04 : [146] Fetch Batch
20:28:04 : [146] Run Sess
20:28:04 : [146] Learning Loss: 54.366
20:28:04 : [147] Fetch Batch
20:28:04 : [147] Run Sess
20:28:04 : [147] Learning Loss: 54.462
20:28:04 : [148] Fetch Batch
20:28:04 : [148] Run Sess
20:28:05 : [148] Learning Loss: 54.300
20:28:05 : [149] Fetch Batch
20:28:05 : [149] Run Sess
20:28:05 : [149] Learning Loss: 54.407
20:28:05 : [150] Fetch Batch
20:28:05 : [150] Run Sess
20:28:05 : [150] Learning Loss: 54.645
20:28:05 : [151] Fetch Batch
20:28:05 : [151] Run Sess
20:28:06 : [151] Learning Loss: 54.535
20:28:06 : [152] Fetch Batch
20:28:06 : [152] Run Sess
20:28:06 : [152] Learning Loss: 54.823
20:28:06 : [153] Fetch Batch
20:28:06 : [153] Run Sess
20:28:06 : [153] Learning Loss: 54.854
20:28:06 : [154] Fetch Batch
20:28:06 : [154] Run Sess
20:28:07 : [154] Learning Loss: 54.836
20:28:07 : [155] Fetch Batch
20:28:07 : [155] Run Sess
20:28:07 : [155] Learning Loss: 54.739
20:28:07 : [156] Fetch Batch
20:28:07 : [156] Run Sess
20:28:07 : [156] Learning Loss: 54.345
20:28:07 : [157] Fetch Batch
20:28:07 : [157] Run Sess
20:28:08 : [157] Learning Loss: 54.424
20:28:08 : [158] Fetch Batch
20:28:08 : [158] Run Sess
20:28:08 : [158] Learning Loss: 54.557
20:28:08 : [159] Fetch Batch
20:28:08 : [159] Run Sess
20:28:08 : [159] Learning Loss: 54.409
20:28:08 : [160] Fetch Batch
20:28:08 : [160] Run Sess
20:28:08 : [160] Learning Loss: 54.102
20:28:08 : [161] Fetch Batch
20:28:09 : [161] Run Sess
20:28:09 : [161] Learning Loss: 54.500
20:28:09 : [162] Fetch Batch
20:28:09 : [162] Run Sess
20:28:09 : [162] Learning Loss: 54.819
20:28:09 : [163] Fetch Batch
20:28:09 : [163] Run Sess
20:28:09 : [163] Learning Loss: 54.859
20:28:09 : [164] Fetch Batch
20:28:10 : [164] Run Sess
20:28:10 : [164] Learning Loss: 54.618
20:28:10 : [165] Fetch Batch
20:28:10 : [165] Run Sess
20:28:10 : [165] Learning Loss: 55.572
20:28:10 : [166] Fetch Batch
20:28:10 : [166] Run Sess
20:28:10 : [166] Learning Loss: 54.415
20:28:10 : [167] Fetch Batch
20:28:11 : [167] Run Sess
20:28:11 : [167] Learning Loss: 54.736
20:28:11 : [168] Fetch Batch
20:28:11 : [168] Run Sess
20:28:11 : [168] Learning Loss: 54.376
20:28:11 : [169] Fetch Batch
20:28:11 : [169] Run Sess
20:28:11 : [169] Learning Loss: 54.717
20:28:11 : [170] Fetch Batch
20:28:12 : [170] Run Sess
20:28:12 : [170] Learning Loss: 55.365
20:28:12 : [171] Fetch Batch
20:28:12 : [171] Run Sess
20:28:12 : [171] Learning Loss: 55.090
20:28:12 : [172] Fetch Batch
20:28:12 : [172] Run Sess
20:28:12 : [172] Learning Loss: 55.048
20:28:12 : [173] Fetch Batch
20:28:13 : [173] Run Sess
20:28:13 : [173] Learning Loss: 55.126
20:28:13 : [174] Fetch Batch
20:28:13 : [174] Run Sess
20:28:13 : [174] Learning Loss: 55.043
20:28:13 : [175] Fetch Batch
20:28:13 : [175] Run Sess
20:28:13 : [175] Learning Loss: 54.851
20:28:13 : [176] Fetch Batch
20:28:14 : [176] Run Sess
20:28:14 : [176] Learning Loss: 54.934
20:28:14 : [177] Fetch Batch
20:28:14 : [177] Run Sess
20:28:14 : [177] Learning Loss: 54.757
20:28:14 : [178] Fetch Batch
20:28:14 : [178] Run Sess
20:28:14 : [178] Learning Loss: 54.913
20:28:14 : [179] Fetch Batch
20:28:15 : [179] Run Sess
20:28:15 : [179] Learning Loss: 54.581
20:28:15 : [180] Fetch Batch
20:28:15 : [180] Run Sess
20:28:15 : [180] Learning Loss: 55.005
20:28:15 : [181] Fetch Batch
20:28:15 : [181] Run Sess
20:28:15 : [181] Learning Loss: 55.068
20:28:15 : [182] Fetch Batch
20:28:15 : [182] Run Sess
20:28:16 : [182] Learning Loss: 54.438
20:28:16 : [183] Fetch Batch
20:28:16 : [183] Run Sess
20:28:16 : [183] Learning Loss: 54.637
20:28:16 : [184] Fetch Batch
20:28:16 : [184] Run Sess
20:28:16 : [184] Learning Loss: 54.611
20:28:16 : [185] Fetch Batch
20:28:16 : [185] Run Sess
20:28:17 : [185] Learning Loss: 54.399
20:28:17 : [186] Fetch Batch
20:28:17 : [186] Run Sess
20:28:17 : [186] Learning Loss: 54.515
20:28:17 : [187] Fetch Batch
20:28:17 : [187] Run Sess
20:28:17 : [187] Learning Loss: 54.173
20:28:17 : [188] Fetch Batch
20:28:17 : [188] Run Sess
20:28:18 : [188] Learning Loss: 54.204
20:28:18 : [189] Fetch Batch
20:28:18 : [189] Run Sess
20:28:18 : [189] Learning Loss: 54.564
20:28:18 : [190] Fetch Batch
20:28:18 : [190] Run Sess
20:28:18 : [190] Learning Loss: 54.038
20:28:18 : [191] Fetch Batch
20:28:18 : [191] Run Sess
20:28:19 : [191] Learning Loss: 54.224
20:28:19 : [192] Fetch Batch
20:28:19 : [192] Run Sess
20:28:19 : [192] Learning Loss: 54.066
20:28:19 : [193] Fetch Batch
20:28:19 : [193] Run Sess
20:28:19 : [193] Learning Loss: 54.275
20:28:19 : [194] Fetch Batch
20:28:19 : [194] Run Sess
20:28:20 : [194] Learning Loss: 54.165
20:28:20 : [195] Fetch Batch
20:28:20 : [195] Run Sess
20:28:20 : [195] Learning Loss: 54.321
20:28:20 : [196] Fetch Batch
20:28:20 : [196] Run Sess
20:28:20 : [196] Learning Loss: 54.264
20:28:20 : [197] Fetch Batch
20:28:20 : [197] Run Sess
20:28:21 : [197] Learning Loss: 53.790
20:28:21 : [198] Fetch Batch
20:28:21 : [198] Run Sess
20:28:21 : [198] Learning Loss: 54.323
20:28:21 : [199] Fetch Batch
20:28:21 : [199] Run Sess
20:28:21 : [199] Learning Loss: 54.216
20:28:21 :
0.4875	0.2625	0.2500	0.2375	0.2125	0.2625	0.2125	200	54.1120
20:28:21 : [200] Fetch Batch
20:28:22 : [200] Run Sess
20:28:22 : [200] Learning Loss: 54.230
20:28:22 : [201] Fetch Batch
20:28:22 : [201] Run Sess
20:28:22 : [201] Learning Loss: 54.346
20:28:22 : [202] Fetch Batch
20:28:22 : [202] Run Sess
20:28:22 : [202] Learning Loss: 54.496
20:28:22 : [203] Fetch Batch
20:28:23 : [203] Run Sess
20:28:23 : [203] Learning Loss: 54.654
20:28:23 : [204] Fetch Batch
20:28:23 : [204] Run Sess
20:28:23 : [204] Learning Loss: 54.011
20:28:23 : [205] Fetch Batch
20:28:23 : [205] Run Sess
20:28:23 : [205] Learning Loss: 54.420
20:28:23 : [206] Fetch Batch
20:28:24 : [206] Run Sess
20:28:24 : [206] Learning Loss: 54.340
20:28:24 : [207] Fetch Batch
20:28:24 : [207] Run Sess
20:28:24 : [207] Learning Loss: 54.232
20:28:24 : [208] Fetch Batch
20:28:24 : [208] Run Sess
20:28:24 : [208] Learning Loss: 54.056
20:28:24 : [209] Fetch Batch
20:28:25 : [209] Run Sess
20:28:25 : [209] Learning Loss: 54.104
20:28:25 : [210] Fetch Batch
20:28:25 : [210] Run Sess
20:28:25 : [210] Learning Loss: 54.278
20:28:25 : [211] Fetch Batch
20:28:25 : [211] Run Sess
20:28:25 : [211] Learning Loss: 54.222
20:28:25 : [212] Fetch Batch
20:28:26 : [212] Run Sess
20:28:26 : [212] Learning Loss: 54.160
20:28:26 : [213] Fetch Batch
20:28:26 : [213] Run Sess
20:28:26 : [213] Learning Loss: 54.331
20:28:26 : [214] Fetch Batch
20:28:26 : [214] Run Sess
20:28:26 : [214] Learning Loss: 54.200
20:28:26 : [215] Fetch Batch
20:28:26 : [215] Run Sess
20:28:27 : [215] Learning Loss: 54.085
20:28:27 : [216] Fetch Batch
20:28:27 : [216] Run Sess
20:28:27 : [216] Learning Loss: 54.190
20:28:27 : [217] Fetch Batch
20:28:27 : [217] Run Sess
20:28:27 : [217] Learning Loss: 54.358
20:28:27 : [218] Fetch Batch
20:28:27 : [218] Run Sess
20:28:28 : [218] Learning Loss: 54.091
20:28:28 : [219] Fetch Batch
20:28:28 : [219] Run Sess
20:28:28 : [219] Learning Loss: 54.205
20:28:28 : [220] Fetch Batch
20:28:28 : [220] Run Sess
20:28:28 : [220] Learning Loss: 53.884
20:28:28 : [221] Fetch Batch
20:28:28 : [221] Run Sess
20:28:29 : [221] Learning Loss: 54.321
20:28:29 : [222] Fetch Batch
20:28:29 : [222] Run Sess
20:28:29 : [222] Learning Loss: 53.971
20:28:29 : [223] Fetch Batch
20:28:29 : [223] Run Sess
20:28:29 : [223] Learning Loss: 54.279
20:28:29 : [224] Fetch Batch
20:28:29 : [224] Run Sess
20:28:30 : [224] Learning Loss: 53.808
20:28:30 : [225] Fetch Batch
20:28:30 : [225] Run Sess
20:28:30 : [225] Learning Loss: 54.258
20:28:30 : [226] Fetch Batch
20:28:30 : [226] Run Sess
20:28:30 : [226] Learning Loss: 54.172
20:28:30 : [227] Fetch Batch
20:28:30 : [227] Run Sess
20:28:31 : [227] Learning Loss: 53.757
20:28:31 : [228] Fetch Batch
20:28:31 : [228] Run Sess
20:28:31 : [228] Learning Loss: 54.093
20:28:31 : [229] Fetch Batch
20:28:31 : [229] Run Sess
20:28:31 : [229] Learning Loss: 53.777
20:28:31 : [230] Fetch Batch
20:28:31 : [230] Run Sess
20:28:32 : [230] Learning Loss: 54.223
20:28:32 : [231] Fetch Batch
20:28:32 : [231] Run Sess
20:28:32 : [231] Learning Loss: 54.168
20:28:32 : [232] Fetch Batch
20:28:32 : [232] Run Sess
20:28:32 : [232] Learning Loss: 53.831
20:28:32 : [233] Fetch Batch
20:28:32 : [233] Run Sess
20:28:33 : [233] Learning Loss: 53.991
20:28:33 : [234] Fetch Batch
20:28:33 : [234] Run Sess
20:28:33 : [234] Learning Loss: 54.346
20:28:33 : [235] Fetch Batch
20:28:33 : [235] Run Sess
20:28:33 : [235] Learning Loss: 54.116
20:28:33 : [236] Fetch Batch
20:28:33 : [236] Run Sess
20:28:33 : [236] Learning Loss: 53.976
20:28:33 : [237] Fetch Batch
20:28:34 : [237] Run Sess
20:28:34 : [237] Learning Loss: 53.393
20:28:34 : [238] Fetch Batch
20:28:34 : [238] Run Sess
20:28:34 : [238] Learning Loss: 54.098
20:28:34 : [239] Fetch Batch
20:28:34 : [239] Run Sess
20:28:34 : [239] Learning Loss: 53.970
20:28:34 : [240] Fetch Batch
20:28:35 : [240] Run Sess
20:28:35 : [240] Learning Loss: 54.465
20:28:35 : [241] Fetch Batch
20:28:35 : [241] Run Sess
20:28:35 : [241] Learning Loss: 53.524
20:28:35 : [242] Fetch Batch
20:28:35 : [242] Run Sess
20:28:35 : [242] Learning Loss: 53.933
20:28:35 : [243] Fetch Batch
20:28:36 : [243] Run Sess
20:28:36 : [243] Learning Loss: 54.231
20:28:36 : [244] Fetch Batch
20:28:36 : [244] Run Sess
20:28:36 : [244] Learning Loss: 53.707
20:28:36 : [245] Fetch Batch
20:28:36 : [245] Run Sess
20:28:36 : [245] Learning Loss: 54.262
20:28:36 : [246] Fetch Batch
20:28:37 : [246] Run Sess
20:28:37 : [246] Learning Loss: 53.941
20:28:37 : [247] Fetch Batch
20:28:37 : [247] Run Sess
20:28:37 : [247] Learning Loss: 53.800
20:28:37 : [248] Fetch Batch
20:28:37 : [248] Run Sess
20:28:37 : [248] Learning Loss: 53.854
20:28:37 : [249] Fetch Batch
20:28:38 : [249] Run Sess
20:28:38 : [249] Learning Loss: 54.056
20:28:38 : [250] Fetch Batch
20:28:38 : [250] Run Sess
20:28:38 : [250] Learning Loss: 54.148
20:28:38 : [251] Fetch Batch
20:28:38 : [251] Run Sess
20:28:38 : [251] Learning Loss: 54.468
20:28:38 : [252] Fetch Batch
20:28:39 : [252] Run Sess
20:28:39 : [252] Learning Loss: 53.760
20:28:39 : [253] Fetch Batch
20:28:39 : [253] Run Sess
20:28:39 : [253] Learning Loss: 54.133
20:28:39 : [254] Fetch Batch
20:28:39 : [254] Run Sess
20:28:39 : [254] Learning Loss: 54.028
20:28:39 : [255] Fetch Batch
20:28:40 : [255] Run Sess
20:28:40 : [255] Learning Loss: 53.595
20:28:40 : [256] Fetch Batch
20:28:40 : [256] Run Sess
20:28:40 : [256] Learning Loss: 53.839
20:28:40 : [257] Fetch Batch
20:28:40 : [257] Run Sess
20:28:40 : [257] Learning Loss: 53.760
20:28:40 : [258] Fetch Batch
20:28:41 : [258] Run Sess
20:28:41 : [258] Learning Loss: 53.762
20:28:41 : [259] Fetch Batch
20:28:41 : [259] Run Sess
20:28:41 : [259] Learning Loss: 54.076
20:28:41 : [260] Fetch Batch
20:28:41 : [260] Run Sess
20:28:41 : [260] Learning Loss: 53.986
20:28:41 : [261] Fetch Batch
20:28:41 : [261] Run Sess
20:28:42 : [261] Learning Loss: 53.664
20:28:42 : [262] Fetch Batch
20:28:42 : [262] Run Sess
20:28:42 : [262] Learning Loss: 54.526
20:28:42 : [263] Fetch Batch
20:28:42 : [263] Run Sess
20:28:42 : [263] Learning Loss: 53.652
20:28:42 : [264] Fetch Batch
20:28:42 : [264] Run Sess
20:28:43 : [264] Learning Loss: 53.702
20:28:43 : [265] Fetch Batch
20:28:43 : [265] Run Sess
20:28:43 : [265] Learning Loss: 53.972
20:28:43 : [266] Fetch Batch
20:28:43 : [266] Run Sess
20:28:43 : [266] Learning Loss: 54.234
20:28:43 : [267] Fetch Batch
20:28:43 : [267] Run Sess
20:28:44 : [267] Learning Loss: 53.800
20:28:44 : [268] Fetch Batch
20:28:44 : [268] Run Sess
20:28:44 : [268] Learning Loss: 53.828
20:28:44 : [269] Fetch Batch
20:28:44 : [269] Run Sess
20:28:44 : [269] Learning Loss: 54.016
20:28:44 : [270] Fetch Batch
20:28:44 : [270] Run Sess
20:28:45 : [270] Learning Loss: 54.351
20:28:45 : [271] Fetch Batch
20:28:45 : [271] Run Sess
20:28:45 : [271] Learning Loss: 54.194
20:28:45 : [272] Fetch Batch
20:28:45 : [272] Run Sess
20:28:45 : [272] Learning Loss: 54.160
20:28:45 : [273] Fetch Batch
20:28:45 : [273] Run Sess
20:28:46 : [273] Learning Loss: 54.074
20:28:46 : [274] Fetch Batch
20:28:46 : [274] Run Sess
20:28:46 : [274] Learning Loss: 53.715
20:28:46 : [275] Fetch Batch
20:28:46 : [275] Run Sess
20:28:46 : [275] Learning Loss: 54.161
20:28:46 : [276] Fetch Batch
20:28:46 : [276] Run Sess
20:28:47 : [276] Learning Loss: 53.924
20:28:47 : [277] Fetch Batch
20:28:47 : [277] Run Sess
20:28:47 : [277] Learning Loss: 54.244
20:28:47 : [278] Fetch Batch
20:28:47 : [278] Run Sess
20:28:47 : [278] Learning Loss: 54.545
20:28:47 : [279] Fetch Batch
20:28:47 : [279] Run Sess
20:28:48 : [279] Learning Loss: 54.095
20:28:48 : [280] Fetch Batch
20:28:48 : [280] Run Sess
20:28:48 : [280] Learning Loss: 54.083
20:28:48 : [281] Fetch Batch
20:28:48 : [281] Run Sess
20:28:48 : [281] Learning Loss: 53.788
20:28:48 : [282] Fetch Batch
20:28:48 : [282] Run Sess
20:28:49 : [282] Learning Loss: 53.900
20:28:49 : [283] Fetch Batch
20:28:49 : [283] Run Sess
20:28:49 : [283] Learning Loss: 53.764
20:28:49 : [284] Fetch Batch
20:28:49 : [284] Run Sess
20:28:49 : [284] Learning Loss: 53.836
20:28:49 : [285] Fetch Batch
20:28:49 : [285] Run Sess
20:28:50 : [285] Learning Loss: 53.402
20:28:50 : [286] Fetch Batch
20:28:50 : [286] Run Sess
20:28:50 : [286] Learning Loss: 53.782
20:28:50 : [287] Fetch Batch
20:28:50 : [287] Run Sess
20:28:50 : [287] Learning Loss: 53.485
20:28:50 : [288] Fetch Batch
20:28:50 : [288] Run Sess
20:28:51 : [288] Learning Loss: 53.375
20:28:51 : [289] Fetch Batch
20:28:51 : [289] Run Sess
20:28:51 : [289] Learning Loss: 53.633
20:28:51 : [290] Fetch Batch
20:28:51 : [290] Run Sess
20:28:51 : [290] Learning Loss: 54.045
20:28:51 : [291] Fetch Batch
20:28:51 : [291] Run Sess
20:28:52 : [291] Learning Loss: 53.384
20:28:52 : [292] Fetch Batch
20:28:52 : [292] Run Sess
20:28:52 : [292] Learning Loss: 53.660
20:28:52 : [293] Fetch Batch
20:28:52 : [293] Run Sess
20:28:52 : [293] Learning Loss: 53.495
20:28:52 : [294] Fetch Batch
20:28:52 : [294] Run Sess
20:28:53 : [294] Learning Loss: 53.699
20:28:53 : [295] Fetch Batch
20:28:53 : [295] Run Sess
20:28:53 : [295] Learning Loss: 53.620
20:28:53 : [296] Fetch Batch
20:28:53 : [296] Run Sess
20:28:53 : [296] Learning Loss: 53.671
20:28:53 : [297] Fetch Batch
20:28:53 : [297] Run Sess
20:28:54 : [297] Learning Loss: 53.812
20:28:54 : [298] Fetch Batch
20:28:54 : [298] Run Sess
20:28:54 : [298] Learning Loss: 53.845
20:28:54 : [299] Fetch Batch
20:28:54 : [299] Run Sess
20:28:54 : [299] Learning Loss: 53.793
20:28:54 :
0.4500	0.2750	0.2750	0.2500	0.2750	0.2250	0.2500	300	53.5159
20:28:54 : [300] Fetch Batch
20:28:55 : [300] Run Sess
20:28:55 : [300] Learning Loss: 53.338
20:28:55 : [301] Fetch Batch
20:28:55 : [301] Run Sess
20:28:55 : [301] Learning Loss: 53.385
20:28:55 : [302] Fetch Batch
20:28:55 : [302] Run Sess
20:28:55 : [302] Learning Loss: 54.049
20:28:55 : [303] Fetch Batch
20:28:56 : [303] Run Sess
20:28:56 : [303] Learning Loss: 53.910
20:28:56 : [304] Fetch Batch
20:28:56 : [304] Run Sess
20:28:56 : [304] Learning Loss: 53.829
20:28:56 : [305] Fetch Batch
20:28:56 : [305] Run Sess
20:28:56 : [305] Learning Loss: 53.220
20:28:56 : [306] Fetch Batch
20:28:57 : [306] Run Sess
20:28:57 : [306] Learning Loss: 53.924
20:28:57 : [307] Fetch Batch
20:28:57 : [307] Run Sess
20:28:57 : [307] Learning Loss: 53.731
20:28:57 : [308] Fetch Batch
20:28:57 : [308] Run Sess
20:28:57 : [308] Learning Loss: 53.380
20:28:57 : [309] Fetch Batch
20:28:58 : [309] Run Sess
20:28:58 : [309] Learning Loss: 53.741
20:28:58 : [310] Fetch Batch
20:28:58 : [310] Run Sess
20:28:58 : [310] Learning Loss: 53.768
20:28:58 : [311] Fetch Batch
20:28:58 : [311] Run Sess
20:28:58 : [311] Learning Loss: 53.483
20:28:58 : [312] Fetch Batch
20:28:58 : [312] Run Sess
20:28:59 : [312] Learning Loss: 53.225
20:28:59 : [313] Fetch Batch
20:28:59 : [313] Run Sess
20:28:59 : [313] Learning Loss: 53.676
20:28:59 : [314] Fetch Batch
20:28:59 : [314] Run Sess
20:28:59 : [314] Learning Loss: 54.100
20:28:59 : [315] Fetch Batch
20:28:59 : [315] Run Sess
20:29:00 : [315] Learning Loss: 53.670
20:29:00 : [316] Fetch Batch
20:29:00 : [316] Run Sess
20:29:00 : [316] Learning Loss: 54.043
20:29:00 : [317] Fetch Batch
20:29:00 : [317] Run Sess
20:29:00 : [317] Learning Loss: 53.729
20:29:00 : [318] Fetch Batch
20:29:00 : [318] Run Sess
20:29:01 : [318] Learning Loss: 54.167
20:29:01 : [319] Fetch Batch
20:29:01 : [319] Run Sess
20:29:01 : [319] Learning Loss: 53.886
20:29:01 : [320] Fetch Batch
20:29:01 : [320] Run Sess
20:29:01 : [320] Learning Loss: 54.086
20:29:01 : [321] Fetch Batch
20:29:01 : [321] Run Sess
20:29:02 : [321] Learning Loss: 53.954
20:29:02 : [322] Fetch Batch
20:29:02 : [322] Run Sess
20:29:02 : [322] Learning Loss: 54.224
20:29:02 : [323] Fetch Batch
20:29:02 : [323] Run Sess
20:29:02 : [323] Learning Loss: 53.586
20:29:02 : [324] Fetch Batch
20:29:02 : [324] Run Sess
20:29:03 : [324] Learning Loss: 53.856
20:29:03 : [325] Fetch Batch
20:29:03 : [325] Run Sess
20:29:03 : [325] Learning Loss: 54.082
20:29:03 : [326] Fetch Batch
20:29:03 : [326] Run Sess
20:29:03 : [326] Learning Loss: 53.467
20:29:03 : [327] Fetch Batch
20:29:03 : [327] Run Sess
20:29:04 : [327] Learning Loss: 53.341
20:29:04 : [328] Fetch Batch
20:29:04 : [328] Run Sess
20:29:04 : [328] Learning Loss: 53.559
20:29:04 : [329] Fetch Batch
20:29:04 : [329] Run Sess
20:29:04 : [329] Learning Loss: 53.477
20:29:04 : [330] Fetch Batch
20:29:04 : [330] Run Sess
20:29:05 : [330] Learning Loss: 54.000
20:29:05 : [331] Fetch Batch
20:29:05 : [331] Run Sess
20:29:05 : [331] Learning Loss: 53.356
20:29:05 : [332] Fetch Batch
20:29:05 : [332] Run Sess
20:29:05 : [332] Learning Loss: 53.613
20:29:05 : [333] Fetch Batch
20:29:05 : [333] Run Sess
20:29:06 : [333] Learning Loss: 53.375
20:29:06 : [334] Fetch Batch
20:29:06 : [334] Run Sess
20:29:06 : [334] Learning Loss: 53.709
20:29:06 : [335] Fetch Batch
20:29:06 : [335] Run Sess
20:29:06 : [335] Learning Loss: 52.864
20:29:06 : [336] Fetch Batch
20:29:06 : [336] Run Sess
20:29:07 : [336] Learning Loss: 53.394
20:29:07 : [337] Fetch Batch
20:29:07 : [337] Run Sess
20:29:07 : [337] Learning Loss: 53.785
20:29:07 : [338] Fetch Batch
20:29:07 : [338] Run Sess
20:29:07 : [338] Learning Loss: 53.801
20:29:07 : [339] Fetch Batch
20:29:07 : [339] Run Sess
20:29:07 : [339] Learning Loss: 53.748
20:29:07 : [340] Fetch Batch
20:29:08 : [340] Run Sess
20:29:08 : [340] Learning Loss: 53.500
20:29:08 : [341] Fetch Batch
20:29:08 : [341] Run Sess
20:29:08 : [341] Learning Loss: 53.680
20:29:08 : [342] Fetch Batch
20:29:08 : [342] Run Sess
20:29:08 : [342] Learning Loss: 53.538
20:29:08 : [343] Fetch Batch
20:29:09 : [343] Run Sess
20:29:09 : [343] Learning Loss: 53.332
20:29:09 : [344] Fetch Batch
20:29:09 : [344] Run Sess
20:29:09 : [344] Learning Loss: 53.791
20:29:09 : [345] Fetch Batch
20:29:09 : [345] Run Sess
20:29:09 : [345] Learning Loss: 53.704
20:29:09 : [346] Fetch Batch
20:29:10 : [346] Run Sess
20:29:10 : [346] Learning Loss: 53.449
20:29:10 : [347] Fetch Batch
20:29:10 : [347] Run Sess
20:29:10 : [347] Learning Loss: 53.207
20:29:10 : [348] Fetch Batch
20:29:10 : [348] Run Sess
20:29:10 : [348] Learning Loss: 53.448
20:29:10 : [349] Fetch Batch
20:29:11 : [349] Run Sess
20:29:11 : [349] Learning Loss: 53.434
20:29:11 : [350] Fetch Batch
20:29:11 : [350] Run Sess
20:29:11 : [350] Learning Loss: 54.133
20:29:11 : [351] Fetch Batch
20:29:11 : [351] Run Sess
20:29:11 : [351] Learning Loss: 54.042
20:29:11 : [352] Fetch Batch
20:29:12 : [352] Run Sess
20:29:12 : [352] Learning Loss: 54.348
20:29:12 : [353] Fetch Batch
20:29:12 : [353] Run Sess
20:29:12 : [353] Learning Loss: 53.416
20:29:12 : [354] Fetch Batch
20:29:12 : [354] Run Sess
20:29:12 : [354] Learning Loss: 53.512
20:29:12 : [355] Fetch Batch
20:29:13 : [355] Run Sess
20:29:13 : [355] Learning Loss: 53.487
20:29:13 : [356] Fetch Batch
20:29:13 : [356] Run Sess
20:29:13 : [356] Learning Loss: 54.466
20:29:13 : [357] Fetch Batch
20:29:13 : [357] Run Sess
20:29:13 : [357] Learning Loss: 53.966
20:29:13 : [358] Fetch Batch
20:29:13 : [358] Run Sess
20:29:14 : [358] Learning Loss: 53.689
20:29:14 : [359] Fetch Batch
20:29:14 : [359] Run Sess
20:29:14 : [359] Learning Loss: 53.434
20:29:14 : [360] Fetch Batch
20:29:14 : [360] Run Sess
20:29:14 : [360] Learning Loss: 53.566
20:29:14 : [361] Fetch Batch
20:29:14 : [361] Run Sess
20:29:15 : [361] Learning Loss: 53.681
20:29:15 : [362] Fetch Batch
20:29:15 : [362] Run Sess
20:29:15 : [362] Learning Loss: 53.496
20:29:15 : [363] Fetch Batch
20:29:15 : [363] Run Sess
20:29:15 : [363] Learning Loss: 53.347
20:29:15 : [364] Fetch Batch
20:29:15 : [364] Run Sess
20:29:16 : [364] Learning Loss: 53.487
20:29:16 : [365] Fetch Batch
20:29:16 : [365] Run Sess
20:29:16 : [365] Learning Loss: 52.917
20:29:16 : [366] Fetch Batch
20:29:16 : [366] Run Sess
20:29:16 : [366] Learning Loss: 53.990
20:29:16 : [367] Fetch Batch
20:29:16 : [367] Run Sess
20:29:17 : [367] Learning Loss: 53.827
20:29:17 : [368] Fetch Batch
20:29:17 : [368] Run Sess
20:29:17 : [368] Learning Loss: 53.605
20:29:17 : [369] Fetch Batch
20:29:17 : [369] Run Sess
20:29:17 : [369] Learning Loss: 53.798
20:29:17 : [370] Fetch Batch
20:29:17 : [370] Run Sess
20:29:18 : [370] Learning Loss: 53.239
20:29:18 : [371] Fetch Batch
20:29:18 : [371] Run Sess
20:29:18 : [371] Learning Loss: 53.763
20:29:18 : [372] Fetch Batch
20:29:18 : [372] Run Sess
20:29:18 : [372] Learning Loss: 53.341
20:29:18 : [373] Fetch Batch
20:29:18 : [373] Run Sess
20:29:19 : [373] Learning Loss: 53.374
20:29:19 : [374] Fetch Batch
20:29:19 : [374] Run Sess
20:29:19 : [374] Learning Loss: 53.385
20:29:19 : [375] Fetch Batch
20:29:19 : [375] Run Sess
20:29:19 : [375] Learning Loss: 54.631
20:29:19 : [376] Fetch Batch
20:29:19 : [376] Run Sess
20:29:20 : [376] Learning Loss: 53.642
20:29:20 : [377] Fetch Batch
20:29:20 : [377] Run Sess
20:29:20 : [377] Learning Loss: 53.441
20:29:20 : [378] Fetch Batch
20:29:20 : [378] Run Sess
20:29:20 : [378] Learning Loss: 52.987
20:29:20 : [379] Fetch Batch
20:29:20 : [379] Run Sess
20:29:20 : [379] Learning Loss: 53.869
20:29:20 : [380] Fetch Batch
20:29:21 : [380] Run Sess
20:29:21 : [380] Learning Loss: 53.515
20:29:21 : [381] Fetch Batch
20:29:21 : [381] Run Sess
20:29:21 : [381] Learning Loss: 53.193
20:29:21 : [382] Fetch Batch
20:29:21 : [382] Run Sess
20:29:21 : [382] Learning Loss: 53.631
20:29:21 : [383] Fetch Batch
20:29:22 : [383] Run Sess
20:29:22 : [383] Learning Loss: 53.528
20:29:22 : [384] Fetch Batch
20:29:22 : [384] Run Sess
20:29:22 : [384] Learning Loss: 53.749
20:29:22 : [385] Fetch Batch
20:29:22 : [385] Run Sess
20:29:22 : [385] Learning Loss: 53.887
20:29:22 : [386] Fetch Batch
20:29:23 : [386] Run Sess
20:29:23 : [386] Learning Loss: 53.598
20:29:23 : [387] Fetch Batch
20:29:23 : [387] Run Sess
20:29:23 : [387] Learning Loss: 53.992
20:29:23 : [388] Fetch Batch
20:29:23 : [388] Run Sess
20:29:23 : [388] Learning Loss: 53.709
20:29:23 : [389] Fetch Batch
20:29:24 : [389] Run Sess
20:29:24 : [389] Learning Loss: 53.581
20:29:24 : [390] Fetch Batch
20:29:24 : [390] Run Sess
20:29:24 : [390] Learning Loss: 53.443
20:29:24 : [391] Fetch Batch
20:29:24 : [391] Run Sess
20:29:24 : [391] Learning Loss: 53.253
20:29:24 : [392] Fetch Batch
20:29:25 : [392] Run Sess
20:29:25 : [392] Learning Loss: 53.500
20:29:25 : [393] Fetch Batch
20:29:25 : [393] Run Sess
20:29:25 : [393] Learning Loss: 53.637
20:29:25 : [394] Fetch Batch
20:29:25 : [394] Run Sess
20:29:25 : [394] Learning Loss: 53.920
20:29:25 : [395] Fetch Batch
20:29:26 : [395] Run Sess
20:29:26 : [395] Learning Loss: 53.891
20:29:26 : [396] Fetch Batch
20:29:26 : [396] Run Sess
20:29:26 : [396] Learning Loss: 53.861
20:29:26 : [397] Fetch Batch
20:29:26 : [397] Run Sess
20:29:26 : [397] Learning Loss: 53.125
20:29:26 : [398] Fetch Batch
20:29:27 : [398] Run Sess
20:29:27 : [398] Learning Loss: 53.209
20:29:27 : [399] Fetch Batch
20:29:27 : [399] Run Sess
20:29:27 : [399] Learning Loss: 53.072
20:29:27 :
0.4500	0.3125	0.3125	0.2875	0.2750	0.3125	0.2375	400	53.3477
20:29:27 : [400] Fetch Batch
20:29:27 : [400] Run Sess
20:29:28 : [400] Learning Loss: 53.925
20:29:28 : [401] Fetch Batch
20:29:28 : [401] Run Sess
20:29:28 : [401] Learning Loss: 53.316
20:29:28 : [402] Fetch Batch
20:29:28 : [402] Run Sess
20:29:28 : [402] Learning Loss: 53.475
20:29:28 : [403] Fetch Batch
20:29:28 : [403] Run Sess
20:29:29 : [403] Learning Loss: 53.334
20:29:29 : [404] Fetch Batch
20:29:29 : [404] Run Sess
20:29:29 : [404] Learning Loss: 54.018
20:29:29 : [405] Fetch Batch
20:29:29 : [405] Run Sess
20:29:29 : [405] Learning Loss: 53.292
20:29:29 : [406] Fetch Batch
20:29:29 : [406] Run Sess
20:29:30 : [406] Learning Loss: 53.564
20:29:30 : [407] Fetch Batch
20:29:30 : [407] Run Sess
20:29:30 : [407] Learning Loss: 53.721
20:29:30 : [408] Fetch Batch
20:29:30 : [408] Run Sess
20:29:30 : [408] Learning Loss: 53.127
20:29:30 : [409] Fetch Batch
20:29:30 : [409] Run Sess
20:29:31 : [409] Learning Loss: 53.814
20:29:31 : [410] Fetch Batch
20:29:31 : [410] Run Sess
20:29:31 : [410] Learning Loss: 53.777
20:29:31 : [411] Fetch Batch
20:29:31 : [411] Run Sess
20:29:31 : [411] Learning Loss: 53.549
20:29:31 : [412] Fetch Batch
20:29:31 : [412] Run Sess
20:29:32 : [412] Learning Loss: 53.595
20:29:32 : [413] Fetch Batch
20:29:32 : [413] Run Sess
20:29:32 : [413] Learning Loss: 53.266
20:29:32 : [414] Fetch Batch
20:29:32 : [414] Run Sess
20:29:32 : [414] Learning Loss: 53.338
20:29:32 : [415] Fetch Batch
20:29:32 : [415] Run Sess
20:29:33 : [415] Learning Loss: 54.162
20:29:33 : [416] Fetch Batch
20:29:33 : [416] Run Sess
20:29:33 : [416] Learning Loss: 53.634
20:29:33 : [417] Fetch Batch
20:29:33 : [417] Run Sess
20:29:33 : [417] Learning Loss: 53.276
20:29:33 : [418] Fetch Batch
20:29:33 : [418] Run Sess
20:29:34 : [418] Learning Loss: 53.482
20:29:34 : [419] Fetch Batch
20:29:34 : [419] Run Sess
20:29:34 : [419] Learning Loss: 53.901
20:29:34 : [420] Fetch Batch
20:29:34 : [420] Run Sess
20:29:34 : [420] Learning Loss: 53.620
20:29:34 : [421] Fetch Batch
20:29:34 : [421] Run Sess
20:29:35 : [421] Learning Loss: 53.670
20:29:35 : [422] Fetch Batch
20:29:35 : [422] Run Sess
20:29:35 : [422] Learning Loss: 54.139
20:29:35 : [423] Fetch Batch
20:29:35 : [423] Run Sess
20:29:35 : [423] Learning Loss: 53.358
20:29:35 : [424] Fetch Batch
20:29:35 : [424] Run Sess
20:29:36 : [424] Learning Loss: 53.497
20:29:36 : [425] Fetch Batch
20:29:36 : [425] Run Sess
20:29:36 : [425] Learning Loss: 53.584
20:29:36 : [426] Fetch Batch
20:29:36 : [426] Run Sess
20:29:36 : [426] Learning Loss: 53.342
20:29:36 : [427] Fetch Batch
20:29:36 : [427] Run Sess
20:29:36 : [427] Learning Loss: 53.458
20:29:36 : [428] Fetch Batch
20:29:37 : [428] Run Sess
20:29:37 : [428] Learning Loss: 53.438
20:29:37 : [429] Fetch Batch
20:29:37 : [429] Run Sess
20:29:37 : [429] Learning Loss: 53.571
20:29:37 : [430] Fetch Batch
20:29:37 : [430] Run Sess
20:29:37 : [430] Learning Loss: 53.340
20:29:37 : [431] Fetch Batch
20:29:38 : [431] Run Sess
20:29:38 : [431] Learning Loss: 53.305
20:29:38 : [432] Fetch Batch
20:29:38 : [432] Run Sess
20:29:38 : [432] Learning Loss: 53.093
20:29:38 : [433] Fetch Batch
20:29:38 : [433] Run Sess
20:29:38 : [433] Learning Loss: 53.637
20:29:38 : [434] Fetch Batch
20:29:39 : [434] Run Sess
20:29:39 : [434] Learning Loss: 53.479
20:29:39 : [435] Fetch Batch
20:29:39 : [435] Run Sess
20:29:39 : [435] Learning Loss: 53.177
20:29:39 : [436] Fetch Batch
20:29:39 : [436] Run Sess
20:29:39 : [436] Learning Loss: 52.599
20:29:39 : [437] Fetch Batch
20:29:40 : [437] Run Sess
20:29:40 : [437] Learning Loss: 53.045
20:29:40 : [438] Fetch Batch
20:29:40 : [438] Run Sess
20:29:40 : [438] Learning Loss: 53.149
20:29:40 : [439] Fetch Batch
20:29:40 : [439] Run Sess
20:29:40 : [439] Learning Loss: 53.267
20:29:40 : [440] Fetch Batch
20:29:41 : [440] Run Sess
20:29:41 : [440] Learning Loss: 52.925
20:29:41 : [441] Fetch Batch
20:29:41 : [441] Run Sess
20:29:41 : [441] Learning Loss: 53.288
20:29:41 : [442] Fetch Batch
20:29:41 : [442] Run Sess
20:29:41 : [442] Learning Loss: 53.199
20:29:41 : [443] Fetch Batch
20:29:41 : [443] Run Sess
20:29:42 : [443] Learning Loss: 53.192
20:29:42 : [444] Fetch Batch
20:29:42 : [444] Run Sess
20:29:42 : [444] Learning Loss: 53.003
20:29:42 : [445] Fetch Batch
20:29:42 : [445] Run Sess
20:29:42 : [445] Learning Loss: 53.204
20:29:42 : [446] Fetch Batch
20:29:42 : [446] Run Sess
20:29:43 : [446] Learning Loss: 52.832
20:29:43 : [447] Fetch Batch
20:29:43 : [447] Run Sess
20:29:43 : [447] Learning Loss: 53.057
20:29:43 : [448] Fetch Batch
20:29:43 : [448] Run Sess
20:29:43 : [448] Learning Loss: 52.625
20:29:43 : [449] Fetch Batch
20:29:43 : [449] Run Sess
20:29:44 : [449] Learning Loss: 52.679
20:29:44 : [450] Fetch Batch
20:29:44 : [450] Run Sess
20:29:44 : [450] Learning Loss: 52.855
20:29:44 : [451] Fetch Batch
20:29:44 : [451] Run Sess
20:29:44 : [451] Learning Loss: 53.020
20:29:44 : [452] Fetch Batch
20:29:44 : [452] Run Sess
20:29:45 : [452] Learning Loss: 53.059
20:29:45 : [453] Fetch Batch
20:29:45 : [453] Run Sess
20:29:45 : [453] Learning Loss: 52.547
20:29:45 : [454] Fetch Batch
20:29:45 : [454] Run Sess
20:29:45 : [454] Learning Loss: 53.454
20:29:45 : [455] Fetch Batch
20:29:45 : [455] Run Sess
20:29:46 : [455] Learning Loss: 52.865
20:29:46 : [456] Fetch Batch
20:29:46 : [456] Run Sess
20:29:46 : [456] Learning Loss: 53.309
20:29:46 : [457] Fetch Batch
20:29:46 : [457] Run Sess
20:29:46 : [457] Learning Loss: 53.142
20:29:46 : [458] Fetch Batch
20:29:46 : [458] Run Sess
20:29:47 : [458] Learning Loss: 53.295
20:29:47 : [459] Fetch Batch
20:29:47 : [459] Run Sess
20:29:47 : [459] Learning Loss: 52.982
20:29:47 : [460] Fetch Batch
20:29:47 : [460] Run Sess
20:29:47 : [460] Learning Loss: 52.990
20:29:47 : [461] Fetch Batch
20:29:47 : [461] Run Sess
20:29:48 : [461] Learning Loss: 52.961
20:29:48 : [462] Fetch Batch
20:29:48 : [462] Run Sess
20:29:48 : [462] Learning Loss: 52.867
20:29:48 : [463] Fetch Batch
20:29:48 : [463] Run Sess
20:29:48 : [463] Learning Loss: 52.876
20:29:48 : [464] Fetch Batch
20:29:48 : [464] Run Sess
20:29:49 : [464] Learning Loss: 53.436
20:29:49 : [465] Fetch Batch
20:29:49 : [465] Run Sess
20:29:49 : [465] Learning Loss: 53.272
20:29:49 : [466] Fetch Batch
20:29:49 : [466] Run Sess
20:29:49 : [466] Learning Loss: 53.638
20:29:49 : [467] Fetch Batch
20:29:49 : [467] Run Sess
20:29:49 : [467] Learning Loss: 53.073
20:29:49 : [468] Fetch Batch
20:29:50 : [468] Run Sess
20:29:50 : [468] Learning Loss: 53.168
20:29:50 : [469] Fetch Batch
20:29:50 : [469] Run Sess
20:29:50 : [469] Learning Loss: 54.010
20:29:50 : [470] Fetch Batch
20:29:50 : [470] Run Sess
20:29:50 : [470] Learning Loss: 52.856
20:29:50 : [471] Fetch Batch
20:29:51 : [471] Run Sess
20:29:51 : [471] Learning Loss: 53.597
20:29:51 : [472] Fetch Batch
20:29:51 : [472] Run Sess
20:29:51 : [472] Learning Loss: 53.036
20:29:51 : [473] Fetch Batch
20:29:51 : [473] Run Sess
20:29:51 : [473] Learning Loss: 53.356
20:29:51 : [474] Fetch Batch
20:29:52 : [474] Run Sess
20:29:52 : [474] Learning Loss: 53.048
20:29:52 : [475] Fetch Batch
20:29:52 : [475] Run Sess
20:29:52 : [475] Learning Loss: 52.808
20:29:52 : [476] Fetch Batch
20:29:52 : [476] Run Sess
20:29:52 : [476] Learning Loss: 53.108
20:29:52 : [477] Fetch Batch
20:29:53 : [477] Run Sess
20:29:53 : [477] Learning Loss: 53.244
20:29:53 : [478] Fetch Batch
20:29:53 : [478] Run Sess
20:29:53 : [478] Learning Loss: 52.949
20:29:53 : [479] Fetch Batch
20:29:53 : [479] Run Sess
20:29:53 : [479] Learning Loss: 52.973
20:29:53 : [480] Fetch Batch
20:29:53 : [480] Run Sess
20:29:54 : [480] Learning Loss: 53.926
20:29:54 : [481] Fetch Batch
20:29:54 : [481] Run Sess
20:29:54 : [481] Learning Loss: 53.827
20:29:54 : [482] Fetch Batch
20:29:54 : [482] Run Sess
20:29:54 : [482] Learning Loss: 53.074
20:29:54 : [483] Fetch Batch
20:29:54 : [483] Run Sess
20:29:55 : [483] Learning Loss: 52.940
20:29:55 : [484] Fetch Batch
20:29:55 : [484] Run Sess
20:29:55 : [484] Learning Loss: 53.417
20:29:55 : [485] Fetch Batch
20:29:55 : [485] Run Sess
20:29:55 : [485] Learning Loss: 53.512
20:29:55 : [486] Fetch Batch
20:29:55 : [486] Run Sess
20:29:56 : [486] Learning Loss: 53.033
20:29:56 : [487] Fetch Batch
20:29:56 : [487] Run Sess
20:29:56 : [487] Learning Loss: 53.277
20:29:56 : [488] Fetch Batch
20:29:56 : [488] Run Sess
20:29:56 : [488] Learning Loss: 53.482
20:29:56 : [489] Fetch Batch
20:29:56 : [489] Run Sess
20:29:57 : [489] Learning Loss: 53.054
20:29:57 : [490] Fetch Batch
20:29:57 : [490] Run Sess
20:29:57 : [490] Learning Loss: 52.923
20:29:57 : [491] Fetch Batch
20:29:57 : [491] Run Sess
20:29:57 : [491] Learning Loss: 53.275
20:29:57 : [492] Fetch Batch
20:29:57 : [492] Run Sess
20:29:58 : [492] Learning Loss: 52.763
20:29:58 : [493] Fetch Batch
20:29:58 : [493] Run Sess
20:29:58 : [493] Learning Loss: 53.148
20:29:58 : [494] Fetch Batch
20:29:58 : [494] Run Sess
20:29:58 : [494] Learning Loss: 53.326
20:29:58 : [495] Fetch Batch
20:29:58 : [495] Run Sess
20:29:58 : [495] Learning Loss: 53.289
20:29:58 : [496] Fetch Batch
20:29:59 : [496] Run Sess
20:29:59 : [496] Learning Loss: 52.993
20:29:59 : [497] Fetch Batch
20:29:59 : [497] Run Sess
20:29:59 : [497] Learning Loss: 53.141
20:29:59 : [498] Fetch Batch
20:29:59 : [498] Run Sess
20:29:59 : [498] Learning Loss: 53.376
20:29:59 : [499] Fetch Batch
20:30:00 : [499] Run Sess
20:30:00 : [499] Learning Loss: 53.694
20:30:00 :
0.4500	0.2875	0.2750	0.2625	0.3375	0.2875	0.2500	500	52.8813
Traceback (most recent call last):
  File "one_shot_learning.py", line 213, in <module>
    main()
  File "one_shot_learning.py", line 52, in main
    train(args)
  File "one_shot_learning.py", line 130, in train
    saver.save(sess, args.save_dir + '/' + args.model + '/model.tfmodel', global_step=b)
  File "/opt/apps/gcc4_9/cuda8_0/cudnn5_1/python3_5/tensorflow-gpu/1.0.0/lib/python3.5/site-packages/tensorflow/python/training/saver.py", line 1365, in save
    "Parent directory of {} doesn't exist, can't save.".format(save_path))
ValueError: Parent directory of ./save/one_shot_learning/MANN/model.tfmodel doesn't exist, can't save.
