I tensorflow/stream_executor/dso_loader.cc:135] successfully opened CUDA library libcublas.so.8.0 locally
I tensorflow/stream_executor/dso_loader.cc:135] successfully opened CUDA library libcudnn.so.5 locally
I tensorflow/stream_executor/dso_loader.cc:135] successfully opened CUDA library libcufft.so.8.0 locally
I tensorflow/stream_executor/dso_loader.cc:135] successfully opened CUDA library libcuda.so.1 locally
I tensorflow/stream_executor/dso_loader.cc:135] successfully opened CUDA library libcurand.so.8.0 locally
/home/03858/kk28695/.local/lib/python3.5/site-packages/skvideo/__init__.py:356: UserWarning: avconv/avprobe not found in path: 
  warnings.warn("avconv/avprobe not found in path: " + str(path), UserWarning)
11:28:20 : Args:  Namespace(augment=True, batch_size=16, batches_validation=5, class_difficulty='easy', controller_type='alex', data_dir='../../images_background', dataset_type='kinetics_dynamic', debug=True, image_height=128, image_width=128, label_type='one_hot', learning_rate=0.001, memory_size=128, memory_vector_dim=40, mode='train', model='MANN', model_save_freq=500, model_saver=False, n_classes=25, n_test_classes=423, n_train_classes=1200, num_epoches=1000, optimizer='adam', read_head_num=4, restore_training=False, rnn_num_layers=1, rnn_size=200, sample_nframes=64, save_dir='job_outputs/experiments', seq_length=100, serialize=True, shift_range=1, summary_writer=True, tensorboard_dir='./summary/one_shot_learning', test_batch_num=100, tf_debug_flag=False, use_pretrained=False, use_subset_classes=True, validation_freq=25, write_head_num=1)
11:28:20 : controller:alex_dataset:kinetics_dynamic_nclasses:25_seqlength:100_pretrained:False_classdifficulty:easy
11:28:20 : Loading in Model
11:28:20 : Creating Placeholders
11:28:20 : Creating Cells
11:28:22 : WARNING: Using non-pretrained Alexnet
11:28:22 : Looping through seq
11:28:22 : Seq: [0] Passing data into the cell
11:28:22 : Seq: [1] Passing data into the cell
11:28:23 : Seq: [2] Passing data into the cell
11:28:23 : Seq: [3] Passing data into the cell
11:28:24 : Seq: [4] Passing data into the cell
11:28:24 : Seq: [5] Passing data into the cell
11:28:24 : Seq: [6] Passing data into the cell
11:28:25 : Seq: [7] Passing data into the cell
11:28:25 : Seq: [8] Passing data into the cell
11:28:26 : Seq: [9] Passing data into the cell
11:28:26 : Seq: [10] Passing data into the cell
11:28:27 : Seq: [11] Passing data into the cell
11:28:27 : Seq: [12] Passing data into the cell
11:28:28 : Seq: [13] Passing data into the cell
11:28:28 : Seq: [14] Passing data into the cell
11:28:28 : Seq: [15] Passing data into the cell
11:28:29 : Seq: [16] Passing data into the cell
11:28:29 : Seq: [17] Passing data into the cell
11:28:30 : Seq: [18] Passing data into the cell
11:28:30 : Seq: [19] Passing data into the cell
11:28:31 : Seq: [20] Passing data into the cell
11:28:31 : Seq: [21] Passing data into the cell
11:28:31 : Seq: [22] Passing data into the cell
11:28:32 : Seq: [23] Passing data into the cell
11:28:32 : Seq: [24] Passing data into the cell
11:28:33 : Seq: [25] Passing data into the cell
11:28:33 : Seq: [26] Passing data into the cell
11:28:34 : Seq: [27] Passing data into the cell
11:28:34 : Seq: [28] Passing data into the cell
11:28:35 : Seq: [29] Passing data into the cell
11:28:35 : Seq: [30] Passing data into the cell
11:28:35 : Seq: [31] Passing data into the cell
11:28:36 : Seq: [32] Passing data into the cell
11:28:36 : Seq: [33] Passing data into the cell
11:28:37 : Seq: [34] Passing data into the cell
11:28:37 : Seq: [35] Passing data into the cell
11:28:38 : Seq: [36] Passing data into the cell
11:28:38 : Seq: [37] Passing data into the cell
11:28:38 : Seq: [38] Passing data into the cell
11:28:39 : Seq: [39] Passing data into the cell
11:28:39 : Seq: [40] Passing data into the cell
11:28:40 : Seq: [41] Passing data into the cell
11:28:40 : Seq: [42] Passing data into the cell
11:28:41 : Seq: [43] Passing data into the cell
11:28:41 : Seq: [44] Passing data into the cell
11:28:42 : Seq: [45] Passing data into the cell
11:28:42 : Seq: [46] Passing data into the cell
11:28:42 : Seq: [47] Passing data into the cell
11:28:43 : Seq: [48] Passing data into the cell
11:28:43 : Seq: [49] Passing data into the cell
11:28:44 : Seq: [50] Passing data into the cell
11:28:44 : Seq: [51] Passing data into the cell
11:28:44 : Seq: [52] Passing data into the cell
11:28:45 : Seq: [53] Passing data into the cell
11:28:46 : Seq: [54] Passing data into the cell
11:28:46 : Seq: [55] Passing data into the cell
11:28:46 : Seq: [56] Passing data into the cell
11:28:47 : Seq: [57] Passing data into the cell
11:28:47 : Seq: [58] Passing data into the cell
11:28:48 : Seq: [59] Passing data into the cell
11:28:48 : Seq: [60] Passing data into the cell
11:28:48 : Seq: [61] Passing data into the cell
11:28:49 : Seq: [62] Passing data into the cell
11:28:49 : Seq: [63] Passing data into the cell
11:28:50 : Seq: [64] Passing data into the cell
11:28:50 : Seq: [65] Passing data into the cell
11:28:51 : Seq: [66] Passing data into the cell
11:28:51 : Seq: [67] Passing data into the cell
11:28:51 : Seq: [68] Passing data into the cell
11:28:52 : Seq: [69] Passing data into the cell
11:28:52 : Seq: [70] Passing data into the cell
11:28:53 : Seq: [71] Passing data into the cell
11:28:53 : Seq: [72] Passing data into the cell
11:28:54 : Seq: [73] Passing data into the cell
11:28:54 : Seq: [74] Passing data into the cell
11:28:55 : Seq: [75] Passing data into the cell
11:28:55 : Seq: [76] Passing data into the cell
11:28:55 : Seq: [77] Passing data into the cell
11:28:56 : Seq: [78] Passing data into the cell
11:28:56 : Seq: [79] Passing data into the cell
11:28:57 : Seq: [80] Passing data into the cell
11:28:57 : Seq: [81] Passing data into the cell
11:28:57 : Seq: [82] Passing data into the cell
11:28:58 : Seq: [83] Passing data into the cell
11:28:58 : Seq: [84] Passing data into the cell
11:28:59 : Seq: [85] Passing data into the cell
11:28:59 : Seq: [86] Passing data into the cell
11:29:00 : Seq: [87] Passing data into the cell
11:29:00 : Seq: [88] Passing data into the cell
11:29:01 : Seq: [89] Passing data into the cell
11:29:01 : Seq: [90] Passing data into the cell
11:29:02 : Seq: [91] Passing data into the cell
11:29:02 : Seq: [92] Passing data into the cell
11:29:02 : Seq: [93] Passing data into the cell
11:29:03 : Seq: [94] Passing data into the cell
11:29:03 : Seq: [95] Passing data into the cell
11:29:04 : Seq: [96] Passing data into the cell
11:29:04 : Seq: [97] Passing data into the cell
11:29:04 : Seq: [98] Passing data into the cell
11:29:05 : Seq: [99] Passing data into the cell
11:29:05 : Defining Loss
11:29:05 : Total number of variables used  5001333
11:29:05 : Defining optimizer
11:31:45 : Finished Definining Model
11:31:45 : Loading Data
11:31:50 : Starting Session
I tensorflow/core/common_runtime/gpu/gpu_device.cc:885] Found device 0 with properties: 
name: Tesla K40m
major: 3 minor: 5 memoryClockRate (GHz) 0.745
pciBusID 0000:08:00.0
Total memory: 11.17GiB
Free memory: 11.10GiB
I tensorflow/core/common_runtime/gpu/gpu_device.cc:906] DMA: 0 
I tensorflow/core/common_runtime/gpu/gpu_device.cc:916] 0:   Y 
I tensorflow/core/common_runtime/gpu/gpu_device.cc:975] Creating TensorFlow device (/gpu:0) -> (device: 0, name: Tesla K40m, pci bus id: 0000:08:00.0)
11:31:50 : Started Session
I tensorflow/compiler/xla/service/platform_util.cc:58] platform CUDA present with 1 visible devices
I tensorflow/compiler/xla/service/platform_util.cc:58] platform Host present with 20 visible devices
I tensorflow/compiler/xla/service/service.cc:180] XLA service executing computations on platform Host. Devices:
I tensorflow/compiler/xla/service/service.cc:187]   StreamExecutor device (0): <undefined>, <undefined>
I tensorflow/compiler/xla/service/platform_util.cc:58] platform CUDA present with 1 visible devices
I tensorflow/compiler/xla/service/platform_util.cc:58] platform Host present with 20 visible devices
I tensorflow/compiler/xla/service/service.cc:180] XLA service executing computations on platform CUDA. Devices:
I tensorflow/compiler/xla/service/service.cc:187]   StreamExecutor device (0): Tesla K40m, Compute Capability 3.5
11:33:03 : Finished Initialization
11:37:05 : Train Writer Finished
11:37:05 : Namespace(augment=True, batch_size=16, batches_validation=5, class_difficulty='easy', controller_type='alex', data_dir='../../images_background', dataset_type='kinetics_dynamic', debug=True, image_height=128, image_width=128, label_type='one_hot', learning_rate=0.001, memory_size=128, memory_vector_dim=40, mode='train', model='MANN', model_save_freq=500, model_saver=False, n_classes=25, n_test_classes=423, n_train_classes=1200, num_epoches=1000, optimizer='adam', output_dim=25, read_head_num=4, restore_training=False, rnn_num_layers=1, rnn_size=200, sample_nframes=64, save_dir='job_outputs/experiments', seq_length=100, serialize=True, shift_range=1, summary_writer=True, tensorboard_dir='./summary/one_shot_learning', test_batch_num=100, tf_debug_flag=False, use_pretrained=False, use_subset_classes=True, validation_freq=25, write_head_num=1)
11:37:05 : 1st	2nd	3rd	4th	5th	6th	7th	8th	9th	10th	batch	loss
11:37:51 :	0.0403	0.0400	0.0407	0.0489	0.0447	0.0252	0.0362	
11:37:51 :	1959	1800	1498	1145	760	437	221	0	319.8100
11:37:51 : [0] Fetch Batch
11:38:00 : [0] Run Sess
11:38:18 : [0] Learning Loss: 319.899
11:38:18 : [1] Fetch Batch
11:38:24 : [1] Run Sess
11:38:30 : [1] Learning Loss: 321.299
11:38:30 : [2] Fetch Batch
11:38:34 : [2] Run Sess
11:38:39 : [2] Learning Loss: 319.726
11:38:39 : [3] Fetch Batch
11:38:43 : [3] Run Sess
11:38:49 : [3] Learning Loss: 319.110
11:38:49 : [4] Fetch Batch
11:38:52 : [4] Run Sess
11:38:58 : [4] Learning Loss: 317.037
11:38:58 : [5] Fetch Batch
11:39:01 : [5] Run Sess
11:39:06 : [5] Learning Loss: 317.491
11:39:06 : [6] Fetch Batch
11:39:10 : [6] Run Sess
11:39:15 : [6] Learning Loss: 318.937
11:39:15 : [7] Fetch Batch
11:39:18 : [7] Run Sess
11:39:23 : [7] Learning Loss: 319.434
11:39:23 : [8] Fetch Batch
11:39:26 : [8] Run Sess
11:39:31 : [8] Learning Loss: 317.552
11:39:31 : [9] Fetch Batch
11:39:34 : [9] Run Sess
11:39:39 : [9] Learning Loss: 317.436
11:39:39 : [10] Fetch Batch
11:39:42 : [10] Run Sess
11:39:47 : [10] Learning Loss: 317.717
11:39:47 : [11] Fetch Batch
11:39:50 : [11] Run Sess
11:39:56 : [11] Learning Loss: 317.032
11:39:56 : [12] Fetch Batch
11:39:59 : [12] Run Sess
11:40:04 : [12] Learning Loss: 316.021
11:40:04 : [13] Fetch Batch
11:40:07 : [13] Run Sess
11:40:12 : [13] Learning Loss: 316.751
11:40:12 : [14] Fetch Batch
11:40:15 : [14] Run Sess
11:40:20 : [14] Learning Loss: 316.304
11:40:20 : [15] Fetch Batch
11:40:23 : [15] Run Sess
11:40:28 : [15] Learning Loss: 315.300
11:40:28 : [16] Fetch Batch
11:40:31 : [16] Run Sess
11:40:37 : [16] Learning Loss: 315.959
11:40:37 : [17] Fetch Batch
11:40:39 : [17] Run Sess
11:40:44 : [17] Learning Loss: 315.533
11:40:44 : [18] Fetch Batch
11:40:47 : [18] Run Sess
11:40:52 : [18] Learning Loss: 316.107
11:40:52 : [19] Fetch Batch
11:40:55 : [19] Run Sess
11:41:00 : [19] Learning Loss: 314.579
11:41:00 : [20] Fetch Batch
11:41:03 : [20] Run Sess
11:41:08 : [20] Learning Loss: 314.810
11:41:08 : [21] Fetch Batch
11:41:11 : [21] Run Sess
11:41:16 : [21] Learning Loss: 315.457
11:41:16 : [22] Fetch Batch
11:41:19 : [22] Run Sess
11:41:24 : [22] Learning Loss: 314.874
11:41:24 : [23] Fetch Batch
11:41:27 : [23] Run Sess
11:41:32 : [23] Learning Loss: 314.706
11:41:32 : [24] Fetch Batch
11:41:35 : [24] Run Sess
11:41:40 : [24] Learning Loss: 314.451
11:42:14 :	0.1838	0.1961	0.1902	0.1845	0.1828	0.2192	0.2166	
11:42:14 :	1975	1810	1509	1138	744	447	217	25	314.0991
11:42:14 : [25] Fetch Batch
11:42:17 : [25] Run Sess
11:42:22 : [25] Learning Loss: 314.309
11:42:22 : [26] Fetch Batch
11:42:25 : [26] Run Sess
11:42:30 : [26] Learning Loss: 313.405
11:42:30 : [27] Fetch Batch
11:42:34 : [27] Run Sess
11:42:39 : [27] Learning Loss: 313.437
11:42:39 : [28] Fetch Batch
11:42:43 : [28] Run Sess
11:42:48 : [28] Learning Loss: 313.087
11:42:48 : [29] Fetch Batch
11:42:52 : [29] Run Sess
11:42:57 : [29] Learning Loss: 312.901
11:42:57 : [30] Fetch Batch
Traceback (most recent call last):
  File "one_shot_learning.py", line 252, in <module>
    main()
  File "one_shot_learning.py", line 57, in main
    train(args)
  File "one_shot_learning.py", line 172, in train
    label_type=args.label_type)
  File "/work/03858/kk28695/maverick/FinalProj/kShotActionRecognition/src/input_loader.py", line 102, in fetch_batch
    for i in range(batch_size * seq_length)])
  File "/work/03858/kk28695/maverick/FinalProj/kShotActionRecognition/src/input_loader.py", line 102, in <listcomp>
    for i in range(batch_size * seq_length)])
  File "/work/03858/kk28695/maverick/FinalProj/kShotActionRecognition/src/input_loader.py", line 51, in get_input
    rep = util.find_dynamic_image(filename, resize=(self.im_size, self.im_size))
  File "/work/03858/kk28695/maverick/FinalProj/kShotActionRecognition/src/util.py", line 168, in find_dynamic_image
    raise IOError("Dynamic image for video {} does not exist".format(filename))
OSError: Dynamic image for video ../data/kinetics_train/videos/playing cricket/qxDsshpG_Oo_000049_000059.mp4 does not exist
