I tensorflow/stream_executor/dso_loader.cc:135] successfully opened CUDA library libcublas.so.8.0 locally
I tensorflow/stream_executor/dso_loader.cc:135] successfully opened CUDA library libcudnn.so.5 locally
I tensorflow/stream_executor/dso_loader.cc:135] successfully opened CUDA library libcufft.so.8.0 locally
I tensorflow/stream_executor/dso_loader.cc:135] successfully opened CUDA library libcuda.so.1 locally
I tensorflow/stream_executor/dso_loader.cc:135] successfully opened CUDA library libcurand.so.8.0 locally
/home/03858/kk28695/.local/lib/python3.5/site-packages/skvideo/__init__.py:356: UserWarning: avconv/avprobe not found in path: 
  warnings.warn("avconv/avprobe not found in path: " + str(path), UserWarning)
00:28:28 : Args:  Namespace(augment=True, batch_size=16, batches_validation=5, class_difficulty='easy', controller_type='alex', data_dir='../../images_background', dataset_type='kinetics_dynamic', debug=True, image_height=128, image_width=128, label_type='one_hot', learning_rate=0.001, memory_size=128, memory_vector_dim=40, mode='train', model='MANN', model_save_freq=500, model_saver=False, n_classes=25, n_test_classes=423, n_train_classes=1200, num_epoches=1000, optimizer='adam', read_head_num=4, restore_training=False, rnn_num_layers=1, rnn_size=200, sample_nframes=64, save_dir='job_outputs/experiments', seq_length=100, serialize=True, shift_range=1, summary_writer=True, tensorboard_dir='./summary/one_shot_learning', test_batch_num=100, tf_debug_flag=False, use_pretrained=False, use_subset_classes=True, validation_freq=25, write_head_num=1)
00:28:28 : controller:alex_dataset:kinetics_dynamic_nclasses:25_seqlength:100_pretrained:False_classdifficulty:easy
00:28:28 : Loading in Model
00:28:28 : Creating Placeholders
00:28:28 : Creating Cells
00:28:30 : WARNING: Using non-pretrained Alexnet
00:28:30 : Looping through seq
00:28:30 : Seq: [0] Passing data into the cell
00:28:31 : Seq: [1] Passing data into the cell
00:28:31 : Seq: [2] Passing data into the cell
00:28:32 : Seq: [3] Passing data into the cell
00:28:32 : Seq: [4] Passing data into the cell
00:28:33 : Seq: [5] Passing data into the cell
00:28:33 : Seq: [6] Passing data into the cell
00:28:34 : Seq: [7] Passing data into the cell
00:28:34 : Seq: [8] Passing data into the cell
00:28:35 : Seq: [9] Passing data into the cell
00:28:35 : Seq: [10] Passing data into the cell
00:28:35 : Seq: [11] Passing data into the cell
00:28:36 : Seq: [12] Passing data into the cell
00:28:36 : Seq: [13] Passing data into the cell
00:28:37 : Seq: [14] Passing data into the cell
00:28:37 : Seq: [15] Passing data into the cell
00:28:38 : Seq: [16] Passing data into the cell
00:28:38 : Seq: [17] Passing data into the cell
00:28:39 : Seq: [18] Passing data into the cell
00:28:39 : Seq: [19] Passing data into the cell
00:28:39 : Seq: [20] Passing data into the cell
00:28:40 : Seq: [21] Passing data into the cell
00:28:40 : Seq: [22] Passing data into the cell
00:28:41 : Seq: [23] Passing data into the cell
00:28:41 : Seq: [24] Passing data into the cell
00:28:42 : Seq: [25] Passing data into the cell
00:28:42 : Seq: [26] Passing data into the cell
00:28:42 : Seq: [27] Passing data into the cell
00:28:43 : Seq: [28] Passing data into the cell
00:28:43 : Seq: [29] Passing data into the cell
00:28:44 : Seq: [30] Passing data into the cell
00:28:44 : Seq: [31] Passing data into the cell
00:28:45 : Seq: [32] Passing data into the cell
00:28:45 : Seq: [33] Passing data into the cell
00:28:46 : Seq: [34] Passing data into the cell
00:28:46 : Seq: [35] Passing data into the cell
00:28:46 : Seq: [36] Passing data into the cell
00:28:47 : Seq: [37] Passing data into the cell
00:28:47 : Seq: [38] Passing data into the cell
00:28:48 : Seq: [39] Passing data into the cell
00:28:48 : Seq: [40] Passing data into the cell
00:28:48 : Seq: [41] Passing data into the cell
00:28:49 : Seq: [42] Passing data into the cell
00:28:50 : Seq: [43] Passing data into the cell
00:28:50 : Seq: [44] Passing data into the cell
00:28:50 : Seq: [45] Passing data into the cell
00:28:51 : Seq: [46] Passing data into the cell
00:28:51 : Seq: [47] Passing data into the cell
00:28:52 : Seq: [48] Passing data into the cell
00:28:52 : Seq: [49] Passing data into the cell
00:28:52 : Seq: [50] Passing data into the cell
00:28:53 : Seq: [51] Passing data into the cell
00:28:53 : Seq: [52] Passing data into the cell
00:28:54 : Seq: [53] Passing data into the cell
00:28:54 : Seq: [54] Passing data into the cell
00:28:55 : Seq: [55] Passing data into the cell
00:28:55 : Seq: [56] Passing data into the cell
00:28:56 : Seq: [57] Passing data into the cell
00:28:56 : Seq: [58] Passing data into the cell
00:28:57 : Seq: [59] Passing data into the cell
00:28:57 : Seq: [60] Passing data into the cell
00:28:57 : Seq: [61] Passing data into the cell
00:28:58 : Seq: [62] Passing data into the cell
00:28:58 : Seq: [63] Passing data into the cell
00:28:59 : Seq: [64] Passing data into the cell
00:28:59 : Seq: [65] Passing data into the cell
00:28:59 : Seq: [66] Passing data into the cell
00:29:00 : Seq: [67] Passing data into the cell
00:29:00 : Seq: [68] Passing data into the cell
00:29:01 : Seq: [69] Passing data into the cell
00:29:01 : Seq: [70] Passing data into the cell
00:29:02 : Seq: [71] Passing data into the cell
00:29:02 : Seq: [72] Passing data into the cell
00:29:03 : Seq: [73] Passing data into the cell
00:29:03 : Seq: [74] Passing data into the cell
00:29:04 : Seq: [75] Passing data into the cell
00:29:04 : Seq: [76] Passing data into the cell
00:29:04 : Seq: [77] Passing data into the cell
00:29:05 : Seq: [78] Passing data into the cell
00:29:05 : Seq: [79] Passing data into the cell
00:29:06 : Seq: [80] Passing data into the cell
00:29:06 : Seq: [81] Passing data into the cell
00:29:07 : Seq: [82] Passing data into the cell
00:29:07 : Seq: [83] Passing data into the cell
00:29:07 : Seq: [84] Passing data into the cell
00:29:08 : Seq: [85] Passing data into the cell
00:29:08 : Seq: [86] Passing data into the cell
00:29:09 : Seq: [87] Passing data into the cell
00:29:09 : Seq: [88] Passing data into the cell
00:29:10 : Seq: [89] Passing data into the cell
00:29:10 : Seq: [90] Passing data into the cell
00:29:11 : Seq: [91] Passing data into the cell
00:29:11 : Seq: [92] Passing data into the cell
00:29:12 : Seq: [93] Passing data into the cell
00:29:12 : Seq: [94] Passing data into the cell
00:29:12 : Seq: [95] Passing data into the cell
00:29:13 : Seq: [96] Passing data into the cell
00:29:13 : Seq: [97] Passing data into the cell
00:29:14 : Seq: [98] Passing data into the cell
00:29:14 : Seq: [99] Passing data into the cell
00:29:14 : Defining Loss
00:29:14 : Total number of variables used  5001333
00:29:14 : Defining optimizer
00:31:57 : Finished Definining Model
00:31:57 : Loading Data
00:32:02 : Starting Session
I tensorflow/core/common_runtime/gpu/gpu_device.cc:885] Found device 0 with properties: 
name: Tesla K40m
major: 3 minor: 5 memoryClockRate (GHz) 0.745
pciBusID 0000:08:00.0
Total memory: 11.17GiB
Free memory: 11.10GiB
I tensorflow/core/common_runtime/gpu/gpu_device.cc:906] DMA: 0 
I tensorflow/core/common_runtime/gpu/gpu_device.cc:916] 0:   Y 
I tensorflow/core/common_runtime/gpu/gpu_device.cc:975] Creating TensorFlow device (/gpu:0) -> (device: 0, name: Tesla K40m, pci bus id: 0000:08:00.0)
00:32:02 : Started Session
I tensorflow/compiler/xla/service/platform_util.cc:58] platform CUDA present with 1 visible devices
I tensorflow/compiler/xla/service/platform_util.cc:58] platform Host present with 20 visible devices
I tensorflow/compiler/xla/service/service.cc:180] XLA service executing computations on platform Host. Devices:
I tensorflow/compiler/xla/service/service.cc:187]   StreamExecutor device (0): <undefined>, <undefined>
I tensorflow/compiler/xla/service/platform_util.cc:58] platform CUDA present with 1 visible devices
I tensorflow/compiler/xla/service/platform_util.cc:58] platform Host present with 20 visible devices
I tensorflow/compiler/xla/service/service.cc:180] XLA service executing computations on platform CUDA. Devices:
I tensorflow/compiler/xla/service/service.cc:187]   StreamExecutor device (0): Tesla K40m, Compute Capability 3.5
00:33:15 : Finished Initialization
00:37:13 : Train Writer Finished
00:37:13 : Namespace(augment=True, batch_size=16, batches_validation=5, class_difficulty='easy', controller_type='alex', data_dir='../../images_background', dataset_type='kinetics_dynamic', debug=True, image_height=128, image_width=128, label_type='one_hot', learning_rate=0.001, memory_size=128, memory_vector_dim=40, mode='train', model='MANN', model_save_freq=500, model_saver=False, n_classes=25, n_test_classes=423, n_train_classes=1200, num_epoches=1000, optimizer='adam', output_dim=25, read_head_num=4, restore_training=False, rnn_num_layers=1, rnn_size=200, sample_nframes=64, save_dir='job_outputs/experiments', seq_length=100, serialize=True, shift_range=1, summary_writer=True, tensorboard_dir='./summary/one_shot_learning', test_batch_num=100, tf_debug_flag=False, use_pretrained=False, use_subset_classes=True, validation_freq=25, write_head_num=1)
00:37:13 : 1st	2nd	3rd	4th	5th	6th	7th	8th	9th	10th	batch	loss
00:38:01 :	0.0362	0.0350	0.0395	0.0377	0.0370	0.0399	0.0276	
00:38:01 :	1959	1802	1492	1113	729	451	254	0	319.1197
00:38:01 : [0] Fetch Batch
00:38:06 : [0] Run Sess
00:38:24 : [0] Learning Loss: 318.832
00:38:24 : [1] Fetch Batch
00:38:29 : [1] Run Sess
00:38:34 : [1] Learning Loss: 336.251
00:38:34 : [2] Fetch Batch
00:38:38 : [2] Run Sess
00:38:43 : [2] Learning Loss: 318.325
00:38:43 : [3] Fetch Batch
00:38:47 : [3] Run Sess
00:38:53 : [3] Learning Loss: 318.329
00:38:53 : [4] Fetch Batch
00:38:56 : [4] Run Sess
00:39:01 : [4] Learning Loss: 320.189
00:39:01 : [5] Fetch Batch
00:39:04 : [5] Run Sess
00:39:09 : [5] Learning Loss: 317.504
00:39:09 : [6] Fetch Batch
00:39:12 : [6] Run Sess
00:39:17 : [6] Learning Loss: 316.392
00:39:17 : [7] Fetch Batch
00:39:20 : [7] Run Sess
00:39:26 : [7] Learning Loss: 318.540
00:39:26 : [8] Fetch Batch
00:39:28 : [8] Run Sess
00:39:34 : [8] Learning Loss: 316.734
00:39:34 : [9] Fetch Batch
00:39:36 : [9] Run Sess
00:39:42 : [9] Learning Loss: 317.728
00:39:42 : [10] Fetch Batch
00:39:45 : [10] Run Sess
00:39:50 : [10] Learning Loss: 316.478
00:39:50 : [11] Fetch Batch
00:39:53 : [11] Run Sess
00:39:58 : [11] Learning Loss: 315.637
00:39:58 : [12] Fetch Batch
00:40:01 : [12] Run Sess
00:40:06 : [12] Learning Loss: 316.535
00:40:06 : [13] Fetch Batch
00:40:09 : [13] Run Sess
00:40:14 : [13] Learning Loss: 317.951
00:40:14 : [14] Fetch Batch
00:40:18 : [14] Run Sess
00:40:23 : [14] Learning Loss: 317.067
00:40:23 : [15] Fetch Batch
00:40:26 : [15] Run Sess
00:40:31 : [15] Learning Loss: 316.431
00:40:31 : [16] Fetch Batch
00:40:34 : [16] Run Sess
00:40:39 : [16] Learning Loss: 315.357
00:40:39 : [17] Fetch Batch
00:40:42 : [17] Run Sess
00:40:47 : [17] Learning Loss: 315.301
00:40:47 : [18] Fetch Batch
00:40:50 : [18] Run Sess
00:40:56 : [18] Learning Loss: 315.889
00:40:56 : [19] Fetch Batch
00:40:58 : [19] Run Sess
00:41:04 : [19] Learning Loss: 315.044
00:41:04 : [20] Fetch Batch
00:41:07 : [20] Run Sess
00:41:12 : [20] Learning Loss: 314.104
00:41:12 : [21] Fetch Batch
00:41:15 : [21] Run Sess
00:41:20 : [21] Learning Loss: 314.821
00:41:20 : [22] Fetch Batch
00:41:23 : [22] Run Sess
00:41:28 : [22] Learning Loss: 314.768
00:41:28 : [23] Fetch Batch
00:41:31 : [23] Run Sess
00:41:36 : [23] Learning Loss: 314.325
00:41:36 : [24] Fetch Batch
00:41:39 : [24] Run Sess
00:41:44 : [24] Learning Loss: 315.098
00:42:18 :	0.1537	0.2020	0.2067	0.2093	0.1964	0.1741	0.2133	
00:42:18 :	1971	1832	1529	1123	728	425	211	25	314.2429
00:42:18 : [25] Fetch Batch
00:42:21 : [25] Run Sess
00:42:26 : [25] Learning Loss: 313.852
00:42:26 : [26] Fetch Batch
00:42:29 : [26] Run Sess
00:42:34 : [26] Learning Loss: 313.994
00:42:34 : [27] Fetch Batch
00:42:38 : [27] Run Sess
00:42:43 : [27] Learning Loss: 313.992
00:42:43 : [28] Fetch Batch
00:42:46 : [28] Run Sess
00:42:51 : [28] Learning Loss: 313.586
00:42:51 : [29] Fetch Batch
00:42:53 : [29] Run Sess
00:42:59 : [29] Learning Loss: 312.715
00:42:59 : [30] Fetch Batch
00:43:01 : [30] Run Sess
00:43:07 : [30] Learning Loss: 313.553
00:43:07 : [31] Fetch Batch
00:43:09 : [31] Run Sess
00:43:14 : [31] Learning Loss: 311.954
00:43:14 : [32] Fetch Batch
00:43:17 : [32] Run Sess
00:43:22 : [32] Learning Loss: 312.145
00:43:22 : [33] Fetch Batch
00:43:25 : [33] Run Sess
00:43:31 : [33] Learning Loss: 311.736
00:43:31 : [34] Fetch Batch
00:43:34 : [34] Run Sess
00:43:39 : [34] Learning Loss: 311.417
00:43:39 : [35] Fetch Batch
00:43:42 : [35] Run Sess
00:43:47 : [35] Learning Loss: 310.844
00:43:47 : [36] Fetch Batch
00:43:50 : [36] Run Sess
00:43:55 : [36] Learning Loss: 310.558
00:43:55 : [37] Fetch Batch
00:43:58 : [37] Run Sess
00:44:04 : [37] Learning Loss: 310.665
00:44:04 : [38] Fetch Batch
00:44:07 : [38] Run Sess
00:44:12 : [38] Learning Loss: 310.221
00:44:12 : [39] Fetch Batch
00:44:15 : [39] Run Sess
00:44:20 : [39] Learning Loss: 310.481
00:44:20 : [40] Fetch Batch
00:44:23 : [40] Run Sess
00:44:28 : [40] Learning Loss: 309.934
00:44:28 : [41] Fetch Batch
00:44:31 : [41] Run Sess
00:44:36 : [41] Learning Loss: 309.805
00:44:36 : [42] Fetch Batch
00:44:39 : [42] Run Sess
00:44:45 : [42] Learning Loss: 308.892
00:44:45 : [43] Fetch Batch
00:44:48 : [43] Run Sess
00:44:53 : [43] Learning Loss: 308.289
00:44:53 : [44] Fetch Batch
00:44:56 : [44] Run Sess
00:45:01 : [44] Learning Loss: 308.430
00:45:01 : [45] Fetch Batch
00:45:04 : [45] Run Sess
00:45:10 : [45] Learning Loss: 308.808
00:45:10 : [46] Fetch Batch
00:45:12 : [46] Run Sess
00:45:18 : [46] Learning Loss: 307.516
00:45:18 : [47] Fetch Batch
00:45:21 : [47] Run Sess
00:45:26 : [47] Learning Loss: 307.323
00:45:26 : [48] Fetch Batch
00:45:29 : [48] Run Sess
00:45:34 : [48] Learning Loss: 306.128
00:45:34 : [49] Fetch Batch
00:45:37 : [49] Run Sess
00:45:42 : [49] Learning Loss: 306.402
00:46:17 :	0.2074	0.2337	0.2182	0.1904	0.1629	0.1790	0.2037	
00:46:17 :	1958	1806	1503	1140	749	447	216	50	306.3423
00:46:17 : [50] Fetch Batch
00:46:20 : [50] Run Sess
00:46:26 : [50] Learning Loss: 304.797
00:46:26 : [51] Fetch Batch
00:46:28 : [51] Run Sess
00:46:34 : [51] Learning Loss: 307.451
00:46:34 : [52] Fetch Batch
00:46:37 : [52] Run Sess
00:46:42 : [52] Learning Loss: 305.956
00:46:42 : [53] Fetch Batch
00:46:45 : [53] Run Sess
00:46:51 : [53] Learning Loss: 305.372
00:46:51 : [54] Fetch Batch
00:46:53 : [54] Run Sess
00:46:59 : [54] Learning Loss: 304.337
00:46:59 : [55] Fetch Batch
00:47:02 : [55] Run Sess
00:47:07 : [55] Learning Loss: 303.263
00:47:07 : [56] Fetch Batch
00:47:10 : [56] Run Sess
00:47:15 : [56] Learning Loss: 302.140
00:47:15 : [57] Fetch Batch
00:47:18 : [57] Run Sess
00:47:23 : [57] Learning Loss: 302.493
00:47:23 : [58] Fetch Batch
00:47:26 : [58] Run Sess
00:47:31 : [58] Learning Loss: 301.081
00:47:31 : [59] Fetch Batch
00:47:34 : [59] Run Sess
00:47:39 : [59] Learning Loss: 300.290
00:47:39 : [60] Fetch Batch
00:47:42 : [60] Run Sess
00:47:48 : [60] Learning Loss: 300.082
00:47:48 : [61] Fetch Batch
00:47:51 : [61] Run Sess
00:47:56 : [61] Learning Loss: 299.063
00:47:56 : [62] Fetch Batch
00:47:59 : [62] Run Sess
00:48:04 : [62] Learning Loss: 298.074
00:48:04 : [63] Fetch Batch
00:48:08 : [63] Run Sess
00:48:13 : [63] Learning Loss: 296.758
00:48:13 : [64] Fetch Batch
00:48:16 : [64] Run Sess
slurmstepd: error: *** JOB 756220 ON c223-104 CANCELLED AT 2017-12-05T00:48:16 ***
