I tensorflow/stream_executor/dso_loader.cc:135] successfully opened CUDA library libcublas.so.8.0 locally
I tensorflow/stream_executor/dso_loader.cc:135] successfully opened CUDA library libcudnn.so.5 locally
I tensorflow/stream_executor/dso_loader.cc:135] successfully opened CUDA library libcufft.so.8.0 locally
I tensorflow/stream_executor/dso_loader.cc:135] successfully opened CUDA library libcuda.so.1 locally
I tensorflow/stream_executor/dso_loader.cc:135] successfully opened CUDA library libcurand.so.8.0 locally
/home/03858/kk28695/.local/lib/python3.5/site-packages/skvideo/__init__.py:356: UserWarning: avconv/avprobe not found in path: 
  warnings.warn("avconv/avprobe not found in path: " + str(path), UserWarning)
11:33:27 : Args:  Namespace(augment=True, batch_size=16, batches_validation=5, class_difficulty='hard', controller_type='alex', data_dir='../../images_background', dataset_type='kinetics_dynamic', debug=True, image_height=128, image_width=128, label_type='one_hot', learning_rate=0.001, memory_size=128, memory_vector_dim=40, mode='train', model='MANN', model_save_freq=500, model_saver=False, n_classes=25, n_test_classes=423, n_train_classes=1200, num_epoches=1000, optimizer='adam', read_head_num=4, restore_training=False, rnn_num_layers=1, rnn_size=200, sample_nframes=64, save_dir='job_outputs/experiments', seq_length=100, serialize=True, shift_range=1, summary_writer=True, tensorboard_dir='./summary/one_shot_learning', test_batch_num=100, tf_debug_flag=False, use_pretrained=False, use_subset_classes=True, validation_freq=25, write_head_num=1)
11:33:27 : controller:alex_dataset:kinetics_dynamic_nclasses:25_seqlength:100_pretrained:False_classdifficulty:hard
11:33:27 : Loading in Model
11:33:27 : Creating Placeholders
11:33:27 : Creating Cells
11:33:29 : WARNING: Using non-pretrained Alexnet
11:33:29 : Looping through seq
11:33:29 : Seq: [0] Passing data into the cell
11:33:30 : Seq: [1] Passing data into the cell
11:33:30 : Seq: [2] Passing data into the cell
11:33:31 : Seq: [3] Passing data into the cell
11:33:31 : Seq: [4] Passing data into the cell
11:33:32 : Seq: [5] Passing data into the cell
11:33:32 : Seq: [6] Passing data into the cell
11:33:33 : Seq: [7] Passing data into the cell
11:33:33 : Seq: [8] Passing data into the cell
11:33:33 : Seq: [9] Passing data into the cell
11:33:34 : Seq: [10] Passing data into the cell
11:33:34 : Seq: [11] Passing data into the cell
11:33:35 : Seq: [12] Passing data into the cell
11:33:35 : Seq: [13] Passing data into the cell
11:33:36 : Seq: [14] Passing data into the cell
11:33:36 : Seq: [15] Passing data into the cell
11:33:37 : Seq: [16] Passing data into the cell
11:33:37 : Seq: [17] Passing data into the cell
11:33:37 : Seq: [18] Passing data into the cell
11:33:38 : Seq: [19] Passing data into the cell
11:33:38 : Seq: [20] Passing data into the cell
11:33:39 : Seq: [21] Passing data into the cell
11:33:39 : Seq: [22] Passing data into the cell
11:33:40 : Seq: [23] Passing data into the cell
11:33:40 : Seq: [24] Passing data into the cell
11:33:41 : Seq: [25] Passing data into the cell
11:33:41 : Seq: [26] Passing data into the cell
11:33:41 : Seq: [27] Passing data into the cell
11:33:42 : Seq: [28] Passing data into the cell
11:33:42 : Seq: [29] Passing data into the cell
11:33:43 : Seq: [30] Passing data into the cell
11:33:43 : Seq: [31] Passing data into the cell
11:33:44 : Seq: [32] Passing data into the cell
11:33:44 : Seq: [33] Passing data into the cell
11:33:45 : Seq: [34] Passing data into the cell
11:33:45 : Seq: [35] Passing data into the cell
11:33:45 : Seq: [36] Passing data into the cell
11:33:46 : Seq: [37] Passing data into the cell
11:33:46 : Seq: [38] Passing data into the cell
11:33:47 : Seq: [39] Passing data into the cell
11:33:47 : Seq: [40] Passing data into the cell
11:33:47 : Seq: [41] Passing data into the cell
11:33:48 : Seq: [42] Passing data into the cell
11:33:49 : Seq: [43] Passing data into the cell
11:33:49 : Seq: [44] Passing data into the cell
11:33:49 : Seq: [45] Passing data into the cell
11:33:50 : Seq: [46] Passing data into the cell
11:33:50 : Seq: [47] Passing data into the cell
11:33:51 : Seq: [48] Passing data into the cell
11:33:51 : Seq: [49] Passing data into the cell
11:33:52 : Seq: [50] Passing data into the cell
11:33:52 : Seq: [51] Passing data into the cell
11:33:52 : Seq: [52] Passing data into the cell
11:33:53 : Seq: [53] Passing data into the cell
11:33:53 : Seq: [54] Passing data into the cell
11:33:54 : Seq: [55] Passing data into the cell
11:33:54 : Seq: [56] Passing data into the cell
11:33:55 : Seq: [57] Passing data into the cell
11:33:55 : Seq: [58] Passing data into the cell
11:33:56 : Seq: [59] Passing data into the cell
11:33:56 : Seq: [60] Passing data into the cell
11:33:56 : Seq: [61] Passing data into the cell
11:33:57 : Seq: [62] Passing data into the cell
11:33:57 : Seq: [63] Passing data into the cell
11:33:58 : Seq: [64] Passing data into the cell
11:33:58 : Seq: [65] Passing data into the cell
11:33:59 : Seq: [66] Passing data into the cell
11:33:59 : Seq: [67] Passing data into the cell
11:33:59 : Seq: [68] Passing data into the cell
11:34:00 : Seq: [69] Passing data into the cell
11:34:01 : Seq: [70] Passing data into the cell
11:34:01 : Seq: [71] Passing data into the cell
11:34:01 : Seq: [72] Passing data into the cell
11:34:02 : Seq: [73] Passing data into the cell
11:34:02 : Seq: [74] Passing data into the cell
11:34:03 : Seq: [75] Passing data into the cell
11:34:03 : Seq: [76] Passing data into the cell
11:34:03 : Seq: [77] Passing data into the cell
11:34:04 : Seq: [78] Passing data into the cell
11:34:04 : Seq: [79] Passing data into the cell
11:34:05 : Seq: [80] Passing data into the cell
11:34:05 : Seq: [81] Passing data into the cell
11:34:06 : Seq: [82] Passing data into the cell
11:34:06 : Seq: [83] Passing data into the cell
11:34:06 : Seq: [84] Passing data into the cell
11:34:07 : Seq: [85] Passing data into the cell
11:34:07 : Seq: [86] Passing data into the cell
11:34:08 : Seq: [87] Passing data into the cell
11:34:08 : Seq: [88] Passing data into the cell
11:34:09 : Seq: [89] Passing data into the cell
11:34:09 : Seq: [90] Passing data into the cell
11:34:10 : Seq: [91] Passing data into the cell
11:34:10 : Seq: [92] Passing data into the cell
11:34:11 : Seq: [93] Passing data into the cell
11:34:11 : Seq: [94] Passing data into the cell
11:34:11 : Seq: [95] Passing data into the cell
11:34:12 : Seq: [96] Passing data into the cell
11:34:12 : Seq: [97] Passing data into the cell
11:34:13 : Seq: [98] Passing data into the cell
11:34:13 : Seq: [99] Passing data into the cell
11:34:14 : Defining Loss
11:34:14 : Total number of variables used  5001333
11:34:14 : Defining optimizer
11:36:52 : Finished Definining Model
11:36:52 : Loading Data
11:36:55 : Starting Session
I tensorflow/core/common_runtime/gpu/gpu_device.cc:885] Found device 0 with properties: 
name: Tesla K40m
major: 3 minor: 5 memoryClockRate (GHz) 0.745
pciBusID 0000:08:00.0
Total memory: 11.17GiB
Free memory: 11.10GiB
I tensorflow/core/common_runtime/gpu/gpu_device.cc:906] DMA: 0 
I tensorflow/core/common_runtime/gpu/gpu_device.cc:916] 0:   Y 
I tensorflow/core/common_runtime/gpu/gpu_device.cc:975] Creating TensorFlow device (/gpu:0) -> (device: 0, name: Tesla K40m, pci bus id: 0000:08:00.0)
11:36:56 : Started Session
I tensorflow/compiler/xla/service/platform_util.cc:58] platform CUDA present with 1 visible devices
I tensorflow/compiler/xla/service/platform_util.cc:58] platform Host present with 20 visible devices
I tensorflow/compiler/xla/service/service.cc:180] XLA service executing computations on platform Host. Devices:
I tensorflow/compiler/xla/service/service.cc:187]   StreamExecutor device (0): <undefined>, <undefined>
I tensorflow/compiler/xla/service/platform_util.cc:58] platform CUDA present with 1 visible devices
I tensorflow/compiler/xla/service/platform_util.cc:58] platform Host present with 20 visible devices
I tensorflow/compiler/xla/service/service.cc:180] XLA service executing computations on platform CUDA. Devices:
I tensorflow/compiler/xla/service/service.cc:187]   StreamExecutor device (0): Tesla K40m, Compute Capability 3.5
11:38:07 : Finished Initialization
11:42:03 : Train Writer Finished
11:42:03 : Namespace(augment=True, batch_size=16, batches_validation=5, class_difficulty='hard', controller_type='alex', data_dir='../../images_background', dataset_type='kinetics_dynamic', debug=True, image_height=128, image_width=128, label_type='one_hot', learning_rate=0.001, memory_size=128, memory_vector_dim=40, mode='train', model='MANN', model_save_freq=500, model_saver=False, n_classes=25, n_test_classes=423, n_train_classes=1200, num_epoches=1000, optimizer='adam', output_dim=25, read_head_num=4, restore_training=False, rnn_num_layers=1, rnn_size=200, sample_nframes=64, save_dir='job_outputs/experiments', seq_length=100, serialize=True, shift_range=1, summary_writer=True, tensorboard_dir='./summary/one_shot_learning', test_batch_num=100, tf_debug_flag=False, use_pretrained=False, use_subset_classes=True, validation_freq=25, write_head_num=1)
11:42:03 : 1st	2nd	3rd	4th	5th	6th	7th	8th	9th	10th	batch	loss
11:42:53 :	0.0429	0.0399	0.0397	0.0412	0.0531	0.0434	0.0402	
11:42:53 :	1957	1805	1512	1140	734	438	224	0	319.2510
11:42:53 : [0] Fetch Batch
Traceback (most recent call last):
  File "one_shot_learning.py", line 252, in <module>
    main()
  File "one_shot_learning.py", line 57, in main
    train(args)
  File "one_shot_learning.py", line 172, in train
    label_type=args.label_type)
  File "/work/03858/kk28695/maverick/FinalProj/kShotActionRecognition/src/input_loader.py", line 76, in fetch_batch
    classes = random.sample(self.int_label_set, num_unique_classes)
  File "/opt/apps/gcc4_9/python3/3.5.2/lib/python3.5/random.py", line 315, in sample
    raise ValueError("Sample larger than population")
ValueError: Sample larger than population
