I tensorflow/stream_executor/dso_loader.cc:135] successfully opened CUDA library libcublas.so.8.0 locally
I tensorflow/stream_executor/dso_loader.cc:135] successfully opened CUDA library libcudnn.so.5 locally
I tensorflow/stream_executor/dso_loader.cc:135] successfully opened CUDA library libcufft.so.8.0 locally
I tensorflow/stream_executor/dso_loader.cc:135] successfully opened CUDA library libcuda.so.1 locally
I tensorflow/stream_executor/dso_loader.cc:135] successfully opened CUDA library libcurand.so.8.0 locally
/home/03858/kk28695/.local/lib/python3.5/site-packages/skvideo/__init__.py:356: UserWarning: avconv/avprobe not found in path: 
  warnings.warn("avconv/avprobe not found in path: " + str(path), UserWarning)
11:27:35 : Args:  Namespace(augment=True, batch_size=16, batches_validation=5, class_difficulty='medium', controller_type='alex', data_dir='../../images_background', dataset_type='kinetics_dynamic', debug=True, image_height=128, image_width=128, label_type='one_hot', learning_rate=0.001, memory_size=128, memory_vector_dim=40, mode='train', model='MANN', model_save_freq=500, model_saver=False, n_classes=25, n_test_classes=423, n_train_classes=1200, num_epoches=1000, optimizer='adam', read_head_num=4, restore_training=False, rnn_num_layers=1, rnn_size=200, sample_nframes=64, save_dir='job_outputs/experiments', seq_length=100, serialize=True, shift_range=1, summary_writer=True, tensorboard_dir='./summary/one_shot_learning', test_batch_num=100, tf_debug_flag=False, use_pretrained=False, use_subset_classes=True, validation_freq=25, write_head_num=1)
11:27:35 : controller:alex_dataset:kinetics_dynamic_nclasses:25_seqlength:100_pretrained:False_classdifficulty:medium
11:27:35 : Loading in Model
11:27:35 : Creating Placeholders
11:27:35 : Creating Cells
11:27:37 : WARNING: Using non-pretrained Alexnet
11:27:37 : Looping through seq
11:27:37 : Seq: [0] Passing data into the cell
11:27:38 : Seq: [1] Passing data into the cell
11:27:38 : Seq: [2] Passing data into the cell
11:27:39 : Seq: [3] Passing data into the cell
11:27:39 : Seq: [4] Passing data into the cell
11:27:40 : Seq: [5] Passing data into the cell
11:27:40 : Seq: [6] Passing data into the cell
11:27:40 : Seq: [7] Passing data into the cell
11:27:41 : Seq: [8] Passing data into the cell
11:27:41 : Seq: [9] Passing data into the cell
11:27:42 : Seq: [10] Passing data into the cell
11:27:42 : Seq: [11] Passing data into the cell
11:27:43 : Seq: [12] Passing data into the cell
11:27:43 : Seq: [13] Passing data into the cell
11:27:44 : Seq: [14] Passing data into the cell
11:27:44 : Seq: [15] Passing data into the cell
11:27:44 : Seq: [16] Passing data into the cell
11:27:45 : Seq: [17] Passing data into the cell
11:27:45 : Seq: [18] Passing data into the cell
11:27:46 : Seq: [19] Passing data into the cell
11:27:46 : Seq: [20] Passing data into the cell
11:27:47 : Seq: [21] Passing data into the cell
11:27:47 : Seq: [22] Passing data into the cell
11:27:47 : Seq: [23] Passing data into the cell
11:27:48 : Seq: [24] Passing data into the cell
11:27:48 : Seq: [25] Passing data into the cell
11:27:49 : Seq: [26] Passing data into the cell
11:27:49 : Seq: [27] Passing data into the cell
11:27:50 : Seq: [28] Passing data into the cell
11:27:50 : Seq: [29] Passing data into the cell
11:27:51 : Seq: [30] Passing data into the cell
11:27:51 : Seq: [31] Passing data into the cell
11:27:52 : Seq: [32] Passing data into the cell
11:27:52 : Seq: [33] Passing data into the cell
11:27:52 : Seq: [34] Passing data into the cell
11:27:53 : Seq: [35] Passing data into the cell
11:27:53 : Seq: [36] Passing data into the cell
11:27:54 : Seq: [37] Passing data into the cell
11:27:54 : Seq: [38] Passing data into the cell
11:27:54 : Seq: [39] Passing data into the cell
11:27:55 : Seq: [40] Passing data into the cell
11:27:55 : Seq: [41] Passing data into the cell
11:27:56 : Seq: [42] Passing data into the cell
11:27:56 : Seq: [43] Passing data into the cell
11:27:57 : Seq: [44] Passing data into the cell
11:27:57 : Seq: [45] Passing data into the cell
11:27:58 : Seq: [46] Passing data into the cell
11:27:58 : Seq: [47] Passing data into the cell
11:27:58 : Seq: [48] Passing data into the cell
11:27:59 : Seq: [49] Passing data into the cell
11:27:59 : Seq: [50] Passing data into the cell
11:28:00 : Seq: [51] Passing data into the cell
11:28:00 : Seq: [52] Passing data into the cell
11:28:01 : Seq: [53] Passing data into the cell
11:28:01 : Seq: [54] Passing data into the cell
11:28:02 : Seq: [55] Passing data into the cell
11:28:02 : Seq: [56] Passing data into the cell
11:28:02 : Seq: [57] Passing data into the cell
11:28:03 : Seq: [58] Passing data into the cell
11:28:03 : Seq: [59] Passing data into the cell
11:28:04 : Seq: [60] Passing data into the cell
11:28:04 : Seq: [61] Passing data into the cell
11:28:05 : Seq: [62] Passing data into the cell
11:28:05 : Seq: [63] Passing data into the cell
11:28:05 : Seq: [64] Passing data into the cell
11:28:06 : Seq: [65] Passing data into the cell
11:28:06 : Seq: [66] Passing data into the cell
11:28:07 : Seq: [67] Passing data into the cell
11:28:07 : Seq: [68] Passing data into the cell
11:28:07 : Seq: [69] Passing data into the cell
11:28:08 : Seq: [70] Passing data into the cell
11:28:09 : Seq: [71] Passing data into the cell
11:28:09 : Seq: [72] Passing data into the cell
11:28:09 : Seq: [73] Passing data into the cell
11:28:10 : Seq: [74] Passing data into the cell
11:28:10 : Seq: [75] Passing data into the cell
11:28:11 : Seq: [76] Passing data into the cell
11:28:11 : Seq: [77] Passing data into the cell
11:28:12 : Seq: [78] Passing data into the cell
11:28:12 : Seq: [79] Passing data into the cell
11:28:12 : Seq: [80] Passing data into the cell
11:28:13 : Seq: [81] Passing data into the cell
11:28:13 : Seq: [82] Passing data into the cell
11:28:14 : Seq: [83] Passing data into the cell
11:28:14 : Seq: [84] Passing data into the cell
11:28:14 : Seq: [85] Passing data into the cell
11:28:15 : Seq: [86] Passing data into the cell
11:28:15 : Seq: [87] Passing data into the cell
11:28:16 : Seq: [88] Passing data into the cell
11:28:16 : Seq: [89] Passing data into the cell
11:28:17 : Seq: [90] Passing data into the cell
11:28:17 : Seq: [91] Passing data into the cell
11:28:18 : Seq: [92] Passing data into the cell
11:28:18 : Seq: [93] Passing data into the cell
11:28:19 : Seq: [94] Passing data into the cell
11:28:19 : Seq: [95] Passing data into the cell
11:28:19 : Seq: [96] Passing data into the cell
11:28:20 : Seq: [97] Passing data into the cell
11:28:20 : Seq: [98] Passing data into the cell
11:28:21 : Seq: [99] Passing data into the cell
11:28:21 : Defining Loss
11:28:21 : Total number of variables used  5001333
11:28:21 : Defining optimizer
11:30:58 : Finished Definining Model
11:30:58 : Loading Data
11:31:02 : Starting Session
I tensorflow/core/common_runtime/gpu/gpu_device.cc:885] Found device 0 with properties: 
name: Tesla K40m
major: 3 minor: 5 memoryClockRate (GHz) 0.745
pciBusID 0000:08:00.0
Total memory: 11.17GiB
Free memory: 11.10GiB
I tensorflow/core/common_runtime/gpu/gpu_device.cc:906] DMA: 0 
I tensorflow/core/common_runtime/gpu/gpu_device.cc:916] 0:   Y 
I tensorflow/core/common_runtime/gpu/gpu_device.cc:975] Creating TensorFlow device (/gpu:0) -> (device: 0, name: Tesla K40m, pci bus id: 0000:08:00.0)
11:31:03 : Started Session
I tensorflow/compiler/xla/service/platform_util.cc:58] platform CUDA present with 1 visible devices
I tensorflow/compiler/xla/service/platform_util.cc:58] platform Host present with 20 visible devices
I tensorflow/compiler/xla/service/service.cc:180] XLA service executing computations on platform Host. Devices:
I tensorflow/compiler/xla/service/service.cc:187]   StreamExecutor device (0): <undefined>, <undefined>
I tensorflow/compiler/xla/service/platform_util.cc:58] platform CUDA present with 1 visible devices
I tensorflow/compiler/xla/service/platform_util.cc:58] platform Host present with 20 visible devices
I tensorflow/compiler/xla/service/service.cc:180] XLA service executing computations on platform CUDA. Devices:
I tensorflow/compiler/xla/service/service.cc:187]   StreamExecutor device (0): Tesla K40m, Compute Capability 3.5
11:32:13 : Finished Initialization
11:36:07 : Train Writer Finished
11:36:07 : Namespace(augment=True, batch_size=16, batches_validation=5, class_difficulty='medium', controller_type='alex', data_dir='../../images_background', dataset_type='kinetics_dynamic', debug=True, image_height=128, image_width=128, label_type='one_hot', learning_rate=0.001, memory_size=128, memory_vector_dim=40, mode='train', model='MANN', model_save_freq=500, model_saver=False, n_classes=25, n_test_classes=423, n_train_classes=1200, num_epoches=1000, optimizer='adam', output_dim=25, read_head_num=4, restore_training=False, rnn_num_layers=1, rnn_size=200, sample_nframes=64, save_dir='job_outputs/experiments', seq_length=100, serialize=True, shift_range=1, summary_writer=True, tensorboard_dir='./summary/one_shot_learning', test_batch_num=100, tf_debug_flag=False, use_pretrained=False, use_subset_classes=True, validation_freq=25, write_head_num=1)
11:36:07 : 1st	2nd	3rd	4th	5th	6th	7th	8th	9th	10th	batch	loss
11:36:52 :	0.0342	0.0327	0.0415	0.0470	0.0411	0.0419	0.0429	
11:36:52 :	1960	1803	1495	1128	755	453	233	0	319.1135
11:36:52 : [0] Fetch Batch
11:37:00 : [0] Run Sess
11:37:18 : [0] Learning Loss: 319.936
11:37:18 : [1] Fetch Batch
11:37:24 : [1] Run Sess
11:37:30 : [1] Learning Loss: 319.975
11:37:30 : [2] Fetch Batch
11:37:34 : [2] Run Sess
11:37:39 : [2] Learning Loss: 321.006
11:37:39 : [3] Fetch Batch
11:37:42 : [3] Run Sess
11:37:47 : [3] Learning Loss: 319.414
11:37:47 : [4] Fetch Batch
11:37:51 : [4] Run Sess
11:37:56 : [4] Learning Loss: 318.818
11:37:56 : [5] Fetch Batch
11:37:59 : [5] Run Sess
11:38:04 : [5] Learning Loss: 317.540
11:38:04 : [6] Fetch Batch
11:38:07 : [6] Run Sess
11:38:12 : [6] Learning Loss: 317.979
11:38:12 : [7] Fetch Batch
11:38:15 : [7] Run Sess
11:38:20 : [7] Learning Loss: 317.999
11:38:20 : [8] Fetch Batch
11:38:23 : [8] Run Sess
11:38:28 : [8] Learning Loss: 318.040
11:38:28 : [9] Fetch Batch
11:38:31 : [9] Run Sess
11:38:36 : [9] Learning Loss: 316.922
11:38:36 : [10] Fetch Batch
11:38:38 : [10] Run Sess
11:38:43 : [10] Learning Loss: 317.624
11:38:43 : [11] Fetch Batch
11:38:47 : [11] Run Sess
11:38:52 : [11] Learning Loss: 316.167
11:38:52 : [12] Fetch Batch
11:38:55 : [12] Run Sess
11:39:00 : [12] Learning Loss: 316.184
11:39:00 : [13] Fetch Batch
11:39:03 : [13] Run Sess
11:39:08 : [13] Learning Loss: 315.863
11:39:08 : [14] Fetch Batch
11:39:11 : [14] Run Sess
11:39:16 : [14] Learning Loss: 315.321
11:39:16 : [15] Fetch Batch
11:39:18 : [15] Run Sess
11:39:23 : [15] Learning Loss: 316.834
11:39:23 : [16] Fetch Batch
11:39:26 : [16] Run Sess
11:39:31 : [16] Learning Loss: 315.533
11:39:31 : [17] Fetch Batch
11:39:34 : [17] Run Sess
11:39:39 : [17] Learning Loss: 316.373
11:39:39 : [18] Fetch Batch
11:39:42 : [18] Run Sess
11:39:47 : [18] Learning Loss: 314.984
11:39:47 : [19] Fetch Batch
11:39:50 : [19] Run Sess
11:39:55 : [19] Learning Loss: 314.724
11:39:55 : [20] Fetch Batch
11:39:58 : [20] Run Sess
11:40:03 : [20] Learning Loss: 314.857
11:40:03 : [21] Fetch Batch
11:40:06 : [21] Run Sess
11:40:11 : [21] Learning Loss: 315.116
11:40:11 : [22] Fetch Batch
11:40:14 : [22] Run Sess
11:40:19 : [22] Learning Loss: 314.735
11:40:19 : [23] Fetch Batch
11:40:22 : [23] Run Sess
11:40:27 : [23] Learning Loss: 315.713
11:40:27 : [24] Fetch Batch
11:40:30 : [24] Run Sess
11:40:35 : [24] Learning Loss: 313.862
11:41:08 :	0.1410	0.1639	0.1462	0.1520	0.1504	0.1439	0.1360	
11:41:08 :	1964	1824	1505	1138	758	410	228	25	314.0513
11:41:08 : [25] Fetch Batch
11:41:10 : [25] Run Sess
11:41:15 : [25] Learning Loss: 314.257
11:41:15 : [26] Fetch Batch
11:41:18 : [26] Run Sess
11:41:24 : [26] Learning Loss: 313.132
11:41:24 : [27] Fetch Batch
11:41:26 : [27] Run Sess
11:41:31 : [27] Learning Loss: 313.075
11:41:31 : [28] Fetch Batch
11:41:34 : [28] Run Sess
11:41:39 : [28] Learning Loss: 312.903
11:41:39 : [29] Fetch Batch
11:41:42 : [29] Run Sess
11:41:47 : [29] Learning Loss: 312.447
11:41:47 : [30] Fetch Batch
11:41:50 : [30] Run Sess
11:41:55 : [30] Learning Loss: 313.549
11:41:55 : [31] Fetch Batch
11:41:58 : [31] Run Sess
11:42:03 : [31] Learning Loss: 312.650
11:42:03 : [32] Fetch Batch
11:42:05 : [32] Run Sess
11:42:10 : [32] Learning Loss: 312.442
11:42:10 : [33] Fetch Batch
11:42:13 : [33] Run Sess
11:42:18 : [33] Learning Loss: 311.795
11:42:18 : [34] Fetch Batch
11:42:21 : [34] Run Sess
11:42:26 : [34] Learning Loss: 312.755
11:42:26 : [35] Fetch Batch
11:42:30 : [35] Run Sess
11:42:35 : [35] Learning Loss: 311.399
11:42:35 : [36] Fetch Batch
11:42:39 : [36] Run Sess
11:42:44 : [36] Learning Loss: 311.631
11:42:44 : [37] Fetch Batch
11:42:49 : [37] Run Sess
11:42:54 : [37] Learning Loss: 310.971
11:42:54 : [38] Fetch Batch
Traceback (most recent call last):
  File "one_shot_learning.py", line 252, in <module>
    main()
  File "one_shot_learning.py", line 57, in main
    train(args)
  File "one_shot_learning.py", line 172, in train
    label_type=args.label_type)
  File "/work/03858/kk28695/maverick/FinalProj/kShotActionRecognition/src/input_loader.py", line 102, in fetch_batch
    for i in range(batch_size * seq_length)])
  File "/work/03858/kk28695/maverick/FinalProj/kShotActionRecognition/src/input_loader.py", line 102, in <listcomp>
    for i in range(batch_size * seq_length)])
  File "/work/03858/kk28695/maverick/FinalProj/kShotActionRecognition/src/input_loader.py", line 51, in get_input
    rep = util.find_dynamic_image(filename, resize=(self.im_size, self.im_size))
  File "/work/03858/kk28695/maverick/FinalProj/kShotActionRecognition/src/util.py", line 168, in find_dynamic_image
    raise IOError("Dynamic image for video {} does not exist".format(filename))
OSError: Dynamic image for video ../data/kinetics_train/videos/playing ukulele/cBW1mEj99Uc_000080_000090.mp4 does not exist
